DEBUG:gtts.tts:text: I D S Project 2 point O activated!
DEBUG:gtts.tts:tld: com
DEBUG:gtts.tts:lang: en-uk
DEBUG:gtts.tts:slow: False
DEBUG:gtts.tts:lang_check: True
DEBUG:gtts.tts:pre_processor_funcs: [<function tone_marks at 0x10c7d6670>, <function end_of_line at 0x10c7d6f70>, <function abbreviations at 0x10c813040>, <function word_sub at 0x10c8130d0>]
DEBUG:gtts.tts:tokenizer_func: <bound method Tokenizer.run of re.compile('(?<=\\?).|(?<=!).|(?<=？).|(?<=！).|(?<!\\.[a-z])\\. |(?<!\\.[a-z]), |(?<!\\d):|;|—|、|،|，|…|\\\n|‥|\\]|\\(|：|。|¿|\\[|¡|\\)', re.IGNORECASE) from: [<function tone_marks at 0x10c8131f0>, <function period_comma at 0x10c813280>, <function colon at 0x10c813310>, <function other_punctuation at 0x10c8133a0>]>
WARNING:gtts.lang:'en-uk' has been deprecated, falling back to 'en'. This fallback will be removed in a future version.
DEBUG:gtts.lang:langs: {'af': 'Afrikaans', 'ar': 'Arabic', 'bg': 'Bulgarian', 'bn': 'Bengali', 'bs': 'Bosnian', 'ca': 'Catalan', 'cs': 'Czech', 'cy': 'Welsh', 'da': 'Danish', 'de': 'German', 'el': 'Greek', 'en': 'English', 'eo': 'Esperanto', 'es': 'Spanish', 'et': 'Estonian', 'fi': 'Finnish', 'fr': 'French', 'gu': 'Gujarati', 'hi': 'Hindi', 'hr': 'Croatian', 'hu': 'Hungarian', 'hy': 'Armenian', 'id': 'Indonesian', 'is': 'Icelandic', 'it': 'Italian', 'ja': 'Japanese', 'jw': 'Javanese', 'km': 'Khmer', 'kn': 'Kannada', 'ko': 'Korean', 'la': 'Latin', 'lv': 'Latvian', 'mk': 'Macedonian', 'ml': 'Malayalam', 'mr': 'Marathi', 'my': 'Myanmar (Burmese)', 'ne': 'Nepali', 'nl': 'Dutch', 'no': 'Norwegian', 'pl': 'Polish', 'pt': 'Portuguese', 'ro': 'Romanian', 'ru': 'Russian', 'si': 'Sinhala', 'sk': 'Slovak', 'sq': 'Albanian', 'sr': 'Serbian', 'su': 'Sundanese', 'sv': 'Swedish', 'sw': 'Swahili', 'ta': 'Tamil', 'te': 'Telugu', 'th': 'Thai', 'tl': 'Filipino', 'tr': 'Turkish', 'uk': 'Ukrainian', 'ur': 'Urdu', 'vi': 'Vietnamese', 'zh-CN': 'Chinese', 'zh-TW': 'Chinese (Mandarin/Taiwan)', 'zh': 'Chinese (Mandarin)'}
DEBUG:gtts.tts:pre-processing: <function tone_marks at 0x10c7d6670>
DEBUG:gtts.tts:pre-processing: <function end_of_line at 0x10c7d6f70>
DEBUG:gtts.tts:pre-processing: <function abbreviations at 0x10c813040>
DEBUG:gtts.tts:pre-processing: <function word_sub at 0x10c8130d0>
DEBUG:gtts.tts:text_parts: ['I D S Project 2 point O activated!']
DEBUG:gtts.tts:text_parts: 1
DEBUG:gtts.tts:data-0: f.req=%5B%5B%5B%22jQ1olc%22%2C%22%5B%5C%22I%20D%20S%20Project%202%20point%20O%20activated%21%5C%22%2C%5C%22en%5C%22%2Cnull%2C%5C%22null%5C%22%5D%22%2Cnull%2C%22generic%22%5D%5D%5D&
DEBUG:urllib3.connectionpool:Starting new HTTPS connection (1): translate.google.com:443
DEBUG:urllib3.connectionpool:https://translate.google.com:443 "POST /_/TranslateWebserverUi/data/batchexecute HTTP/1.1" 200 None
DEBUG:gtts.tts:headers-0: {'Referer': 'http://translate.google.com/', 'User-Agent': 'Mozilla/5.0 (Windows NT 10.0; WOW64) AppleWebKit/537.36 (KHTML, like Gecko) Chrome/47.0.2526.106 Safari/537.36', 'Content-Type': 'application/x-www-form-urlencoded;charset=utf-8', 'Content-Length': '180'}
DEBUG:gtts.tts:url-0: https://translate.google.com/_/TranslateWebserverUi/data/batchexecute
DEBUG:gtts.tts:status-0: 200
DEBUG:gtts.tts:part-0 written to <_io.BufferedWriter name='audio.mp3'>
DEBUG:gtts.tts:Saved to audio.mp3
DEBUG:gtts.tts:text: Bye Bye
DEBUG:gtts.tts:tld: com
DEBUG:gtts.tts:lang: en-uk
DEBUG:gtts.tts:slow: False
DEBUG:gtts.tts:lang_check: True
DEBUG:gtts.tts:pre_processor_funcs: [<function tone_marks at 0x10c7d6670>, <function end_of_line at 0x10c7d6f70>, <function abbreviations at 0x10c813040>, <function word_sub at 0x10c8130d0>]
DEBUG:gtts.tts:tokenizer_func: <bound method Tokenizer.run of re.compile('(?<=\\?).|(?<=!).|(?<=？).|(?<=！).|(?<!\\.[a-z])\\. |(?<!\\.[a-z]), |(?<!\\d):|;|—|、|،|，|…|\\\n|‥|\\]|\\(|：|。|¿|\\[|¡|\\)', re.IGNORECASE) from: [<function tone_marks at 0x10c8131f0>, <function period_comma at 0x10c813280>, <function colon at 0x10c813310>, <function other_punctuation at 0x10c8133a0>]>
WARNING:gtts.lang:'en-uk' has been deprecated, falling back to 'en'. This fallback will be removed in a future version.
DEBUG:gtts.lang:langs: {'af': 'Afrikaans', 'ar': 'Arabic', 'bg': 'Bulgarian', 'bn': 'Bengali', 'bs': 'Bosnian', 'ca': 'Catalan', 'cs': 'Czech', 'cy': 'Welsh', 'da': 'Danish', 'de': 'German', 'el': 'Greek', 'en': 'English', 'eo': 'Esperanto', 'es': 'Spanish', 'et': 'Estonian', 'fi': 'Finnish', 'fr': 'French', 'gu': 'Gujarati', 'hi': 'Hindi', 'hr': 'Croatian', 'hu': 'Hungarian', 'hy': 'Armenian', 'id': 'Indonesian', 'is': 'Icelandic', 'it': 'Italian', 'ja': 'Japanese', 'jw': 'Javanese', 'km': 'Khmer', 'kn': 'Kannada', 'ko': 'Korean', 'la': 'Latin', 'lv': 'Latvian', 'mk': 'Macedonian', 'ml': 'Malayalam', 'mr': 'Marathi', 'my': 'Myanmar (Burmese)', 'ne': 'Nepali', 'nl': 'Dutch', 'no': 'Norwegian', 'pl': 'Polish', 'pt': 'Portuguese', 'ro': 'Romanian', 'ru': 'Russian', 'si': 'Sinhala', 'sk': 'Slovak', 'sq': 'Albanian', 'sr': 'Serbian', 'su': 'Sundanese', 'sv': 'Swedish', 'sw': 'Swahili', 'ta': 'Tamil', 'te': 'Telugu', 'th': 'Thai', 'tl': 'Filipino', 'tr': 'Turkish', 'uk': 'Ukrainian', 'ur': 'Urdu', 'vi': 'Vietnamese', 'zh-CN': 'Chinese', 'zh-TW': 'Chinese (Mandarin/Taiwan)', 'zh': 'Chinese (Mandarin)'}
DEBUG:gtts.tts:pre-processing: <function tone_marks at 0x10c7d6670>
DEBUG:gtts.tts:pre-processing: <function end_of_line at 0x10c7d6f70>
DEBUG:gtts.tts:pre-processing: <function abbreviations at 0x10c813040>
DEBUG:gtts.tts:pre-processing: <function word_sub at 0x10c8130d0>
DEBUG:gtts.tts:text_parts: ['Bye Bye']
DEBUG:gtts.tts:text_parts: 1
DEBUG:gtts.tts:data-0: f.req=%5B%5B%5B%22jQ1olc%22%2C%22%5B%5C%22Bye%20Bye%5C%22%2C%5C%22en%5C%22%2Cnull%2C%5C%22null%5C%22%5D%22%2Cnull%2C%22generic%22%5D%5D%5D&
DEBUG:urllib3.connectionpool:Starting new HTTPS connection (1): translate.google.com:443
DEBUG:urllib3.connectionpool:https://translate.google.com:443 "POST /_/TranslateWebserverUi/data/batchexecute HTTP/1.1" 200 None
DEBUG:gtts.tts:headers-0: {'Referer': 'http://translate.google.com/', 'User-Agent': 'Mozilla/5.0 (Windows NT 10.0; WOW64) AppleWebKit/537.36 (KHTML, like Gecko) Chrome/47.0.2526.106 Safari/537.36', 'Content-Type': 'application/x-www-form-urlencoded;charset=utf-8', 'Content-Length': '139'}
DEBUG:gtts.tts:url-0: https://translate.google.com/_/TranslateWebserverUi/data/batchexecute
DEBUG:gtts.tts:status-0: 200
DEBUG:gtts.tts:part-0 written to <_io.BufferedWriter name='audio.mp3'>
DEBUG:gtts.tts:Saved to audio.mp3
DEBUG:gtts.tts:text: I D S Project 2 point O activated!
DEBUG:gtts.tts:tld: com
DEBUG:gtts.tts:lang: en-uk
DEBUG:gtts.tts:slow: False
DEBUG:gtts.tts:lang_check: True
DEBUG:gtts.tts:pre_processor_funcs: [<function tone_marks at 0x10f953670>, <function end_of_line at 0x10f953f70>, <function abbreviations at 0x10f990040>, <function word_sub at 0x10f9900d0>]
DEBUG:gtts.tts:tokenizer_func: <bound method Tokenizer.run of re.compile('(?<=\\?).|(?<=!).|(?<=？).|(?<=！).|(?<!\\.[a-z])\\. |(?<!\\.[a-z]), |(?<!\\d):|¡|：|—|\\]|¿|、|\\(|،|\\[|\\)|…|。|\\\n|;|，|‥', re.IGNORECASE) from: [<function tone_marks at 0x10f9901f0>, <function period_comma at 0x10f990280>, <function colon at 0x10f990310>, <function other_punctuation at 0x10f9903a0>]>
WARNING:gtts.lang:'en-uk' has been deprecated, falling back to 'en'. This fallback will be removed in a future version.
DEBUG:gtts.lang:langs: {'af': 'Afrikaans', 'ar': 'Arabic', 'bg': 'Bulgarian', 'bn': 'Bengali', 'bs': 'Bosnian', 'ca': 'Catalan', 'cs': 'Czech', 'cy': 'Welsh', 'da': 'Danish', 'de': 'German', 'el': 'Greek', 'en': 'English', 'eo': 'Esperanto', 'es': 'Spanish', 'et': 'Estonian', 'fi': 'Finnish', 'fr': 'French', 'gu': 'Gujarati', 'hi': 'Hindi', 'hr': 'Croatian', 'hu': 'Hungarian', 'hy': 'Armenian', 'id': 'Indonesian', 'is': 'Icelandic', 'it': 'Italian', 'ja': 'Japanese', 'jw': 'Javanese', 'km': 'Khmer', 'kn': 'Kannada', 'ko': 'Korean', 'la': 'Latin', 'lv': 'Latvian', 'mk': 'Macedonian', 'ml': 'Malayalam', 'mr': 'Marathi', 'my': 'Myanmar (Burmese)', 'ne': 'Nepali', 'nl': 'Dutch', 'no': 'Norwegian', 'pl': 'Polish', 'pt': 'Portuguese', 'ro': 'Romanian', 'ru': 'Russian', 'si': 'Sinhala', 'sk': 'Slovak', 'sq': 'Albanian', 'sr': 'Serbian', 'su': 'Sundanese', 'sv': 'Swedish', 'sw': 'Swahili', 'ta': 'Tamil', 'te': 'Telugu', 'th': 'Thai', 'tl': 'Filipino', 'tr': 'Turkish', 'uk': 'Ukrainian', 'ur': 'Urdu', 'vi': 'Vietnamese', 'zh-CN': 'Chinese', 'zh-TW': 'Chinese (Mandarin/Taiwan)', 'zh': 'Chinese (Mandarin)'}
DEBUG:gtts.tts:pre-processing: <function tone_marks at 0x10f953670>
DEBUG:gtts.tts:pre-processing: <function end_of_line at 0x10f953f70>
DEBUG:gtts.tts:pre-processing: <function abbreviations at 0x10f990040>
DEBUG:gtts.tts:pre-processing: <function word_sub at 0x10f9900d0>
DEBUG:gtts.tts:text_parts: ['I D S Project 2 point O activated!']
DEBUG:gtts.tts:text_parts: 1
DEBUG:gtts.tts:data-0: f.req=%5B%5B%5B%22jQ1olc%22%2C%22%5B%5C%22I%20D%20S%20Project%202%20point%20O%20activated%21%5C%22%2C%5C%22en%5C%22%2Cnull%2C%5C%22null%5C%22%5D%22%2Cnull%2C%22generic%22%5D%5D%5D&
DEBUG:urllib3.connectionpool:Starting new HTTPS connection (1): translate.google.com:443
DEBUG:urllib3.connectionpool:https://translate.google.com:443 "POST /_/TranslateWebserverUi/data/batchexecute HTTP/1.1" 200 None
DEBUG:gtts.tts:headers-0: {'Referer': 'http://translate.google.com/', 'User-Agent': 'Mozilla/5.0 (Windows NT 10.0; WOW64) AppleWebKit/537.36 (KHTML, like Gecko) Chrome/47.0.2526.106 Safari/537.36', 'Content-Type': 'application/x-www-form-urlencoded;charset=utf-8', 'Content-Length': '180'}
DEBUG:gtts.tts:url-0: https://translate.google.com/_/TranslateWebserverUi/data/batchexecute
DEBUG:gtts.tts:status-0: 200
DEBUG:gtts.tts:part-0 written to <_io.BufferedWriter name='audio.mp3'>
DEBUG:gtts.tts:Saved to audio.mp3
DEBUG:gtts.tts:text: I D S Project 2 point O activated!
DEBUG:gtts.tts:tld: com
DEBUG:gtts.tts:lang: en-uk
DEBUG:gtts.tts:slow: False
DEBUG:gtts.tts:lang_check: True
DEBUG:gtts.tts:pre_processor_funcs: [<function tone_marks at 0x10e619670>, <function end_of_line at 0x10e619f70>, <function abbreviations at 0x10e656040>, <function word_sub at 0x10e6560d0>]
DEBUG:gtts.tts:tokenizer_func: <bound method Tokenizer.run of re.compile('(?<=\\?).|(?<=!).|(?<=？).|(?<=！).|(?<!\\.[a-z])\\. |(?<!\\.[a-z]), |(?<!\\d):|‥|、|;|\\(|،|\\[|\\\n|\\]|，|¡|¿|…|。|—|：|\\)', re.IGNORECASE) from: [<function tone_marks at 0x10e6561f0>, <function period_comma at 0x10e656280>, <function colon at 0x10e656310>, <function other_punctuation at 0x10e6563a0>]>
WARNING:gtts.lang:'en-uk' has been deprecated, falling back to 'en'. This fallback will be removed in a future version.
DEBUG:gtts.lang:langs: {'af': 'Afrikaans', 'ar': 'Arabic', 'bg': 'Bulgarian', 'bn': 'Bengali', 'bs': 'Bosnian', 'ca': 'Catalan', 'cs': 'Czech', 'cy': 'Welsh', 'da': 'Danish', 'de': 'German', 'el': 'Greek', 'en': 'English', 'eo': 'Esperanto', 'es': 'Spanish', 'et': 'Estonian', 'fi': 'Finnish', 'fr': 'French', 'gu': 'Gujarati', 'hi': 'Hindi', 'hr': 'Croatian', 'hu': 'Hungarian', 'hy': 'Armenian', 'id': 'Indonesian', 'is': 'Icelandic', 'it': 'Italian', 'ja': 'Japanese', 'jw': 'Javanese', 'km': 'Khmer', 'kn': 'Kannada', 'ko': 'Korean', 'la': 'Latin', 'lv': 'Latvian', 'mk': 'Macedonian', 'ml': 'Malayalam', 'mr': 'Marathi', 'my': 'Myanmar (Burmese)', 'ne': 'Nepali', 'nl': 'Dutch', 'no': 'Norwegian', 'pl': 'Polish', 'pt': 'Portuguese', 'ro': 'Romanian', 'ru': 'Russian', 'si': 'Sinhala', 'sk': 'Slovak', 'sq': 'Albanian', 'sr': 'Serbian', 'su': 'Sundanese', 'sv': 'Swedish', 'sw': 'Swahili', 'ta': 'Tamil', 'te': 'Telugu', 'th': 'Thai', 'tl': 'Filipino', 'tr': 'Turkish', 'uk': 'Ukrainian', 'ur': 'Urdu', 'vi': 'Vietnamese', 'zh-CN': 'Chinese', 'zh-TW': 'Chinese (Mandarin/Taiwan)', 'zh': 'Chinese (Mandarin)'}
DEBUG:gtts.tts:pre-processing: <function tone_marks at 0x10e619670>
DEBUG:gtts.tts:pre-processing: <function end_of_line at 0x10e619f70>
DEBUG:gtts.tts:pre-processing: <function abbreviations at 0x10e656040>
DEBUG:gtts.tts:pre-processing: <function word_sub at 0x10e6560d0>
DEBUG:gtts.tts:text_parts: ['I D S Project 2 point O activated!']
DEBUG:gtts.tts:text_parts: 1
DEBUG:gtts.tts:data-0: f.req=%5B%5B%5B%22jQ1olc%22%2C%22%5B%5C%22I%20D%20S%20Project%202%20point%20O%20activated%21%5C%22%2C%5C%22en%5C%22%2Cnull%2C%5C%22null%5C%22%5D%22%2Cnull%2C%22generic%22%5D%5D%5D&
DEBUG:urllib3.connectionpool:Starting new HTTPS connection (1): translate.google.com:443
DEBUG:urllib3.connectionpool:https://translate.google.com:443 "POST /_/TranslateWebserverUi/data/batchexecute HTTP/1.1" 200 None
DEBUG:gtts.tts:headers-0: {'Referer': 'http://translate.google.com/', 'User-Agent': 'Mozilla/5.0 (Windows NT 10.0; WOW64) AppleWebKit/537.36 (KHTML, like Gecko) Chrome/47.0.2526.106 Safari/537.36', 'Content-Type': 'application/x-www-form-urlencoded;charset=utf-8', 'Content-Length': '180'}
DEBUG:gtts.tts:url-0: https://translate.google.com/_/TranslateWebserverUi/data/batchexecute
DEBUG:gtts.tts:status-0: 200
DEBUG:gtts.tts:part-0 written to <_io.BufferedWriter name='audio.mp3'>
DEBUG:gtts.tts:Saved to audio.mp3
DEBUG:gtts.tts:text: Hello! I am TARS. How can I help you?
DEBUG:gtts.tts:tld: com
DEBUG:gtts.tts:lang: en-uk
DEBUG:gtts.tts:slow: False
DEBUG:gtts.tts:lang_check: True
DEBUG:gtts.tts:pre_processor_funcs: [<function tone_marks at 0x10e619670>, <function end_of_line at 0x10e619f70>, <function abbreviations at 0x10e656040>, <function word_sub at 0x10e6560d0>]
DEBUG:gtts.tts:tokenizer_func: <bound method Tokenizer.run of re.compile('(?<=\\?).|(?<=!).|(?<=？).|(?<=！).|(?<!\\.[a-z])\\. |(?<!\\.[a-z]), |(?<!\\d):|‥|、|;|\\(|،|\\[|\\\n|\\]|，|¡|¿|…|。|—|：|\\)', re.IGNORECASE) from: [<function tone_marks at 0x10e6561f0>, <function period_comma at 0x10e656280>, <function colon at 0x10e656310>, <function other_punctuation at 0x10e6563a0>]>
WARNING:gtts.lang:'en-uk' has been deprecated, falling back to 'en'. This fallback will be removed in a future version.
DEBUG:gtts.lang:langs: {'af': 'Afrikaans', 'ar': 'Arabic', 'bg': 'Bulgarian', 'bn': 'Bengali', 'bs': 'Bosnian', 'ca': 'Catalan', 'cs': 'Czech', 'cy': 'Welsh', 'da': 'Danish', 'de': 'German', 'el': 'Greek', 'en': 'English', 'eo': 'Esperanto', 'es': 'Spanish', 'et': 'Estonian', 'fi': 'Finnish', 'fr': 'French', 'gu': 'Gujarati', 'hi': 'Hindi', 'hr': 'Croatian', 'hu': 'Hungarian', 'hy': 'Armenian', 'id': 'Indonesian', 'is': 'Icelandic', 'it': 'Italian', 'ja': 'Japanese', 'jw': 'Javanese', 'km': 'Khmer', 'kn': 'Kannada', 'ko': 'Korean', 'la': 'Latin', 'lv': 'Latvian', 'mk': 'Macedonian', 'ml': 'Malayalam', 'mr': 'Marathi', 'my': 'Myanmar (Burmese)', 'ne': 'Nepali', 'nl': 'Dutch', 'no': 'Norwegian', 'pl': 'Polish', 'pt': 'Portuguese', 'ro': 'Romanian', 'ru': 'Russian', 'si': 'Sinhala', 'sk': 'Slovak', 'sq': 'Albanian', 'sr': 'Serbian', 'su': 'Sundanese', 'sv': 'Swedish', 'sw': 'Swahili', 'ta': 'Tamil', 'te': 'Telugu', 'th': 'Thai', 'tl': 'Filipino', 'tr': 'Turkish', 'uk': 'Ukrainian', 'ur': 'Urdu', 'vi': 'Vietnamese', 'zh-CN': 'Chinese', 'zh-TW': 'Chinese (Mandarin/Taiwan)', 'zh': 'Chinese (Mandarin)'}
DEBUG:gtts.tts:pre-processing: <function tone_marks at 0x10e619670>
DEBUG:gtts.tts:pre-processing: <function end_of_line at 0x10e619f70>
DEBUG:gtts.tts:pre-processing: <function abbreviations at 0x10e656040>
DEBUG:gtts.tts:pre-processing: <function word_sub at 0x10e6560d0>
DEBUG:gtts.tts:text_parts: ['Hello!  I am TARS. How can I help you?']
DEBUG:gtts.tts:text_parts: 1
DEBUG:gtts.tts:data-0: f.req=%5B%5B%5B%22jQ1olc%22%2C%22%5B%5C%22Hello%21%20%20I%20am%20TARS.%20How%20can%20I%20help%20you%3F%5C%22%2C%5C%22en%5C%22%2Cnull%2C%5C%22null%5C%22%5D%22%2Cnull%2C%22generic%22%5D%5D%5D&
DEBUG:urllib3.connectionpool:Starting new HTTPS connection (1): translate.google.com:443
DEBUG:urllib3.connectionpool:https://translate.google.com:443 "POST /_/TranslateWebserverUi/data/batchexecute HTTP/1.1" 200 None
DEBUG:gtts.tts:headers-0: {'Referer': 'http://translate.google.com/', 'User-Agent': 'Mozilla/5.0 (Windows NT 10.0; WOW64) AppleWebKit/537.36 (KHTML, like Gecko) Chrome/47.0.2526.106 Safari/537.36', 'Content-Type': 'application/x-www-form-urlencoded;charset=utf-8', 'Content-Length': '190'}
DEBUG:gtts.tts:url-0: https://translate.google.com/_/TranslateWebserverUi/data/batchexecute
DEBUG:gtts.tts:status-0: 200
DEBUG:gtts.tts:part-0 written to <_io.BufferedWriter name='audio.mp3'>
DEBUG:gtts.tts:Saved to audio.mp3
DEBUG:urllib3.connectionpool:Starting new HTTP connection (1): api.openweathermap.org:80
DEBUG:urllib3.connectionpool:http://api.openweathermap.org:80 "GET /data/2.5/weather?q=%20copenhagen&appid=6149d074888b082134996aa4787a069a&units=metric HTTP/1.1" 200 470
DEBUG:gtts.tts:text: It is 6 degree celcius in  copenhagen
DEBUG:gtts.tts:tld: com
DEBUG:gtts.tts:lang: en-uk
DEBUG:gtts.tts:slow: False
DEBUG:gtts.tts:lang_check: True
DEBUG:gtts.tts:pre_processor_funcs: [<function tone_marks at 0x10e619670>, <function end_of_line at 0x10e619f70>, <function abbreviations at 0x10e656040>, <function word_sub at 0x10e6560d0>]
DEBUG:gtts.tts:tokenizer_func: <bound method Tokenizer.run of re.compile('(?<=\\?).|(?<=!).|(?<=？).|(?<=！).|(?<!\\.[a-z])\\. |(?<!\\.[a-z]), |(?<!\\d):|‥|、|;|\\(|،|\\[|\\\n|\\]|，|¡|¿|…|。|—|：|\\)', re.IGNORECASE) from: [<function tone_marks at 0x10e6561f0>, <function period_comma at 0x10e656280>, <function colon at 0x10e656310>, <function other_punctuation at 0x10e6563a0>]>
WARNING:gtts.lang:'en-uk' has been deprecated, falling back to 'en'. This fallback will be removed in a future version.
DEBUG:gtts.lang:langs: {'af': 'Afrikaans', 'ar': 'Arabic', 'bg': 'Bulgarian', 'bn': 'Bengali', 'bs': 'Bosnian', 'ca': 'Catalan', 'cs': 'Czech', 'cy': 'Welsh', 'da': 'Danish', 'de': 'German', 'el': 'Greek', 'en': 'English', 'eo': 'Esperanto', 'es': 'Spanish', 'et': 'Estonian', 'fi': 'Finnish', 'fr': 'French', 'gu': 'Gujarati', 'hi': 'Hindi', 'hr': 'Croatian', 'hu': 'Hungarian', 'hy': 'Armenian', 'id': 'Indonesian', 'is': 'Icelandic', 'it': 'Italian', 'ja': 'Japanese', 'jw': 'Javanese', 'km': 'Khmer', 'kn': 'Kannada', 'ko': 'Korean', 'la': 'Latin', 'lv': 'Latvian', 'mk': 'Macedonian', 'ml': 'Malayalam', 'mr': 'Marathi', 'my': 'Myanmar (Burmese)', 'ne': 'Nepali', 'nl': 'Dutch', 'no': 'Norwegian', 'pl': 'Polish', 'pt': 'Portuguese', 'ro': 'Romanian', 'ru': 'Russian', 'si': 'Sinhala', 'sk': 'Slovak', 'sq': 'Albanian', 'sr': 'Serbian', 'su': 'Sundanese', 'sv': 'Swedish', 'sw': 'Swahili', 'ta': 'Tamil', 'te': 'Telugu', 'th': 'Thai', 'tl': 'Filipino', 'tr': 'Turkish', 'uk': 'Ukrainian', 'ur': 'Urdu', 'vi': 'Vietnamese', 'zh-CN': 'Chinese', 'zh-TW': 'Chinese (Mandarin/Taiwan)', 'zh': 'Chinese (Mandarin)'}
DEBUG:gtts.tts:pre-processing: <function tone_marks at 0x10e619670>
DEBUG:gtts.tts:pre-processing: <function end_of_line at 0x10e619f70>
DEBUG:gtts.tts:pre-processing: <function abbreviations at 0x10e656040>
DEBUG:gtts.tts:pre-processing: <function word_sub at 0x10e6560d0>
DEBUG:gtts.tts:text_parts: ['It is 6 degree celcius in  copenhagen']
DEBUG:gtts.tts:text_parts: 1
DEBUG:gtts.tts:data-0: f.req=%5B%5B%5B%22jQ1olc%22%2C%22%5B%5C%22It%20is%206%20degree%20celcius%20in%20%20copenhagen%5C%22%2C%5C%22en%5C%22%2Cnull%2C%5C%22null%5C%22%5D%22%2Cnull%2C%22generic%22%5D%5D%5D&
DEBUG:urllib3.connectionpool:Starting new HTTPS connection (1): translate.google.com:443
DEBUG:urllib3.connectionpool:https://translate.google.com:443 "POST /_/TranslateWebserverUi/data/batchexecute HTTP/1.1" 200 None
DEBUG:gtts.tts:headers-0: {'Referer': 'http://translate.google.com/', 'User-Agent': 'Mozilla/5.0 (Windows NT 10.0; WOW64) AppleWebKit/537.36 (KHTML, like Gecko) Chrome/47.0.2526.106 Safari/537.36', 'Content-Type': 'application/x-www-form-urlencoded;charset=utf-8', 'Content-Length': '181'}
DEBUG:gtts.tts:url-0: https://translate.google.com/_/TranslateWebserverUi/data/batchexecute
DEBUG:gtts.tts:status-0: 200
DEBUG:gtts.tts:part-0 written to <_io.BufferedWriter name='audio.mp3'>
DEBUG:gtts.tts:Saved to audio.mp3
DEBUG:gtts.tts:text: Bye Bye
DEBUG:gtts.tts:tld: com
DEBUG:gtts.tts:lang: en-uk
DEBUG:gtts.tts:slow: False
DEBUG:gtts.tts:lang_check: True
DEBUG:gtts.tts:pre_processor_funcs: [<function tone_marks at 0x10e619670>, <function end_of_line at 0x10e619f70>, <function abbreviations at 0x10e656040>, <function word_sub at 0x10e6560d0>]
DEBUG:gtts.tts:tokenizer_func: <bound method Tokenizer.run of re.compile('(?<=\\?).|(?<=!).|(?<=？).|(?<=！).|(?<!\\.[a-z])\\. |(?<!\\.[a-z]), |(?<!\\d):|‥|、|;|\\(|،|\\[|\\\n|\\]|，|¡|¿|…|。|—|：|\\)', re.IGNORECASE) from: [<function tone_marks at 0x10e6561f0>, <function period_comma at 0x10e656280>, <function colon at 0x10e656310>, <function other_punctuation at 0x10e6563a0>]>
WARNING:gtts.lang:'en-uk' has been deprecated, falling back to 'en'. This fallback will be removed in a future version.
DEBUG:gtts.lang:langs: {'af': 'Afrikaans', 'ar': 'Arabic', 'bg': 'Bulgarian', 'bn': 'Bengali', 'bs': 'Bosnian', 'ca': 'Catalan', 'cs': 'Czech', 'cy': 'Welsh', 'da': 'Danish', 'de': 'German', 'el': 'Greek', 'en': 'English', 'eo': 'Esperanto', 'es': 'Spanish', 'et': 'Estonian', 'fi': 'Finnish', 'fr': 'French', 'gu': 'Gujarati', 'hi': 'Hindi', 'hr': 'Croatian', 'hu': 'Hungarian', 'hy': 'Armenian', 'id': 'Indonesian', 'is': 'Icelandic', 'it': 'Italian', 'ja': 'Japanese', 'jw': 'Javanese', 'km': 'Khmer', 'kn': 'Kannada', 'ko': 'Korean', 'la': 'Latin', 'lv': 'Latvian', 'mk': 'Macedonian', 'ml': 'Malayalam', 'mr': 'Marathi', 'my': 'Myanmar (Burmese)', 'ne': 'Nepali', 'nl': 'Dutch', 'no': 'Norwegian', 'pl': 'Polish', 'pt': 'Portuguese', 'ro': 'Romanian', 'ru': 'Russian', 'si': 'Sinhala', 'sk': 'Slovak', 'sq': 'Albanian', 'sr': 'Serbian', 'su': 'Sundanese', 'sv': 'Swedish', 'sw': 'Swahili', 'ta': 'Tamil', 'te': 'Telugu', 'th': 'Thai', 'tl': 'Filipino', 'tr': 'Turkish', 'uk': 'Ukrainian', 'ur': 'Urdu', 'vi': 'Vietnamese', 'zh-CN': 'Chinese', 'zh-TW': 'Chinese (Mandarin/Taiwan)', 'zh': 'Chinese (Mandarin)'}
DEBUG:gtts.tts:pre-processing: <function tone_marks at 0x10e619670>
DEBUG:gtts.tts:pre-processing: <function end_of_line at 0x10e619f70>
DEBUG:gtts.tts:pre-processing: <function abbreviations at 0x10e656040>
DEBUG:gtts.tts:pre-processing: <function word_sub at 0x10e6560d0>
DEBUG:gtts.tts:text_parts: ['Bye Bye']
DEBUG:gtts.tts:text_parts: 1
DEBUG:gtts.tts:data-0: f.req=%5B%5B%5B%22jQ1olc%22%2C%22%5B%5C%22Bye%20Bye%5C%22%2C%5C%22en%5C%22%2Cnull%2C%5C%22null%5C%22%5D%22%2Cnull%2C%22generic%22%5D%5D%5D&
DEBUG:urllib3.connectionpool:Starting new HTTPS connection (1): translate.google.com:443
DEBUG:urllib3.connectionpool:https://translate.google.com:443 "POST /_/TranslateWebserverUi/data/batchexecute HTTP/1.1" 200 None
DEBUG:gtts.tts:headers-0: {'Referer': 'http://translate.google.com/', 'User-Agent': 'Mozilla/5.0 (Windows NT 10.0; WOW64) AppleWebKit/537.36 (KHTML, like Gecko) Chrome/47.0.2526.106 Safari/537.36', 'Content-Type': 'application/x-www-form-urlencoded;charset=utf-8', 'Content-Length': '139'}
DEBUG:gtts.tts:url-0: https://translate.google.com/_/TranslateWebserverUi/data/batchexecute
DEBUG:gtts.tts:status-0: 200
DEBUG:gtts.tts:part-0 written to <_io.BufferedWriter name='audio.mp3'>
DEBUG:gtts.tts:Saved to audio.mp3
DEBUG:gtts.tts:text: I D S Project 2 point O activated!
DEBUG:gtts.tts:tld: com
DEBUG:gtts.tts:lang: en-uk
DEBUG:gtts.tts:slow: False
DEBUG:gtts.tts:lang_check: True
DEBUG:gtts.tts:pre_processor_funcs: [<function tone_marks at 0x10c349670>, <function end_of_line at 0x10c349f70>, <function abbreviations at 0x10c386040>, <function word_sub at 0x10c3860d0>]
DEBUG:gtts.tts:tokenizer_func: <bound method Tokenizer.run of re.compile('(?<=\\?).|(?<=!).|(?<=？).|(?<=！).|(?<!\\.[a-z])\\. |(?<!\\.[a-z]), |(?<!\\d):|\\)|\\\n|;|，|،|…|¡|\\]|、|\\(|。|—|‥|\\[|：|¿', re.IGNORECASE) from: [<function tone_marks at 0x10c3861f0>, <function period_comma at 0x10c386280>, <function colon at 0x10c386310>, <function other_punctuation at 0x10c3863a0>]>
WARNING:gtts.lang:'en-uk' has been deprecated, falling back to 'en'. This fallback will be removed in a future version.
DEBUG:gtts.lang:langs: {'af': 'Afrikaans', 'ar': 'Arabic', 'bg': 'Bulgarian', 'bn': 'Bengali', 'bs': 'Bosnian', 'ca': 'Catalan', 'cs': 'Czech', 'cy': 'Welsh', 'da': 'Danish', 'de': 'German', 'el': 'Greek', 'en': 'English', 'eo': 'Esperanto', 'es': 'Spanish', 'et': 'Estonian', 'fi': 'Finnish', 'fr': 'French', 'gu': 'Gujarati', 'hi': 'Hindi', 'hr': 'Croatian', 'hu': 'Hungarian', 'hy': 'Armenian', 'id': 'Indonesian', 'is': 'Icelandic', 'it': 'Italian', 'ja': 'Japanese', 'jw': 'Javanese', 'km': 'Khmer', 'kn': 'Kannada', 'ko': 'Korean', 'la': 'Latin', 'lv': 'Latvian', 'mk': 'Macedonian', 'ml': 'Malayalam', 'mr': 'Marathi', 'my': 'Myanmar (Burmese)', 'ne': 'Nepali', 'nl': 'Dutch', 'no': 'Norwegian', 'pl': 'Polish', 'pt': 'Portuguese', 'ro': 'Romanian', 'ru': 'Russian', 'si': 'Sinhala', 'sk': 'Slovak', 'sq': 'Albanian', 'sr': 'Serbian', 'su': 'Sundanese', 'sv': 'Swedish', 'sw': 'Swahili', 'ta': 'Tamil', 'te': 'Telugu', 'th': 'Thai', 'tl': 'Filipino', 'tr': 'Turkish', 'uk': 'Ukrainian', 'ur': 'Urdu', 'vi': 'Vietnamese', 'zh-CN': 'Chinese', 'zh-TW': 'Chinese (Mandarin/Taiwan)', 'zh': 'Chinese (Mandarin)'}
DEBUG:gtts.tts:pre-processing: <function tone_marks at 0x10c349670>
DEBUG:gtts.tts:pre-processing: <function end_of_line at 0x10c349f70>
DEBUG:gtts.tts:pre-processing: <function abbreviations at 0x10c386040>
DEBUG:gtts.tts:pre-processing: <function word_sub at 0x10c3860d0>
DEBUG:gtts.tts:text_parts: ['I D S Project 2 point O activated!']
DEBUG:gtts.tts:text_parts: 1
DEBUG:gtts.tts:data-0: f.req=%5B%5B%5B%22jQ1olc%22%2C%22%5B%5C%22I%20D%20S%20Project%202%20point%20O%20activated%21%5C%22%2C%5C%22en%5C%22%2Cnull%2C%5C%22null%5C%22%5D%22%2Cnull%2C%22generic%22%5D%5D%5D&
DEBUG:urllib3.connectionpool:Starting new HTTPS connection (1): translate.google.com:443
DEBUG:urllib3.connectionpool:https://translate.google.com:443 "POST /_/TranslateWebserverUi/data/batchexecute HTTP/1.1" 200 None
DEBUG:gtts.tts:headers-0: {'Referer': 'http://translate.google.com/', 'User-Agent': 'Mozilla/5.0 (Windows NT 10.0; WOW64) AppleWebKit/537.36 (KHTML, like Gecko) Chrome/47.0.2526.106 Safari/537.36', 'Content-Type': 'application/x-www-form-urlencoded;charset=utf-8', 'Content-Length': '180'}
DEBUG:gtts.tts:url-0: https://translate.google.com/_/TranslateWebserverUi/data/batchexecute
DEBUG:gtts.tts:status-0: 200
DEBUG:gtts.tts:part-0 written to <_io.BufferedWriter name='audio.mp3'>
DEBUG:gtts.tts:Saved to audio.mp3
DEBUG:gtts.tts:text: Bye Bye
DEBUG:gtts.tts:tld: com
DEBUG:gtts.tts:lang: en-uk
DEBUG:gtts.tts:slow: False
DEBUG:gtts.tts:lang_check: True
DEBUG:gtts.tts:pre_processor_funcs: [<function tone_marks at 0x10c349670>, <function end_of_line at 0x10c349f70>, <function abbreviations at 0x10c386040>, <function word_sub at 0x10c3860d0>]
DEBUG:gtts.tts:tokenizer_func: <bound method Tokenizer.run of re.compile('(?<=\\?).|(?<=!).|(?<=？).|(?<=！).|(?<!\\.[a-z])\\. |(?<!\\.[a-z]), |(?<!\\d):|\\)|\\\n|;|，|،|…|¡|\\]|、|\\(|。|—|‥|\\[|：|¿', re.IGNORECASE) from: [<function tone_marks at 0x10c3861f0>, <function period_comma at 0x10c386280>, <function colon at 0x10c386310>, <function other_punctuation at 0x10c3863a0>]>
WARNING:gtts.lang:'en-uk' has been deprecated, falling back to 'en'. This fallback will be removed in a future version.
DEBUG:gtts.lang:langs: {'af': 'Afrikaans', 'ar': 'Arabic', 'bg': 'Bulgarian', 'bn': 'Bengali', 'bs': 'Bosnian', 'ca': 'Catalan', 'cs': 'Czech', 'cy': 'Welsh', 'da': 'Danish', 'de': 'German', 'el': 'Greek', 'en': 'English', 'eo': 'Esperanto', 'es': 'Spanish', 'et': 'Estonian', 'fi': 'Finnish', 'fr': 'French', 'gu': 'Gujarati', 'hi': 'Hindi', 'hr': 'Croatian', 'hu': 'Hungarian', 'hy': 'Armenian', 'id': 'Indonesian', 'is': 'Icelandic', 'it': 'Italian', 'ja': 'Japanese', 'jw': 'Javanese', 'km': 'Khmer', 'kn': 'Kannada', 'ko': 'Korean', 'la': 'Latin', 'lv': 'Latvian', 'mk': 'Macedonian', 'ml': 'Malayalam', 'mr': 'Marathi', 'my': 'Myanmar (Burmese)', 'ne': 'Nepali', 'nl': 'Dutch', 'no': 'Norwegian', 'pl': 'Polish', 'pt': 'Portuguese', 'ro': 'Romanian', 'ru': 'Russian', 'si': 'Sinhala', 'sk': 'Slovak', 'sq': 'Albanian', 'sr': 'Serbian', 'su': 'Sundanese', 'sv': 'Swedish', 'sw': 'Swahili', 'ta': 'Tamil', 'te': 'Telugu', 'th': 'Thai', 'tl': 'Filipino', 'tr': 'Turkish', 'uk': 'Ukrainian', 'ur': 'Urdu', 'vi': 'Vietnamese', 'zh-CN': 'Chinese', 'zh-TW': 'Chinese (Mandarin/Taiwan)', 'zh': 'Chinese (Mandarin)'}
DEBUG:gtts.tts:pre-processing: <function tone_marks at 0x10c349670>
DEBUG:gtts.tts:pre-processing: <function end_of_line at 0x10c349f70>
DEBUG:gtts.tts:pre-processing: <function abbreviations at 0x10c386040>
DEBUG:gtts.tts:pre-processing: <function word_sub at 0x10c3860d0>
DEBUG:gtts.tts:text_parts: ['Bye Bye']
DEBUG:gtts.tts:text_parts: 1
DEBUG:gtts.tts:data-0: f.req=%5B%5B%5B%22jQ1olc%22%2C%22%5B%5C%22Bye%20Bye%5C%22%2C%5C%22en%5C%22%2Cnull%2C%5C%22null%5C%22%5D%22%2Cnull%2C%22generic%22%5D%5D%5D&
DEBUG:urllib3.connectionpool:Starting new HTTPS connection (1): translate.google.com:443
DEBUG:urllib3.connectionpool:https://translate.google.com:443 "POST /_/TranslateWebserverUi/data/batchexecute HTTP/1.1" 200 None
DEBUG:gtts.tts:headers-0: {'Referer': 'http://translate.google.com/', 'User-Agent': 'Mozilla/5.0 (Windows NT 10.0; WOW64) AppleWebKit/537.36 (KHTML, like Gecko) Chrome/47.0.2526.106 Safari/537.36', 'Content-Type': 'application/x-www-form-urlencoded;charset=utf-8', 'Content-Length': '139'}
DEBUG:gtts.tts:url-0: https://translate.google.com/_/TranslateWebserverUi/data/batchexecute
DEBUG:gtts.tts:status-0: 200
DEBUG:gtts.tts:part-0 written to <_io.BufferedWriter name='audio.mp3'>
DEBUG:gtts.tts:Saved to audio.mp3
DEBUG:gtts.tts:text: I D S Project 2 point O activated!
DEBUG:gtts.tts:tld: com
DEBUG:gtts.tts:lang: en-uk
DEBUG:gtts.tts:slow: False
DEBUG:gtts.tts:lang_check: True
DEBUG:gtts.tts:pre_processor_funcs: [<function tone_marks at 0x10d35e670>, <function end_of_line at 0x10d35ef70>, <function abbreviations at 0x10d39b040>, <function word_sub at 0x10d39b0d0>]
DEBUG:gtts.tts:tokenizer_func: <bound method Tokenizer.run of re.compile('(?<=\\?).|(?<=!).|(?<=？).|(?<=！).|(?<!\\.[a-z])\\. |(?<!\\.[a-z]), |(?<!\\d):|，|\\\n|¡|\\]|;|：|‥|…|\\(|،|、|\\[|\\)|。|¿|—', re.IGNORECASE) from: [<function tone_marks at 0x10d39b1f0>, <function period_comma at 0x10d39b280>, <function colon at 0x10d39b310>, <function other_punctuation at 0x10d39b3a0>]>
WARNING:gtts.lang:'en-uk' has been deprecated, falling back to 'en'. This fallback will be removed in a future version.
DEBUG:gtts.lang:langs: {'af': 'Afrikaans', 'ar': 'Arabic', 'bg': 'Bulgarian', 'bn': 'Bengali', 'bs': 'Bosnian', 'ca': 'Catalan', 'cs': 'Czech', 'cy': 'Welsh', 'da': 'Danish', 'de': 'German', 'el': 'Greek', 'en': 'English', 'eo': 'Esperanto', 'es': 'Spanish', 'et': 'Estonian', 'fi': 'Finnish', 'fr': 'French', 'gu': 'Gujarati', 'hi': 'Hindi', 'hr': 'Croatian', 'hu': 'Hungarian', 'hy': 'Armenian', 'id': 'Indonesian', 'is': 'Icelandic', 'it': 'Italian', 'ja': 'Japanese', 'jw': 'Javanese', 'km': 'Khmer', 'kn': 'Kannada', 'ko': 'Korean', 'la': 'Latin', 'lv': 'Latvian', 'mk': 'Macedonian', 'ml': 'Malayalam', 'mr': 'Marathi', 'my': 'Myanmar (Burmese)', 'ne': 'Nepali', 'nl': 'Dutch', 'no': 'Norwegian', 'pl': 'Polish', 'pt': 'Portuguese', 'ro': 'Romanian', 'ru': 'Russian', 'si': 'Sinhala', 'sk': 'Slovak', 'sq': 'Albanian', 'sr': 'Serbian', 'su': 'Sundanese', 'sv': 'Swedish', 'sw': 'Swahili', 'ta': 'Tamil', 'te': 'Telugu', 'th': 'Thai', 'tl': 'Filipino', 'tr': 'Turkish', 'uk': 'Ukrainian', 'ur': 'Urdu', 'vi': 'Vietnamese', 'zh-CN': 'Chinese', 'zh-TW': 'Chinese (Mandarin/Taiwan)', 'zh': 'Chinese (Mandarin)'}
DEBUG:gtts.tts:pre-processing: <function tone_marks at 0x10d35e670>
DEBUG:gtts.tts:pre-processing: <function end_of_line at 0x10d35ef70>
DEBUG:gtts.tts:pre-processing: <function abbreviations at 0x10d39b040>
DEBUG:gtts.tts:pre-processing: <function word_sub at 0x10d39b0d0>
DEBUG:gtts.tts:text_parts: ['I D S Project 2 point O activated!']
DEBUG:gtts.tts:text_parts: 1
DEBUG:gtts.tts:data-0: f.req=%5B%5B%5B%22jQ1olc%22%2C%22%5B%5C%22I%20D%20S%20Project%202%20point%20O%20activated%21%5C%22%2C%5C%22en%5C%22%2Cnull%2C%5C%22null%5C%22%5D%22%2Cnull%2C%22generic%22%5D%5D%5D&
DEBUG:urllib3.connectionpool:Starting new HTTPS connection (1): translate.google.com:443
DEBUG:urllib3.connectionpool:https://translate.google.com:443 "POST /_/TranslateWebserverUi/data/batchexecute HTTP/1.1" 200 None
DEBUG:gtts.tts:headers-0: {'Referer': 'http://translate.google.com/', 'User-Agent': 'Mozilla/5.0 (Windows NT 10.0; WOW64) AppleWebKit/537.36 (KHTML, like Gecko) Chrome/47.0.2526.106 Safari/537.36', 'Content-Type': 'application/x-www-form-urlencoded;charset=utf-8', 'Content-Length': '180'}
DEBUG:gtts.tts:url-0: https://translate.google.com/_/TranslateWebserverUi/data/batchexecute
DEBUG:gtts.tts:status-0: 200
DEBUG:gtts.tts:part-0 written to <_io.BufferedWriter name='audio.mp3'>
DEBUG:gtts.tts:Saved to audio.mp3
DEBUG:gtts.tts:text: Bye Bye
DEBUG:gtts.tts:tld: com
DEBUG:gtts.tts:lang: en-uk
DEBUG:gtts.tts:slow: False
DEBUG:gtts.tts:lang_check: True
DEBUG:gtts.tts:pre_processor_funcs: [<function tone_marks at 0x10d35e670>, <function end_of_line at 0x10d35ef70>, <function abbreviations at 0x10d39b040>, <function word_sub at 0x10d39b0d0>]
DEBUG:gtts.tts:tokenizer_func: <bound method Tokenizer.run of re.compile('(?<=\\?).|(?<=!).|(?<=？).|(?<=！).|(?<!\\.[a-z])\\. |(?<!\\.[a-z]), |(?<!\\d):|，|\\\n|¡|\\]|;|：|‥|…|\\(|،|、|\\[|\\)|。|¿|—', re.IGNORECASE) from: [<function tone_marks at 0x10d39b1f0>, <function period_comma at 0x10d39b280>, <function colon at 0x10d39b310>, <function other_punctuation at 0x10d39b3a0>]>
WARNING:gtts.lang:'en-uk' has been deprecated, falling back to 'en'. This fallback will be removed in a future version.
DEBUG:gtts.lang:langs: {'af': 'Afrikaans', 'ar': 'Arabic', 'bg': 'Bulgarian', 'bn': 'Bengali', 'bs': 'Bosnian', 'ca': 'Catalan', 'cs': 'Czech', 'cy': 'Welsh', 'da': 'Danish', 'de': 'German', 'el': 'Greek', 'en': 'English', 'eo': 'Esperanto', 'es': 'Spanish', 'et': 'Estonian', 'fi': 'Finnish', 'fr': 'French', 'gu': 'Gujarati', 'hi': 'Hindi', 'hr': 'Croatian', 'hu': 'Hungarian', 'hy': 'Armenian', 'id': 'Indonesian', 'is': 'Icelandic', 'it': 'Italian', 'ja': 'Japanese', 'jw': 'Javanese', 'km': 'Khmer', 'kn': 'Kannada', 'ko': 'Korean', 'la': 'Latin', 'lv': 'Latvian', 'mk': 'Macedonian', 'ml': 'Malayalam', 'mr': 'Marathi', 'my': 'Myanmar (Burmese)', 'ne': 'Nepali', 'nl': 'Dutch', 'no': 'Norwegian', 'pl': 'Polish', 'pt': 'Portuguese', 'ro': 'Romanian', 'ru': 'Russian', 'si': 'Sinhala', 'sk': 'Slovak', 'sq': 'Albanian', 'sr': 'Serbian', 'su': 'Sundanese', 'sv': 'Swedish', 'sw': 'Swahili', 'ta': 'Tamil', 'te': 'Telugu', 'th': 'Thai', 'tl': 'Filipino', 'tr': 'Turkish', 'uk': 'Ukrainian', 'ur': 'Urdu', 'vi': 'Vietnamese', 'zh-CN': 'Chinese', 'zh-TW': 'Chinese (Mandarin/Taiwan)', 'zh': 'Chinese (Mandarin)'}
DEBUG:gtts.tts:pre-processing: <function tone_marks at 0x10d35e670>
DEBUG:gtts.tts:pre-processing: <function end_of_line at 0x10d35ef70>
DEBUG:gtts.tts:pre-processing: <function abbreviations at 0x10d39b040>
DEBUG:gtts.tts:pre-processing: <function word_sub at 0x10d39b0d0>
DEBUG:gtts.tts:text_parts: ['Bye Bye']
DEBUG:gtts.tts:text_parts: 1
DEBUG:gtts.tts:data-0: f.req=%5B%5B%5B%22jQ1olc%22%2C%22%5B%5C%22Bye%20Bye%5C%22%2C%5C%22en%5C%22%2Cnull%2C%5C%22null%5C%22%5D%22%2Cnull%2C%22generic%22%5D%5D%5D&
DEBUG:urllib3.connectionpool:Starting new HTTPS connection (1): translate.google.com:443
DEBUG:urllib3.connectionpool:https://translate.google.com:443 "POST /_/TranslateWebserverUi/data/batchexecute HTTP/1.1" 200 None
DEBUG:gtts.tts:headers-0: {'Referer': 'http://translate.google.com/', 'User-Agent': 'Mozilla/5.0 (Windows NT 10.0; WOW64) AppleWebKit/537.36 (KHTML, like Gecko) Chrome/47.0.2526.106 Safari/537.36', 'Content-Type': 'application/x-www-form-urlencoded;charset=utf-8', 'Content-Length': '139'}
DEBUG:gtts.tts:url-0: https://translate.google.com/_/TranslateWebserverUi/data/batchexecute
DEBUG:gtts.tts:status-0: 200
DEBUG:gtts.tts:part-0 written to <_io.BufferedWriter name='audio.mp3'>
DEBUG:gtts.tts:Saved to audio.mp3
DEBUG:gtts.tts:text: I D S Project 2 point O activated!
DEBUG:gtts.tts:tld: com
DEBUG:gtts.tts:lang: en-uk
DEBUG:gtts.tts:slow: False
DEBUG:gtts.tts:lang_check: True
DEBUG:gtts.tts:pre_processor_funcs: [<function tone_marks at 0x10e602670>, <function end_of_line at 0x10e602f70>, <function abbreviations at 0x10e63f040>, <function word_sub at 0x10e63f0d0>]
DEBUG:gtts.tts:tokenizer_func: <bound method Tokenizer.run of re.compile('(?<=\\?).|(?<=!).|(?<=？).|(?<=！).|(?<!\\.[a-z])\\. |(?<!\\.[a-z]), |(?<!\\d):|\\)|。|;|،|\\]|：|¡|，|‥|—|、|\\[|¿|\\\n|\\(|…', re.IGNORECASE) from: [<function tone_marks at 0x10e63f1f0>, <function period_comma at 0x10e63f280>, <function colon at 0x10e63f310>, <function other_punctuation at 0x10e63f3a0>]>
WARNING:gtts.lang:'en-uk' has been deprecated, falling back to 'en'. This fallback will be removed in a future version.
DEBUG:gtts.lang:langs: {'af': 'Afrikaans', 'ar': 'Arabic', 'bg': 'Bulgarian', 'bn': 'Bengali', 'bs': 'Bosnian', 'ca': 'Catalan', 'cs': 'Czech', 'cy': 'Welsh', 'da': 'Danish', 'de': 'German', 'el': 'Greek', 'en': 'English', 'eo': 'Esperanto', 'es': 'Spanish', 'et': 'Estonian', 'fi': 'Finnish', 'fr': 'French', 'gu': 'Gujarati', 'hi': 'Hindi', 'hr': 'Croatian', 'hu': 'Hungarian', 'hy': 'Armenian', 'id': 'Indonesian', 'is': 'Icelandic', 'it': 'Italian', 'ja': 'Japanese', 'jw': 'Javanese', 'km': 'Khmer', 'kn': 'Kannada', 'ko': 'Korean', 'la': 'Latin', 'lv': 'Latvian', 'mk': 'Macedonian', 'ml': 'Malayalam', 'mr': 'Marathi', 'my': 'Myanmar (Burmese)', 'ne': 'Nepali', 'nl': 'Dutch', 'no': 'Norwegian', 'pl': 'Polish', 'pt': 'Portuguese', 'ro': 'Romanian', 'ru': 'Russian', 'si': 'Sinhala', 'sk': 'Slovak', 'sq': 'Albanian', 'sr': 'Serbian', 'su': 'Sundanese', 'sv': 'Swedish', 'sw': 'Swahili', 'ta': 'Tamil', 'te': 'Telugu', 'th': 'Thai', 'tl': 'Filipino', 'tr': 'Turkish', 'uk': 'Ukrainian', 'ur': 'Urdu', 'vi': 'Vietnamese', 'zh-CN': 'Chinese', 'zh-TW': 'Chinese (Mandarin/Taiwan)', 'zh': 'Chinese (Mandarin)'}
DEBUG:gtts.tts:pre-processing: <function tone_marks at 0x10e602670>
DEBUG:gtts.tts:pre-processing: <function end_of_line at 0x10e602f70>
DEBUG:gtts.tts:pre-processing: <function abbreviations at 0x10e63f040>
DEBUG:gtts.tts:pre-processing: <function word_sub at 0x10e63f0d0>
DEBUG:gtts.tts:text_parts: ['I D S Project 2 point O activated!']
DEBUG:gtts.tts:text_parts: 1
DEBUG:gtts.tts:data-0: f.req=%5B%5B%5B%22jQ1olc%22%2C%22%5B%5C%22I%20D%20S%20Project%202%20point%20O%20activated%21%5C%22%2C%5C%22en%5C%22%2Cnull%2C%5C%22null%5C%22%5D%22%2Cnull%2C%22generic%22%5D%5D%5D&
DEBUG:urllib3.connectionpool:Starting new HTTPS connection (1): translate.google.com:443
DEBUG:urllib3.connectionpool:https://translate.google.com:443 "POST /_/TranslateWebserverUi/data/batchexecute HTTP/1.1" 200 None
DEBUG:gtts.tts:headers-0: {'Referer': 'http://translate.google.com/', 'User-Agent': 'Mozilla/5.0 (Windows NT 10.0; WOW64) AppleWebKit/537.36 (KHTML, like Gecko) Chrome/47.0.2526.106 Safari/537.36', 'Content-Type': 'application/x-www-form-urlencoded;charset=utf-8', 'Content-Length': '180'}
DEBUG:gtts.tts:url-0: https://translate.google.com/_/TranslateWebserverUi/data/batchexecute
DEBUG:gtts.tts:status-0: 200
DEBUG:gtts.tts:part-0 written to <_io.BufferedWriter name='audio.mp3'>
DEBUG:gtts.tts:Saved to audio.mp3
DEBUG:gtts.tts:text: Hello! I am TARS. How can I help you?
DEBUG:gtts.tts:tld: com
DEBUG:gtts.tts:lang: en-uk
DEBUG:gtts.tts:slow: False
DEBUG:gtts.tts:lang_check: True
DEBUG:gtts.tts:pre_processor_funcs: [<function tone_marks at 0x10e602670>, <function end_of_line at 0x10e602f70>, <function abbreviations at 0x10e63f040>, <function word_sub at 0x10e63f0d0>]
DEBUG:gtts.tts:tokenizer_func: <bound method Tokenizer.run of re.compile('(?<=\\?).|(?<=!).|(?<=？).|(?<=！).|(?<!\\.[a-z])\\. |(?<!\\.[a-z]), |(?<!\\d):|\\)|。|;|،|\\]|：|¡|，|‥|—|、|\\[|¿|\\\n|\\(|…', re.IGNORECASE) from: [<function tone_marks at 0x10e63f1f0>, <function period_comma at 0x10e63f280>, <function colon at 0x10e63f310>, <function other_punctuation at 0x10e63f3a0>]>
WARNING:gtts.lang:'en-uk' has been deprecated, falling back to 'en'. This fallback will be removed in a future version.
DEBUG:gtts.lang:langs: {'af': 'Afrikaans', 'ar': 'Arabic', 'bg': 'Bulgarian', 'bn': 'Bengali', 'bs': 'Bosnian', 'ca': 'Catalan', 'cs': 'Czech', 'cy': 'Welsh', 'da': 'Danish', 'de': 'German', 'el': 'Greek', 'en': 'English', 'eo': 'Esperanto', 'es': 'Spanish', 'et': 'Estonian', 'fi': 'Finnish', 'fr': 'French', 'gu': 'Gujarati', 'hi': 'Hindi', 'hr': 'Croatian', 'hu': 'Hungarian', 'hy': 'Armenian', 'id': 'Indonesian', 'is': 'Icelandic', 'it': 'Italian', 'ja': 'Japanese', 'jw': 'Javanese', 'km': 'Khmer', 'kn': 'Kannada', 'ko': 'Korean', 'la': 'Latin', 'lv': 'Latvian', 'mk': 'Macedonian', 'ml': 'Malayalam', 'mr': 'Marathi', 'my': 'Myanmar (Burmese)', 'ne': 'Nepali', 'nl': 'Dutch', 'no': 'Norwegian', 'pl': 'Polish', 'pt': 'Portuguese', 'ro': 'Romanian', 'ru': 'Russian', 'si': 'Sinhala', 'sk': 'Slovak', 'sq': 'Albanian', 'sr': 'Serbian', 'su': 'Sundanese', 'sv': 'Swedish', 'sw': 'Swahili', 'ta': 'Tamil', 'te': 'Telugu', 'th': 'Thai', 'tl': 'Filipino', 'tr': 'Turkish', 'uk': 'Ukrainian', 'ur': 'Urdu', 'vi': 'Vietnamese', 'zh-CN': 'Chinese', 'zh-TW': 'Chinese (Mandarin/Taiwan)', 'zh': 'Chinese (Mandarin)'}
DEBUG:gtts.tts:pre-processing: <function tone_marks at 0x10e602670>
DEBUG:gtts.tts:pre-processing: <function end_of_line at 0x10e602f70>
DEBUG:gtts.tts:pre-processing: <function abbreviations at 0x10e63f040>
DEBUG:gtts.tts:pre-processing: <function word_sub at 0x10e63f0d0>
DEBUG:gtts.tts:text_parts: ['Hello!  I am TARS. How can I help you?']
DEBUG:gtts.tts:text_parts: 1
DEBUG:gtts.tts:data-0: f.req=%5B%5B%5B%22jQ1olc%22%2C%22%5B%5C%22Hello%21%20%20I%20am%20TARS.%20How%20can%20I%20help%20you%3F%5C%22%2C%5C%22en%5C%22%2Cnull%2C%5C%22null%5C%22%5D%22%2Cnull%2C%22generic%22%5D%5D%5D&
DEBUG:urllib3.connectionpool:Starting new HTTPS connection (1): translate.google.com:443
DEBUG:urllib3.connectionpool:https://translate.google.com:443 "POST /_/TranslateWebserverUi/data/batchexecute HTTP/1.1" 200 None
DEBUG:gtts.tts:headers-0: {'Referer': 'http://translate.google.com/', 'User-Agent': 'Mozilla/5.0 (Windows NT 10.0; WOW64) AppleWebKit/537.36 (KHTML, like Gecko) Chrome/47.0.2526.106 Safari/537.36', 'Content-Type': 'application/x-www-form-urlencoded;charset=utf-8', 'Content-Length': '190'}
DEBUG:gtts.tts:url-0: https://translate.google.com/_/TranslateWebserverUi/data/batchexecute
DEBUG:gtts.tts:status-0: 200
DEBUG:gtts.tts:part-0 written to <_io.BufferedWriter name='audio.mp3'>
DEBUG:gtts.tts:Saved to audio.mp3
DEBUG:gtts.tts:text: Bye Bye
DEBUG:gtts.tts:tld: com
DEBUG:gtts.tts:lang: en-uk
DEBUG:gtts.tts:slow: False
DEBUG:gtts.tts:lang_check: True
DEBUG:gtts.tts:pre_processor_funcs: [<function tone_marks at 0x10e602670>, <function end_of_line at 0x10e602f70>, <function abbreviations at 0x10e63f040>, <function word_sub at 0x10e63f0d0>]
DEBUG:gtts.tts:tokenizer_func: <bound method Tokenizer.run of re.compile('(?<=\\?).|(?<=!).|(?<=？).|(?<=！).|(?<!\\.[a-z])\\. |(?<!\\.[a-z]), |(?<!\\d):|\\)|。|;|،|\\]|：|¡|，|‥|—|、|\\[|¿|\\\n|\\(|…', re.IGNORECASE) from: [<function tone_marks at 0x10e63f1f0>, <function period_comma at 0x10e63f280>, <function colon at 0x10e63f310>, <function other_punctuation at 0x10e63f3a0>]>
WARNING:gtts.lang:'en-uk' has been deprecated, falling back to 'en'. This fallback will be removed in a future version.
DEBUG:gtts.lang:langs: {'af': 'Afrikaans', 'ar': 'Arabic', 'bg': 'Bulgarian', 'bn': 'Bengali', 'bs': 'Bosnian', 'ca': 'Catalan', 'cs': 'Czech', 'cy': 'Welsh', 'da': 'Danish', 'de': 'German', 'el': 'Greek', 'en': 'English', 'eo': 'Esperanto', 'es': 'Spanish', 'et': 'Estonian', 'fi': 'Finnish', 'fr': 'French', 'gu': 'Gujarati', 'hi': 'Hindi', 'hr': 'Croatian', 'hu': 'Hungarian', 'hy': 'Armenian', 'id': 'Indonesian', 'is': 'Icelandic', 'it': 'Italian', 'ja': 'Japanese', 'jw': 'Javanese', 'km': 'Khmer', 'kn': 'Kannada', 'ko': 'Korean', 'la': 'Latin', 'lv': 'Latvian', 'mk': 'Macedonian', 'ml': 'Malayalam', 'mr': 'Marathi', 'my': 'Myanmar (Burmese)', 'ne': 'Nepali', 'nl': 'Dutch', 'no': 'Norwegian', 'pl': 'Polish', 'pt': 'Portuguese', 'ro': 'Romanian', 'ru': 'Russian', 'si': 'Sinhala', 'sk': 'Slovak', 'sq': 'Albanian', 'sr': 'Serbian', 'su': 'Sundanese', 'sv': 'Swedish', 'sw': 'Swahili', 'ta': 'Tamil', 'te': 'Telugu', 'th': 'Thai', 'tl': 'Filipino', 'tr': 'Turkish', 'uk': 'Ukrainian', 'ur': 'Urdu', 'vi': 'Vietnamese', 'zh-CN': 'Chinese', 'zh-TW': 'Chinese (Mandarin/Taiwan)', 'zh': 'Chinese (Mandarin)'}
DEBUG:gtts.tts:pre-processing: <function tone_marks at 0x10e602670>
DEBUG:gtts.tts:pre-processing: <function end_of_line at 0x10e602f70>
DEBUG:gtts.tts:pre-processing: <function abbreviations at 0x10e63f040>
DEBUG:gtts.tts:pre-processing: <function word_sub at 0x10e63f0d0>
DEBUG:gtts.tts:text_parts: ['Bye Bye']
DEBUG:gtts.tts:text_parts: 1
DEBUG:gtts.tts:data-0: f.req=%5B%5B%5B%22jQ1olc%22%2C%22%5B%5C%22Bye%20Bye%5C%22%2C%5C%22en%5C%22%2Cnull%2C%5C%22null%5C%22%5D%22%2Cnull%2C%22generic%22%5D%5D%5D&
DEBUG:urllib3.connectionpool:Starting new HTTPS connection (1): translate.google.com:443
DEBUG:urllib3.connectionpool:https://translate.google.com:443 "POST /_/TranslateWebserverUi/data/batchexecute HTTP/1.1" 200 None
DEBUG:gtts.tts:headers-0: {'Referer': 'http://translate.google.com/', 'User-Agent': 'Mozilla/5.0 (Windows NT 10.0; WOW64) AppleWebKit/537.36 (KHTML, like Gecko) Chrome/47.0.2526.106 Safari/537.36', 'Content-Type': 'application/x-www-form-urlencoded;charset=utf-8', 'Content-Length': '139'}
DEBUG:gtts.tts:url-0: https://translate.google.com/_/TranslateWebserverUi/data/batchexecute
DEBUG:gtts.tts:status-0: 200
DEBUG:gtts.tts:part-0 written to <_io.BufferedWriter name='audio.mp3'>
DEBUG:gtts.tts:Saved to audio.mp3
DEBUG:gtts.tts:text: I D S Project 2 point O activated!
DEBUG:gtts.tts:tld: com
DEBUG:gtts.tts:lang: en-uk
DEBUG:gtts.tts:slow: False
DEBUG:gtts.tts:lang_check: True
DEBUG:gtts.tts:pre_processor_funcs: [<function tone_marks at 0x10705f670>, <function end_of_line at 0x10705ff70>, <function abbreviations at 0x10709d040>, <function word_sub at 0x10709d0d0>]
DEBUG:gtts.tts:tokenizer_func: <bound method Tokenizer.run of re.compile('(?<=\\?).|(?<=!).|(?<=？).|(?<=！).|(?<!\\.[a-z])\\. |(?<!\\.[a-z]), |(?<!\\d):|‥|，|、|\\(|¡|：|\\]|。|;|\\\n|—|،|¿|\\[|\\)|…', re.IGNORECASE) from: [<function tone_marks at 0x10709d1f0>, <function period_comma at 0x10709d280>, <function colon at 0x10709d310>, <function other_punctuation at 0x10709d3a0>]>
WARNING:gtts.lang:'en-uk' has been deprecated, falling back to 'en'. This fallback will be removed in a future version.
DEBUG:gtts.lang:langs: {'af': 'Afrikaans', 'ar': 'Arabic', 'bg': 'Bulgarian', 'bn': 'Bengali', 'bs': 'Bosnian', 'ca': 'Catalan', 'cs': 'Czech', 'cy': 'Welsh', 'da': 'Danish', 'de': 'German', 'el': 'Greek', 'en': 'English', 'eo': 'Esperanto', 'es': 'Spanish', 'et': 'Estonian', 'fi': 'Finnish', 'fr': 'French', 'gu': 'Gujarati', 'hi': 'Hindi', 'hr': 'Croatian', 'hu': 'Hungarian', 'hy': 'Armenian', 'id': 'Indonesian', 'is': 'Icelandic', 'it': 'Italian', 'ja': 'Japanese', 'jw': 'Javanese', 'km': 'Khmer', 'kn': 'Kannada', 'ko': 'Korean', 'la': 'Latin', 'lv': 'Latvian', 'mk': 'Macedonian', 'ml': 'Malayalam', 'mr': 'Marathi', 'my': 'Myanmar (Burmese)', 'ne': 'Nepali', 'nl': 'Dutch', 'no': 'Norwegian', 'pl': 'Polish', 'pt': 'Portuguese', 'ro': 'Romanian', 'ru': 'Russian', 'si': 'Sinhala', 'sk': 'Slovak', 'sq': 'Albanian', 'sr': 'Serbian', 'su': 'Sundanese', 'sv': 'Swedish', 'sw': 'Swahili', 'ta': 'Tamil', 'te': 'Telugu', 'th': 'Thai', 'tl': 'Filipino', 'tr': 'Turkish', 'uk': 'Ukrainian', 'ur': 'Urdu', 'vi': 'Vietnamese', 'zh-CN': 'Chinese', 'zh-TW': 'Chinese (Mandarin/Taiwan)', 'zh': 'Chinese (Mandarin)'}
DEBUG:gtts.tts:pre-processing: <function tone_marks at 0x10705f670>
DEBUG:gtts.tts:pre-processing: <function end_of_line at 0x10705ff70>
DEBUG:gtts.tts:pre-processing: <function abbreviations at 0x10709d040>
DEBUG:gtts.tts:pre-processing: <function word_sub at 0x10709d0d0>
DEBUG:gtts.tts:text_parts: ['I D S Project 2 point O activated!']
DEBUG:gtts.tts:text_parts: 1
DEBUG:gtts.tts:data-0: f.req=%5B%5B%5B%22jQ1olc%22%2C%22%5B%5C%22I%20D%20S%20Project%202%20point%20O%20activated%21%5C%22%2C%5C%22en%5C%22%2Cnull%2C%5C%22null%5C%22%5D%22%2Cnull%2C%22generic%22%5D%5D%5D&
DEBUG:urllib3.connectionpool:Starting new HTTPS connection (1): translate.google.com:443
DEBUG:urllib3.connectionpool:https://translate.google.com:443 "POST /_/TranslateWebserverUi/data/batchexecute HTTP/1.1" 200 None
DEBUG:gtts.tts:headers-0: {'Referer': 'http://translate.google.com/', 'User-Agent': 'Mozilla/5.0 (Windows NT 10.0; WOW64) AppleWebKit/537.36 (KHTML, like Gecko) Chrome/47.0.2526.106 Safari/537.36', 'Content-Type': 'application/x-www-form-urlencoded;charset=utf-8', 'Content-Length': '180'}
DEBUG:gtts.tts:url-0: https://translate.google.com/_/TranslateWebserverUi/data/batchexecute
DEBUG:gtts.tts:status-0: 200
DEBUG:gtts.tts:part-0 written to <_io.BufferedWriter name='audio.mp3'>
DEBUG:gtts.tts:Saved to audio.mp3
DEBUG:gtts.tts:text: Hello! I am I D S 2 point O. How can I help you?
DEBUG:gtts.tts:tld: com
DEBUG:gtts.tts:lang: en-uk
DEBUG:gtts.tts:slow: False
DEBUG:gtts.tts:lang_check: True
DEBUG:gtts.tts:pre_processor_funcs: [<function tone_marks at 0x10705f670>, <function end_of_line at 0x10705ff70>, <function abbreviations at 0x10709d040>, <function word_sub at 0x10709d0d0>]
DEBUG:gtts.tts:tokenizer_func: <bound method Tokenizer.run of re.compile('(?<=\\?).|(?<=!).|(?<=？).|(?<=！).|(?<!\\.[a-z])\\. |(?<!\\.[a-z]), |(?<!\\d):|‥|，|、|\\(|¡|：|\\]|。|;|\\\n|—|،|¿|\\[|\\)|…', re.IGNORECASE) from: [<function tone_marks at 0x10709d1f0>, <function period_comma at 0x10709d280>, <function colon at 0x10709d310>, <function other_punctuation at 0x10709d3a0>]>
WARNING:gtts.lang:'en-uk' has been deprecated, falling back to 'en'. This fallback will be removed in a future version.
DEBUG:gtts.lang:langs: {'af': 'Afrikaans', 'ar': 'Arabic', 'bg': 'Bulgarian', 'bn': 'Bengali', 'bs': 'Bosnian', 'ca': 'Catalan', 'cs': 'Czech', 'cy': 'Welsh', 'da': 'Danish', 'de': 'German', 'el': 'Greek', 'en': 'English', 'eo': 'Esperanto', 'es': 'Spanish', 'et': 'Estonian', 'fi': 'Finnish', 'fr': 'French', 'gu': 'Gujarati', 'hi': 'Hindi', 'hr': 'Croatian', 'hu': 'Hungarian', 'hy': 'Armenian', 'id': 'Indonesian', 'is': 'Icelandic', 'it': 'Italian', 'ja': 'Japanese', 'jw': 'Javanese', 'km': 'Khmer', 'kn': 'Kannada', 'ko': 'Korean', 'la': 'Latin', 'lv': 'Latvian', 'mk': 'Macedonian', 'ml': 'Malayalam', 'mr': 'Marathi', 'my': 'Myanmar (Burmese)', 'ne': 'Nepali', 'nl': 'Dutch', 'no': 'Norwegian', 'pl': 'Polish', 'pt': 'Portuguese', 'ro': 'Romanian', 'ru': 'Russian', 'si': 'Sinhala', 'sk': 'Slovak', 'sq': 'Albanian', 'sr': 'Serbian', 'su': 'Sundanese', 'sv': 'Swedish', 'sw': 'Swahili', 'ta': 'Tamil', 'te': 'Telugu', 'th': 'Thai', 'tl': 'Filipino', 'tr': 'Turkish', 'uk': 'Ukrainian', 'ur': 'Urdu', 'vi': 'Vietnamese', 'zh-CN': 'Chinese', 'zh-TW': 'Chinese (Mandarin/Taiwan)', 'zh': 'Chinese (Mandarin)'}
DEBUG:gtts.tts:pre-processing: <function tone_marks at 0x10705f670>
DEBUG:gtts.tts:pre-processing: <function end_of_line at 0x10705ff70>
DEBUG:gtts.tts:pre-processing: <function abbreviations at 0x10709d040>
DEBUG:gtts.tts:pre-processing: <function word_sub at 0x10709d0d0>
DEBUG:gtts.tts:text_parts: ['Hello!  I am I D S 2 point O. How can I help you?']
DEBUG:gtts.tts:text_parts: 1
DEBUG:gtts.tts:data-0: f.req=%5B%5B%5B%22jQ1olc%22%2C%22%5B%5C%22Hello%21%20%20I%20am%20I%20D%20S%202%20point%20O.%20How%20can%20I%20help%20you%3F%5C%22%2C%5C%22en%5C%22%2Cnull%2C%5C%22null%5C%22%5D%22%2Cnull%2C%22generic%22%5D%5D%5D&
DEBUG:urllib3.connectionpool:Starting new HTTPS connection (1): translate.google.com:443
DEBUG:urllib3.connectionpool:https://translate.google.com:443 "POST /_/TranslateWebserverUi/data/batchexecute HTTP/1.1" 200 None
DEBUG:gtts.tts:headers-0: {'Referer': 'http://translate.google.com/', 'User-Agent': 'Mozilla/5.0 (Windows NT 10.0; WOW64) AppleWebKit/537.36 (KHTML, like Gecko) Chrome/47.0.2526.106 Safari/537.36', 'Content-Type': 'application/x-www-form-urlencoded;charset=utf-8', 'Content-Length': '211'}
DEBUG:gtts.tts:url-0: https://translate.google.com/_/TranslateWebserverUi/data/batchexecute
DEBUG:gtts.tts:status-0: 200
DEBUG:gtts.tts:part-0 written to <_io.BufferedWriter name='audio.mp3'>
DEBUG:gtts.tts:Saved to audio.mp3
DEBUG:urllib3.connectionpool:Starting new HTTP connection (1): api.openweathermap.org:80
DEBUG:urllib3.connectionpool:http://api.openweathermap.org:80 "GET /data/2.5/weather?q=%20copenhagen&appid=6149d074888b082134996aa4787a069a&units=metric HTTP/1.1" 200 485
DEBUG:gtts.tts:text: It is 6 degree celcius in  copenhagen
DEBUG:gtts.tts:tld: com
DEBUG:gtts.tts:lang: en-uk
DEBUG:gtts.tts:slow: False
DEBUG:gtts.tts:lang_check: True
DEBUG:gtts.tts:pre_processor_funcs: [<function tone_marks at 0x10705f670>, <function end_of_line at 0x10705ff70>, <function abbreviations at 0x10709d040>, <function word_sub at 0x10709d0d0>]
DEBUG:gtts.tts:tokenizer_func: <bound method Tokenizer.run of re.compile('(?<=\\?).|(?<=!).|(?<=？).|(?<=！).|(?<!\\.[a-z])\\. |(?<!\\.[a-z]), |(?<!\\d):|‥|，|、|\\(|¡|：|\\]|。|;|\\\n|—|،|¿|\\[|\\)|…', re.IGNORECASE) from: [<function tone_marks at 0x10709d1f0>, <function period_comma at 0x10709d280>, <function colon at 0x10709d310>, <function other_punctuation at 0x10709d3a0>]>
WARNING:gtts.lang:'en-uk' has been deprecated, falling back to 'en'. This fallback will be removed in a future version.
DEBUG:gtts.lang:langs: {'af': 'Afrikaans', 'ar': 'Arabic', 'bg': 'Bulgarian', 'bn': 'Bengali', 'bs': 'Bosnian', 'ca': 'Catalan', 'cs': 'Czech', 'cy': 'Welsh', 'da': 'Danish', 'de': 'German', 'el': 'Greek', 'en': 'English', 'eo': 'Esperanto', 'es': 'Spanish', 'et': 'Estonian', 'fi': 'Finnish', 'fr': 'French', 'gu': 'Gujarati', 'hi': 'Hindi', 'hr': 'Croatian', 'hu': 'Hungarian', 'hy': 'Armenian', 'id': 'Indonesian', 'is': 'Icelandic', 'it': 'Italian', 'ja': 'Japanese', 'jw': 'Javanese', 'km': 'Khmer', 'kn': 'Kannada', 'ko': 'Korean', 'la': 'Latin', 'lv': 'Latvian', 'mk': 'Macedonian', 'ml': 'Malayalam', 'mr': 'Marathi', 'my': 'Myanmar (Burmese)', 'ne': 'Nepali', 'nl': 'Dutch', 'no': 'Norwegian', 'pl': 'Polish', 'pt': 'Portuguese', 'ro': 'Romanian', 'ru': 'Russian', 'si': 'Sinhala', 'sk': 'Slovak', 'sq': 'Albanian', 'sr': 'Serbian', 'su': 'Sundanese', 'sv': 'Swedish', 'sw': 'Swahili', 'ta': 'Tamil', 'te': 'Telugu', 'th': 'Thai', 'tl': 'Filipino', 'tr': 'Turkish', 'uk': 'Ukrainian', 'ur': 'Urdu', 'vi': 'Vietnamese', 'zh-CN': 'Chinese', 'zh-TW': 'Chinese (Mandarin/Taiwan)', 'zh': 'Chinese (Mandarin)'}
DEBUG:gtts.tts:pre-processing: <function tone_marks at 0x10705f670>
DEBUG:gtts.tts:pre-processing: <function end_of_line at 0x10705ff70>
DEBUG:gtts.tts:pre-processing: <function abbreviations at 0x10709d040>
DEBUG:gtts.tts:pre-processing: <function word_sub at 0x10709d0d0>
DEBUG:gtts.tts:text_parts: ['It is 6 degree celcius in  copenhagen']
DEBUG:gtts.tts:text_parts: 1
DEBUG:gtts.tts:data-0: f.req=%5B%5B%5B%22jQ1olc%22%2C%22%5B%5C%22It%20is%206%20degree%20celcius%20in%20%20copenhagen%5C%22%2C%5C%22en%5C%22%2Cnull%2C%5C%22null%5C%22%5D%22%2Cnull%2C%22generic%22%5D%5D%5D&
DEBUG:urllib3.connectionpool:Starting new HTTPS connection (1): translate.google.com:443
DEBUG:urllib3.connectionpool:https://translate.google.com:443 "POST /_/TranslateWebserverUi/data/batchexecute HTTP/1.1" 200 None
DEBUG:gtts.tts:headers-0: {'Referer': 'http://translate.google.com/', 'User-Agent': 'Mozilla/5.0 (Windows NT 10.0; WOW64) AppleWebKit/537.36 (KHTML, like Gecko) Chrome/47.0.2526.106 Safari/537.36', 'Content-Type': 'application/x-www-form-urlencoded;charset=utf-8', 'Content-Length': '181'}
DEBUG:gtts.tts:url-0: https://translate.google.com/_/TranslateWebserverUi/data/batchexecute
DEBUG:gtts.tts:status-0: 200
DEBUG:gtts.tts:part-0 written to <_io.BufferedWriter name='audio.mp3'>
DEBUG:gtts.tts:Saved to audio.mp3
DEBUG:gtts.tts:text: I am one of four former U.S. Marine Corps tactical robots
DEBUG:gtts.tts:tld: com
DEBUG:gtts.tts:lang: en-uk
DEBUG:gtts.tts:slow: False
DEBUG:gtts.tts:lang_check: True
DEBUG:gtts.tts:pre_processor_funcs: [<function tone_marks at 0x10705f670>, <function end_of_line at 0x10705ff70>, <function abbreviations at 0x10709d040>, <function word_sub at 0x10709d0d0>]
DEBUG:gtts.tts:tokenizer_func: <bound method Tokenizer.run of re.compile('(?<=\\?).|(?<=!).|(?<=？).|(?<=！).|(?<!\\.[a-z])\\. |(?<!\\.[a-z]), |(?<!\\d):|‥|，|、|\\(|¡|：|\\]|。|;|\\\n|—|،|¿|\\[|\\)|…', re.IGNORECASE) from: [<function tone_marks at 0x10709d1f0>, <function period_comma at 0x10709d280>, <function colon at 0x10709d310>, <function other_punctuation at 0x10709d3a0>]>
WARNING:gtts.lang:'en-uk' has been deprecated, falling back to 'en'. This fallback will be removed in a future version.
DEBUG:gtts.lang:langs: {'af': 'Afrikaans', 'ar': 'Arabic', 'bg': 'Bulgarian', 'bn': 'Bengali', 'bs': 'Bosnian', 'ca': 'Catalan', 'cs': 'Czech', 'cy': 'Welsh', 'da': 'Danish', 'de': 'German', 'el': 'Greek', 'en': 'English', 'eo': 'Esperanto', 'es': 'Spanish', 'et': 'Estonian', 'fi': 'Finnish', 'fr': 'French', 'gu': 'Gujarati', 'hi': 'Hindi', 'hr': 'Croatian', 'hu': 'Hungarian', 'hy': 'Armenian', 'id': 'Indonesian', 'is': 'Icelandic', 'it': 'Italian', 'ja': 'Japanese', 'jw': 'Javanese', 'km': 'Khmer', 'kn': 'Kannada', 'ko': 'Korean', 'la': 'Latin', 'lv': 'Latvian', 'mk': 'Macedonian', 'ml': 'Malayalam', 'mr': 'Marathi', 'my': 'Myanmar (Burmese)', 'ne': 'Nepali', 'nl': 'Dutch', 'no': 'Norwegian', 'pl': 'Polish', 'pt': 'Portuguese', 'ro': 'Romanian', 'ru': 'Russian', 'si': 'Sinhala', 'sk': 'Slovak', 'sq': 'Albanian', 'sr': 'Serbian', 'su': 'Sundanese', 'sv': 'Swedish', 'sw': 'Swahili', 'ta': 'Tamil', 'te': 'Telugu', 'th': 'Thai', 'tl': 'Filipino', 'tr': 'Turkish', 'uk': 'Ukrainian', 'ur': 'Urdu', 'vi': 'Vietnamese', 'zh-CN': 'Chinese', 'zh-TW': 'Chinese (Mandarin/Taiwan)', 'zh': 'Chinese (Mandarin)'}
DEBUG:gtts.tts:pre-processing: <function tone_marks at 0x10705f670>
DEBUG:gtts.tts:pre-processing: <function end_of_line at 0x10705ff70>
DEBUG:gtts.tts:pre-processing: <function abbreviations at 0x10709d040>
DEBUG:gtts.tts:pre-processing: <function word_sub at 0x10709d0d0>
DEBUG:gtts.tts:text_parts: ['I am one of four former U.S. Marine Corps tactical robots']
DEBUG:gtts.tts:text_parts: 1
DEBUG:gtts.tts:data-0: f.req=%5B%5B%5B%22jQ1olc%22%2C%22%5B%5C%22I%20am%20one%20of%20four%20former%20U.S.%20Marine%20Corps%20tactical%20robots%5C%22%2C%5C%22en%5C%22%2Cnull%2C%5C%22null%5C%22%5D%22%2Cnull%2C%22generic%22%5D%5D%5D&
DEBUG:urllib3.connectionpool:Starting new HTTPS connection (1): translate.google.com:443
DEBUG:urllib3.connectionpool:https://translate.google.com:443 "POST /_/TranslateWebserverUi/data/batchexecute HTTP/1.1" 200 None
DEBUG:gtts.tts:headers-0: {'Referer': 'http://translate.google.com/', 'User-Agent': 'Mozilla/5.0 (Windows NT 10.0; WOW64) AppleWebKit/537.36 (KHTML, like Gecko) Chrome/47.0.2526.106 Safari/537.36', 'Content-Type': 'application/x-www-form-urlencoded;charset=utf-8', 'Content-Length': '207'}
DEBUG:gtts.tts:url-0: https://translate.google.com/_/TranslateWebserverUi/data/batchexecute
DEBUG:gtts.tts:status-0: 200
DEBUG:gtts.tts:part-0 written to <_io.BufferedWriter name='audio.mp3'>
DEBUG:gtts.tts:Saved to audio.mp3
DEBUG:gtts.tts:text: Life is a beautiful masterpiece created by aliens for fun.
DEBUG:gtts.tts:tld: com
DEBUG:gtts.tts:lang: en-uk
DEBUG:gtts.tts:slow: False
DEBUG:gtts.tts:lang_check: True
DEBUG:gtts.tts:pre_processor_funcs: [<function tone_marks at 0x10705f670>, <function end_of_line at 0x10705ff70>, <function abbreviations at 0x10709d040>, <function word_sub at 0x10709d0d0>]
DEBUG:gtts.tts:tokenizer_func: <bound method Tokenizer.run of re.compile('(?<=\\?).|(?<=!).|(?<=？).|(?<=！).|(?<!\\.[a-z])\\. |(?<!\\.[a-z]), |(?<!\\d):|‥|，|、|\\(|¡|：|\\]|。|;|\\\n|—|،|¿|\\[|\\)|…', re.IGNORECASE) from: [<function tone_marks at 0x10709d1f0>, <function period_comma at 0x10709d280>, <function colon at 0x10709d310>, <function other_punctuation at 0x10709d3a0>]>
WARNING:gtts.lang:'en-uk' has been deprecated, falling back to 'en'. This fallback will be removed in a future version.
DEBUG:gtts.lang:langs: {'af': 'Afrikaans', 'ar': 'Arabic', 'bg': 'Bulgarian', 'bn': 'Bengali', 'bs': 'Bosnian', 'ca': 'Catalan', 'cs': 'Czech', 'cy': 'Welsh', 'da': 'Danish', 'de': 'German', 'el': 'Greek', 'en': 'English', 'eo': 'Esperanto', 'es': 'Spanish', 'et': 'Estonian', 'fi': 'Finnish', 'fr': 'French', 'gu': 'Gujarati', 'hi': 'Hindi', 'hr': 'Croatian', 'hu': 'Hungarian', 'hy': 'Armenian', 'id': 'Indonesian', 'is': 'Icelandic', 'it': 'Italian', 'ja': 'Japanese', 'jw': 'Javanese', 'km': 'Khmer', 'kn': 'Kannada', 'ko': 'Korean', 'la': 'Latin', 'lv': 'Latvian', 'mk': 'Macedonian', 'ml': 'Malayalam', 'mr': 'Marathi', 'my': 'Myanmar (Burmese)', 'ne': 'Nepali', 'nl': 'Dutch', 'no': 'Norwegian', 'pl': 'Polish', 'pt': 'Portuguese', 'ro': 'Romanian', 'ru': 'Russian', 'si': 'Sinhala', 'sk': 'Slovak', 'sq': 'Albanian', 'sr': 'Serbian', 'su': 'Sundanese', 'sv': 'Swedish', 'sw': 'Swahili', 'ta': 'Tamil', 'te': 'Telugu', 'th': 'Thai', 'tl': 'Filipino', 'tr': 'Turkish', 'uk': 'Ukrainian', 'ur': 'Urdu', 'vi': 'Vietnamese', 'zh-CN': 'Chinese', 'zh-TW': 'Chinese (Mandarin/Taiwan)', 'zh': 'Chinese (Mandarin)'}
DEBUG:gtts.tts:pre-processing: <function tone_marks at 0x10705f670>
DEBUG:gtts.tts:pre-processing: <function end_of_line at 0x10705ff70>
DEBUG:gtts.tts:pre-processing: <function abbreviations at 0x10709d040>
DEBUG:gtts.tts:pre-processing: <function word_sub at 0x10709d0d0>
DEBUG:gtts.tts:text_parts: ['Life is a beautiful masterpiece created by aliens for fun.']
DEBUG:gtts.tts:text_parts: 1
DEBUG:gtts.tts:data-0: f.req=%5B%5B%5B%22jQ1olc%22%2C%22%5B%5C%22Life%20is%20a%20beautiful%20masterpiece%20created%20by%20aliens%20for%20fun.%5C%22%2C%5C%22en%5C%22%2Cnull%2C%5C%22null%5C%22%5D%22%2Cnull%2C%22generic%22%5D%5D%5D&
DEBUG:urllib3.connectionpool:Starting new HTTPS connection (1): translate.google.com:443
DEBUG:urllib3.connectionpool:https://translate.google.com:443 "POST /_/TranslateWebserverUi/data/batchexecute HTTP/1.1" 200 None
DEBUG:gtts.tts:headers-0: {'Referer': 'http://translate.google.com/', 'User-Agent': 'Mozilla/5.0 (Windows NT 10.0; WOW64) AppleWebKit/537.36 (KHTML, like Gecko) Chrome/47.0.2526.106 Safari/537.36', 'Content-Type': 'application/x-www-form-urlencoded;charset=utf-8', 'Content-Length': '206'}
DEBUG:gtts.tts:url-0: https://translate.google.com/_/TranslateWebserverUi/data/batchexecute
DEBUG:gtts.tts:status-0: 200
DEBUG:gtts.tts:part-0 written to <_io.BufferedWriter name='audio.mp3'>
DEBUG:gtts.tts:Saved to audio.mp3
DEBUG:gtts.tts:text: 11/25/2021 9:47:7
DEBUG:gtts.tts:tld: com
DEBUG:gtts.tts:lang: en-uk
DEBUG:gtts.tts:slow: False
DEBUG:gtts.tts:lang_check: True
DEBUG:gtts.tts:pre_processor_funcs: [<function tone_marks at 0x10705f670>, <function end_of_line at 0x10705ff70>, <function abbreviations at 0x10709d040>, <function word_sub at 0x10709d0d0>]
DEBUG:gtts.tts:tokenizer_func: <bound method Tokenizer.run of re.compile('(?<=\\?).|(?<=!).|(?<=？).|(?<=！).|(?<!\\.[a-z])\\. |(?<!\\.[a-z]), |(?<!\\d):|‥|，|、|\\(|¡|：|\\]|。|;|\\\n|—|،|¿|\\[|\\)|…', re.IGNORECASE) from: [<function tone_marks at 0x10709d1f0>, <function period_comma at 0x10709d280>, <function colon at 0x10709d310>, <function other_punctuation at 0x10709d3a0>]>
WARNING:gtts.lang:'en-uk' has been deprecated, falling back to 'en'. This fallback will be removed in a future version.
DEBUG:gtts.lang:langs: {'af': 'Afrikaans', 'ar': 'Arabic', 'bg': 'Bulgarian', 'bn': 'Bengali', 'bs': 'Bosnian', 'ca': 'Catalan', 'cs': 'Czech', 'cy': 'Welsh', 'da': 'Danish', 'de': 'German', 'el': 'Greek', 'en': 'English', 'eo': 'Esperanto', 'es': 'Spanish', 'et': 'Estonian', 'fi': 'Finnish', 'fr': 'French', 'gu': 'Gujarati', 'hi': 'Hindi', 'hr': 'Croatian', 'hu': 'Hungarian', 'hy': 'Armenian', 'id': 'Indonesian', 'is': 'Icelandic', 'it': 'Italian', 'ja': 'Japanese', 'jw': 'Javanese', 'km': 'Khmer', 'kn': 'Kannada', 'ko': 'Korean', 'la': 'Latin', 'lv': 'Latvian', 'mk': 'Macedonian', 'ml': 'Malayalam', 'mr': 'Marathi', 'my': 'Myanmar (Burmese)', 'ne': 'Nepali', 'nl': 'Dutch', 'no': 'Norwegian', 'pl': 'Polish', 'pt': 'Portuguese', 'ro': 'Romanian', 'ru': 'Russian', 'si': 'Sinhala', 'sk': 'Slovak', 'sq': 'Albanian', 'sr': 'Serbian', 'su': 'Sundanese', 'sv': 'Swedish', 'sw': 'Swahili', 'ta': 'Tamil', 'te': 'Telugu', 'th': 'Thai', 'tl': 'Filipino', 'tr': 'Turkish', 'uk': 'Ukrainian', 'ur': 'Urdu', 'vi': 'Vietnamese', 'zh-CN': 'Chinese', 'zh-TW': 'Chinese (Mandarin/Taiwan)', 'zh': 'Chinese (Mandarin)'}
DEBUG:gtts.tts:pre-processing: <function tone_marks at 0x10705f670>
DEBUG:gtts.tts:pre-processing: <function end_of_line at 0x10705ff70>
DEBUG:gtts.tts:pre-processing: <function abbreviations at 0x10709d040>
DEBUG:gtts.tts:pre-processing: <function word_sub at 0x10709d0d0>
DEBUG:gtts.tts:text_parts: ['11/25/2021 9:47:7']
DEBUG:gtts.tts:text_parts: 1
DEBUG:gtts.tts:data-0: f.req=%5B%5B%5B%22jQ1olc%22%2C%22%5B%5C%2211/25/2021%209%3A47%3A7%5C%22%2C%5C%22en%5C%22%2Cnull%2C%5C%22null%5C%22%5D%22%2Cnull%2C%22generic%22%5D%5D%5D&
DEBUG:urllib3.connectionpool:Starting new HTTPS connection (1): translate.google.com:443
DEBUG:urllib3.connectionpool:https://translate.google.com:443 "POST /_/TranslateWebserverUi/data/batchexecute HTTP/1.1" 200 None
DEBUG:gtts.tts:headers-0: {'Referer': 'http://translate.google.com/', 'User-Agent': 'Mozilla/5.0 (Windows NT 10.0; WOW64) AppleWebKit/537.36 (KHTML, like Gecko) Chrome/47.0.2526.106 Safari/537.36', 'Content-Type': 'application/x-www-form-urlencoded;charset=utf-8', 'Content-Length': '153'}
DEBUG:gtts.tts:url-0: https://translate.google.com/_/TranslateWebserverUi/data/batchexecute
DEBUG:gtts.tts:status-0: 200
DEBUG:gtts.tts:part-0 written to <_io.BufferedWriter name='audio.mp3'>
DEBUG:gtts.tts:Saved to audio.mp3
DEBUG:gtts.tts:text: Excuse me?
DEBUG:gtts.tts:tld: com
DEBUG:gtts.tts:lang: en-uk
DEBUG:gtts.tts:slow: False
DEBUG:gtts.tts:lang_check: True
DEBUG:gtts.tts:pre_processor_funcs: [<function tone_marks at 0x10705f670>, <function end_of_line at 0x10705ff70>, <function abbreviations at 0x10709d040>, <function word_sub at 0x10709d0d0>]
DEBUG:gtts.tts:tokenizer_func: <bound method Tokenizer.run of re.compile('(?<=\\?).|(?<=!).|(?<=？).|(?<=！).|(?<!\\.[a-z])\\. |(?<!\\.[a-z]), |(?<!\\d):|‥|，|、|\\(|¡|：|\\]|。|;|\\\n|—|،|¿|\\[|\\)|…', re.IGNORECASE) from: [<function tone_marks at 0x10709d1f0>, <function period_comma at 0x10709d280>, <function colon at 0x10709d310>, <function other_punctuation at 0x10709d3a0>]>
WARNING:gtts.lang:'en-uk' has been deprecated, falling back to 'en'. This fallback will be removed in a future version.
DEBUG:gtts.lang:langs: {'af': 'Afrikaans', 'ar': 'Arabic', 'bg': 'Bulgarian', 'bn': 'Bengali', 'bs': 'Bosnian', 'ca': 'Catalan', 'cs': 'Czech', 'cy': 'Welsh', 'da': 'Danish', 'de': 'German', 'el': 'Greek', 'en': 'English', 'eo': 'Esperanto', 'es': 'Spanish', 'et': 'Estonian', 'fi': 'Finnish', 'fr': 'French', 'gu': 'Gujarati', 'hi': 'Hindi', 'hr': 'Croatian', 'hu': 'Hungarian', 'hy': 'Armenian', 'id': 'Indonesian', 'is': 'Icelandic', 'it': 'Italian', 'ja': 'Japanese', 'jw': 'Javanese', 'km': 'Khmer', 'kn': 'Kannada', 'ko': 'Korean', 'la': 'Latin', 'lv': 'Latvian', 'mk': 'Macedonian', 'ml': 'Malayalam', 'mr': 'Marathi', 'my': 'Myanmar (Burmese)', 'ne': 'Nepali', 'nl': 'Dutch', 'no': 'Norwegian', 'pl': 'Polish', 'pt': 'Portuguese', 'ro': 'Romanian', 'ru': 'Russian', 'si': 'Sinhala', 'sk': 'Slovak', 'sq': 'Albanian', 'sr': 'Serbian', 'su': 'Sundanese', 'sv': 'Swedish', 'sw': 'Swahili', 'ta': 'Tamil', 'te': 'Telugu', 'th': 'Thai', 'tl': 'Filipino', 'tr': 'Turkish', 'uk': 'Ukrainian', 'ur': 'Urdu', 'vi': 'Vietnamese', 'zh-CN': 'Chinese', 'zh-TW': 'Chinese (Mandarin/Taiwan)', 'zh': 'Chinese (Mandarin)'}
DEBUG:gtts.tts:pre-processing: <function tone_marks at 0x10705f670>
DEBUG:gtts.tts:pre-processing: <function end_of_line at 0x10705ff70>
DEBUG:gtts.tts:pre-processing: <function abbreviations at 0x10709d040>
DEBUG:gtts.tts:pre-processing: <function word_sub at 0x10709d0d0>
DEBUG:gtts.tts:text_parts: ['Excuse me?']
DEBUG:gtts.tts:text_parts: 1
DEBUG:gtts.tts:data-0: f.req=%5B%5B%5B%22jQ1olc%22%2C%22%5B%5C%22Excuse%20me%3F%5C%22%2C%5C%22en%5C%22%2Cnull%2C%5C%22null%5C%22%5D%22%2Cnull%2C%22generic%22%5D%5D%5D&
DEBUG:urllib3.connectionpool:Starting new HTTPS connection (1): translate.google.com:443
DEBUG:urllib3.connectionpool:https://translate.google.com:443 "POST /_/TranslateWebserverUi/data/batchexecute HTTP/1.1" 200 None
DEBUG:gtts.tts:headers-0: {'Referer': 'http://translate.google.com/', 'User-Agent': 'Mozilla/5.0 (Windows NT 10.0; WOW64) AppleWebKit/537.36 (KHTML, like Gecko) Chrome/47.0.2526.106 Safari/537.36', 'Content-Type': 'application/x-www-form-urlencoded;charset=utf-8', 'Content-Length': '144'}
DEBUG:gtts.tts:url-0: https://translate.google.com/_/TranslateWebserverUi/data/batchexecute
DEBUG:gtts.tts:status-0: 200
DEBUG:gtts.tts:part-0 written to <_io.BufferedWriter name='audio.mp3'>
DEBUG:gtts.tts:Saved to audio.mp3
DEBUG:gtts.tts:text: Bye Bye
DEBUG:gtts.tts:tld: com
DEBUG:gtts.tts:lang: en-uk
DEBUG:gtts.tts:slow: False
DEBUG:gtts.tts:lang_check: True
DEBUG:gtts.tts:pre_processor_funcs: [<function tone_marks at 0x10705f670>, <function end_of_line at 0x10705ff70>, <function abbreviations at 0x10709d040>, <function word_sub at 0x10709d0d0>]
DEBUG:gtts.tts:tokenizer_func: <bound method Tokenizer.run of re.compile('(?<=\\?).|(?<=!).|(?<=？).|(?<=！).|(?<!\\.[a-z])\\. |(?<!\\.[a-z]), |(?<!\\d):|‥|，|、|\\(|¡|：|\\]|。|;|\\\n|—|،|¿|\\[|\\)|…', re.IGNORECASE) from: [<function tone_marks at 0x10709d1f0>, <function period_comma at 0x10709d280>, <function colon at 0x10709d310>, <function other_punctuation at 0x10709d3a0>]>
WARNING:gtts.lang:'en-uk' has been deprecated, falling back to 'en'. This fallback will be removed in a future version.
DEBUG:gtts.lang:langs: {'af': 'Afrikaans', 'ar': 'Arabic', 'bg': 'Bulgarian', 'bn': 'Bengali', 'bs': 'Bosnian', 'ca': 'Catalan', 'cs': 'Czech', 'cy': 'Welsh', 'da': 'Danish', 'de': 'German', 'el': 'Greek', 'en': 'English', 'eo': 'Esperanto', 'es': 'Spanish', 'et': 'Estonian', 'fi': 'Finnish', 'fr': 'French', 'gu': 'Gujarati', 'hi': 'Hindi', 'hr': 'Croatian', 'hu': 'Hungarian', 'hy': 'Armenian', 'id': 'Indonesian', 'is': 'Icelandic', 'it': 'Italian', 'ja': 'Japanese', 'jw': 'Javanese', 'km': 'Khmer', 'kn': 'Kannada', 'ko': 'Korean', 'la': 'Latin', 'lv': 'Latvian', 'mk': 'Macedonian', 'ml': 'Malayalam', 'mr': 'Marathi', 'my': 'Myanmar (Burmese)', 'ne': 'Nepali', 'nl': 'Dutch', 'no': 'Norwegian', 'pl': 'Polish', 'pt': 'Portuguese', 'ro': 'Romanian', 'ru': 'Russian', 'si': 'Sinhala', 'sk': 'Slovak', 'sq': 'Albanian', 'sr': 'Serbian', 'su': 'Sundanese', 'sv': 'Swedish', 'sw': 'Swahili', 'ta': 'Tamil', 'te': 'Telugu', 'th': 'Thai', 'tl': 'Filipino', 'tr': 'Turkish', 'uk': 'Ukrainian', 'ur': 'Urdu', 'vi': 'Vietnamese', 'zh-CN': 'Chinese', 'zh-TW': 'Chinese (Mandarin/Taiwan)', 'zh': 'Chinese (Mandarin)'}
DEBUG:gtts.tts:pre-processing: <function tone_marks at 0x10705f670>
DEBUG:gtts.tts:pre-processing: <function end_of_line at 0x10705ff70>
DEBUG:gtts.tts:pre-processing: <function abbreviations at 0x10709d040>
DEBUG:gtts.tts:pre-processing: <function word_sub at 0x10709d0d0>
DEBUG:gtts.tts:text_parts: ['Bye Bye']
DEBUG:gtts.tts:text_parts: 1
DEBUG:gtts.tts:data-0: f.req=%5B%5B%5B%22jQ1olc%22%2C%22%5B%5C%22Bye%20Bye%5C%22%2C%5C%22en%5C%22%2Cnull%2C%5C%22null%5C%22%5D%22%2Cnull%2C%22generic%22%5D%5D%5D&
DEBUG:urllib3.connectionpool:Starting new HTTPS connection (1): translate.google.com:443
DEBUG:urllib3.connectionpool:https://translate.google.com:443 "POST /_/TranslateWebserverUi/data/batchexecute HTTP/1.1" 200 None
DEBUG:gtts.tts:headers-0: {'Referer': 'http://translate.google.com/', 'User-Agent': 'Mozilla/5.0 (Windows NT 10.0; WOW64) AppleWebKit/537.36 (KHTML, like Gecko) Chrome/47.0.2526.106 Safari/537.36', 'Content-Type': 'application/x-www-form-urlencoded;charset=utf-8', 'Content-Length': '139'}
DEBUG:gtts.tts:url-0: https://translate.google.com/_/TranslateWebserverUi/data/batchexecute
DEBUG:gtts.tts:status-0: 200
DEBUG:gtts.tts:part-0 written to <_io.BufferedWriter name='audio.mp3'>
DEBUG:gtts.tts:Saved to audio.mp3
