DEBUG:gtts.tts:text: I D S Project 2 point O activated!
DEBUG:gtts.tts:tld: com
DEBUG:gtts.tts:lang: en-uk
DEBUG:gtts.tts:slow: False
DEBUG:gtts.tts:lang_check: True
DEBUG:gtts.tts:pre_processor_funcs: [<function tone_marks at 0x10d643670>, <function end_of_line at 0x10d643f70>, <function abbreviations at 0x10d681040>, <function word_sub at 0x10d6810d0>]
DEBUG:gtts.tts:tokenizer_func: <bound method Tokenizer.run of re.compile('(?<=\\?).|(?<=!).|(?<=？).|(?<=！).|(?<!\\.[a-z])\\. |(?<!\\.[a-z]), |(?<!\\d):|\\(|\\]|，|、|—|،|\\)|。|\\[|…|¡|;|‥|：|\\\n|¿', re.IGNORECASE) from: [<function tone_marks at 0x10d6811f0>, <function period_comma at 0x10d681280>, <function colon at 0x10d681310>, <function other_punctuation at 0x10d6813a0>]>
WARNING:gtts.lang:'en-uk' has been deprecated, falling back to 'en'. This fallback will be removed in a future version.
DEBUG:gtts.lang:langs: {'af': 'Afrikaans', 'ar': 'Arabic', 'bg': 'Bulgarian', 'bn': 'Bengali', 'bs': 'Bosnian', 'ca': 'Catalan', 'cs': 'Czech', 'cy': 'Welsh', 'da': 'Danish', 'de': 'German', 'el': 'Greek', 'en': 'English', 'eo': 'Esperanto', 'es': 'Spanish', 'et': 'Estonian', 'fi': 'Finnish', 'fr': 'French', 'gu': 'Gujarati', 'hi': 'Hindi', 'hr': 'Croatian', 'hu': 'Hungarian', 'hy': 'Armenian', 'id': 'Indonesian', 'is': 'Icelandic', 'it': 'Italian', 'ja': 'Japanese', 'jw': 'Javanese', 'km': 'Khmer', 'kn': 'Kannada', 'ko': 'Korean', 'la': 'Latin', 'lv': 'Latvian', 'mk': 'Macedonian', 'ml': 'Malayalam', 'mr': 'Marathi', 'my': 'Myanmar (Burmese)', 'ne': 'Nepali', 'nl': 'Dutch', 'no': 'Norwegian', 'pl': 'Polish', 'pt': 'Portuguese', 'ro': 'Romanian', 'ru': 'Russian', 'si': 'Sinhala', 'sk': 'Slovak', 'sq': 'Albanian', 'sr': 'Serbian', 'su': 'Sundanese', 'sv': 'Swedish', 'sw': 'Swahili', 'ta': 'Tamil', 'te': 'Telugu', 'th': 'Thai', 'tl': 'Filipino', 'tr': 'Turkish', 'uk': 'Ukrainian', 'ur': 'Urdu', 'vi': 'Vietnamese', 'zh-CN': 'Chinese', 'zh-TW': 'Chinese (Mandarin/Taiwan)', 'zh': 'Chinese (Mandarin)'}
DEBUG:gtts.tts:pre-processing: <function tone_marks at 0x10d643670>
DEBUG:gtts.tts:pre-processing: <function end_of_line at 0x10d643f70>
DEBUG:gtts.tts:pre-processing: <function abbreviations at 0x10d681040>
DEBUG:gtts.tts:pre-processing: <function word_sub at 0x10d6810d0>
DEBUG:gtts.tts:text_parts: ['I D S Project 2 point O activated!']
DEBUG:gtts.tts:text_parts: 1
DEBUG:gtts.tts:data-0: f.req=%5B%5B%5B%22jQ1olc%22%2C%22%5B%5C%22I%20D%20S%20Project%202%20point%20O%20activated%21%5C%22%2C%5C%22en%5C%22%2Cnull%2C%5C%22null%5C%22%5D%22%2Cnull%2C%22generic%22%5D%5D%5D&
DEBUG:urllib3.connectionpool:Starting new HTTPS connection (1): translate.google.com:443
DEBUG:urllib3.connectionpool:https://translate.google.com:443 "POST /_/TranslateWebserverUi/data/batchexecute HTTP/1.1" 200 None
DEBUG:gtts.tts:headers-0: {'Referer': 'http://translate.google.com/', 'User-Agent': 'Mozilla/5.0 (Windows NT 10.0; WOW64) AppleWebKit/537.36 (KHTML, like Gecko) Chrome/47.0.2526.106 Safari/537.36', 'Content-Type': 'application/x-www-form-urlencoded;charset=utf-8', 'Content-Length': '180'}
DEBUG:gtts.tts:url-0: https://translate.google.com/_/TranslateWebserverUi/data/batchexecute
DEBUG:gtts.tts:status-0: 200
DEBUG:gtts.tts:part-0 written to <_io.BufferedWriter name='audio.mp3'>
DEBUG:gtts.tts:Saved to audio.mp3
DEBUG:gtts.tts:text: I D S Project 2 point O activated!
DEBUG:gtts.tts:tld: com
DEBUG:gtts.tts:lang: en-uk
DEBUG:gtts.tts:slow: False
DEBUG:gtts.tts:lang_check: True
DEBUG:gtts.tts:pre_processor_funcs: [<function tone_marks at 0x10b593670>, <function end_of_line at 0x10b593f70>, <function abbreviations at 0x10b5d0040>, <function word_sub at 0x10b5d00d0>]
DEBUG:gtts.tts:tokenizer_func: <bound method Tokenizer.run of re.compile('(?<=\\?).|(?<=!).|(?<=？).|(?<=！).|(?<!\\.[a-z])\\. |(?<!\\.[a-z]), |(?<!\\d):|\\[|。|…|，|\\)|‥|،|\\(|¡|;|\\]|¿|：|、|\\\n|—', re.IGNORECASE) from: [<function tone_marks at 0x10b5d01f0>, <function period_comma at 0x10b5d0280>, <function colon at 0x10b5d0310>, <function other_punctuation at 0x10b5d03a0>]>
WARNING:gtts.lang:'en-uk' has been deprecated, falling back to 'en'. This fallback will be removed in a future version.
DEBUG:gtts.lang:langs: {'af': 'Afrikaans', 'ar': 'Arabic', 'bg': 'Bulgarian', 'bn': 'Bengali', 'bs': 'Bosnian', 'ca': 'Catalan', 'cs': 'Czech', 'cy': 'Welsh', 'da': 'Danish', 'de': 'German', 'el': 'Greek', 'en': 'English', 'eo': 'Esperanto', 'es': 'Spanish', 'et': 'Estonian', 'fi': 'Finnish', 'fr': 'French', 'gu': 'Gujarati', 'hi': 'Hindi', 'hr': 'Croatian', 'hu': 'Hungarian', 'hy': 'Armenian', 'id': 'Indonesian', 'is': 'Icelandic', 'it': 'Italian', 'ja': 'Japanese', 'jw': 'Javanese', 'km': 'Khmer', 'kn': 'Kannada', 'ko': 'Korean', 'la': 'Latin', 'lv': 'Latvian', 'mk': 'Macedonian', 'ml': 'Malayalam', 'mr': 'Marathi', 'my': 'Myanmar (Burmese)', 'ne': 'Nepali', 'nl': 'Dutch', 'no': 'Norwegian', 'pl': 'Polish', 'pt': 'Portuguese', 'ro': 'Romanian', 'ru': 'Russian', 'si': 'Sinhala', 'sk': 'Slovak', 'sq': 'Albanian', 'sr': 'Serbian', 'su': 'Sundanese', 'sv': 'Swedish', 'sw': 'Swahili', 'ta': 'Tamil', 'te': 'Telugu', 'th': 'Thai', 'tl': 'Filipino', 'tr': 'Turkish', 'uk': 'Ukrainian', 'ur': 'Urdu', 'vi': 'Vietnamese', 'zh-CN': 'Chinese', 'zh-TW': 'Chinese (Mandarin/Taiwan)', 'zh': 'Chinese (Mandarin)'}
DEBUG:gtts.tts:pre-processing: <function tone_marks at 0x10b593670>
DEBUG:gtts.tts:pre-processing: <function end_of_line at 0x10b593f70>
DEBUG:gtts.tts:pre-processing: <function abbreviations at 0x10b5d0040>
DEBUG:gtts.tts:pre-processing: <function word_sub at 0x10b5d00d0>
DEBUG:gtts.tts:text_parts: ['I D S Project 2 point O activated!']
DEBUG:gtts.tts:text_parts: 1
DEBUG:gtts.tts:data-0: f.req=%5B%5B%5B%22jQ1olc%22%2C%22%5B%5C%22I%20D%20S%20Project%202%20point%20O%20activated%21%5C%22%2C%5C%22en%5C%22%2Cnull%2C%5C%22null%5C%22%5D%22%2Cnull%2C%22generic%22%5D%5D%5D&
DEBUG:urllib3.connectionpool:Starting new HTTPS connection (1): translate.google.com:443
DEBUG:urllib3.connectionpool:https://translate.google.com:443 "POST /_/TranslateWebserverUi/data/batchexecute HTTP/1.1" 200 None
DEBUG:gtts.tts:headers-0: {'Referer': 'http://translate.google.com/', 'User-Agent': 'Mozilla/5.0 (Windows NT 10.0; WOW64) AppleWebKit/537.36 (KHTML, like Gecko) Chrome/47.0.2526.106 Safari/537.36', 'Content-Type': 'application/x-www-form-urlencoded;charset=utf-8', 'Content-Length': '180'}
DEBUG:gtts.tts:url-0: https://translate.google.com/_/TranslateWebserverUi/data/batchexecute
DEBUG:gtts.tts:status-0: 200
DEBUG:gtts.tts:part-0 written to <_io.BufferedWriter name='audio.mp3'>
DEBUG:gtts.tts:Saved to audio.mp3
DEBUG:gtts.tts:text: I D S Project 2 point O activated!
DEBUG:gtts.tts:tld: com
DEBUG:gtts.tts:lang: en-uk
DEBUG:gtts.tts:slow: False
DEBUG:gtts.tts:lang_check: True
DEBUG:gtts.tts:pre_processor_funcs: [<function tone_marks at 0x10d241670>, <function end_of_line at 0x10d241f70>, <function abbreviations at 0x10d27e040>, <function word_sub at 0x10d27e0d0>]
DEBUG:gtts.tts:tokenizer_func: <bound method Tokenizer.run of re.compile('(?<=\\?).|(?<=!).|(?<=？).|(?<=！).|(?<!\\.[a-z])\\. |(?<!\\.[a-z]), |(?<!\\d):|\\)|\\[|\\]|\\\n|：|—|…|、|،|¡|;|，|\\(|¿|。|‥', re.IGNORECASE) from: [<function tone_marks at 0x10d27e1f0>, <function period_comma at 0x10d27e280>, <function colon at 0x10d27e310>, <function other_punctuation at 0x10d27e3a0>]>
WARNING:gtts.lang:'en-uk' has been deprecated, falling back to 'en'. This fallback will be removed in a future version.
DEBUG:gtts.lang:langs: {'af': 'Afrikaans', 'ar': 'Arabic', 'bg': 'Bulgarian', 'bn': 'Bengali', 'bs': 'Bosnian', 'ca': 'Catalan', 'cs': 'Czech', 'cy': 'Welsh', 'da': 'Danish', 'de': 'German', 'el': 'Greek', 'en': 'English', 'eo': 'Esperanto', 'es': 'Spanish', 'et': 'Estonian', 'fi': 'Finnish', 'fr': 'French', 'gu': 'Gujarati', 'hi': 'Hindi', 'hr': 'Croatian', 'hu': 'Hungarian', 'hy': 'Armenian', 'id': 'Indonesian', 'is': 'Icelandic', 'it': 'Italian', 'ja': 'Japanese', 'jw': 'Javanese', 'km': 'Khmer', 'kn': 'Kannada', 'ko': 'Korean', 'la': 'Latin', 'lv': 'Latvian', 'mk': 'Macedonian', 'ml': 'Malayalam', 'mr': 'Marathi', 'my': 'Myanmar (Burmese)', 'ne': 'Nepali', 'nl': 'Dutch', 'no': 'Norwegian', 'pl': 'Polish', 'pt': 'Portuguese', 'ro': 'Romanian', 'ru': 'Russian', 'si': 'Sinhala', 'sk': 'Slovak', 'sq': 'Albanian', 'sr': 'Serbian', 'su': 'Sundanese', 'sv': 'Swedish', 'sw': 'Swahili', 'ta': 'Tamil', 'te': 'Telugu', 'th': 'Thai', 'tl': 'Filipino', 'tr': 'Turkish', 'uk': 'Ukrainian', 'ur': 'Urdu', 'vi': 'Vietnamese', 'zh-CN': 'Chinese', 'zh-TW': 'Chinese (Mandarin/Taiwan)', 'zh': 'Chinese (Mandarin)'}
DEBUG:gtts.tts:pre-processing: <function tone_marks at 0x10d241670>
DEBUG:gtts.tts:pre-processing: <function end_of_line at 0x10d241f70>
DEBUG:gtts.tts:pre-processing: <function abbreviations at 0x10d27e040>
DEBUG:gtts.tts:pre-processing: <function word_sub at 0x10d27e0d0>
DEBUG:gtts.tts:text_parts: ['I D S Project 2 point O activated!']
DEBUG:gtts.tts:text_parts: 1
DEBUG:gtts.tts:data-0: f.req=%5B%5B%5B%22jQ1olc%22%2C%22%5B%5C%22I%20D%20S%20Project%202%20point%20O%20activated%21%5C%22%2C%5C%22en%5C%22%2Cnull%2C%5C%22null%5C%22%5D%22%2Cnull%2C%22generic%22%5D%5D%5D&
DEBUG:urllib3.connectionpool:Starting new HTTPS connection (1): translate.google.com:443
DEBUG:urllib3.connectionpool:https://translate.google.com:443 "POST /_/TranslateWebserverUi/data/batchexecute HTTP/1.1" 200 None
DEBUG:gtts.tts:headers-0: {'Referer': 'http://translate.google.com/', 'User-Agent': 'Mozilla/5.0 (Windows NT 10.0; WOW64) AppleWebKit/537.36 (KHTML, like Gecko) Chrome/47.0.2526.106 Safari/537.36', 'Content-Type': 'application/x-www-form-urlencoded;charset=utf-8', 'Content-Length': '180'}
DEBUG:gtts.tts:url-0: https://translate.google.com/_/TranslateWebserverUi/data/batchexecute
DEBUG:gtts.tts:status-0: 200
DEBUG:gtts.tts:part-0 written to <_io.BufferedWriter name='audio.mp3'>
DEBUG:gtts.tts:Saved to audio.mp3
DEBUG:gtts.tts:text: Hello! I am I D S 2 point O. How can I help you?
DEBUG:gtts.tts:tld: com
DEBUG:gtts.tts:lang: en-uk
DEBUG:gtts.tts:slow: False
DEBUG:gtts.tts:lang_check: True
DEBUG:gtts.tts:pre_processor_funcs: [<function tone_marks at 0x10d241670>, <function end_of_line at 0x10d241f70>, <function abbreviations at 0x10d27e040>, <function word_sub at 0x10d27e0d0>]
DEBUG:gtts.tts:tokenizer_func: <bound method Tokenizer.run of re.compile('(?<=\\?).|(?<=!).|(?<=？).|(?<=！).|(?<!\\.[a-z])\\. |(?<!\\.[a-z]), |(?<!\\d):|\\)|\\[|\\]|\\\n|：|—|…|、|،|¡|;|，|\\(|¿|。|‥', re.IGNORECASE) from: [<function tone_marks at 0x10d27e1f0>, <function period_comma at 0x10d27e280>, <function colon at 0x10d27e310>, <function other_punctuation at 0x10d27e3a0>]>
WARNING:gtts.lang:'en-uk' has been deprecated, falling back to 'en'. This fallback will be removed in a future version.
DEBUG:gtts.lang:langs: {'af': 'Afrikaans', 'ar': 'Arabic', 'bg': 'Bulgarian', 'bn': 'Bengali', 'bs': 'Bosnian', 'ca': 'Catalan', 'cs': 'Czech', 'cy': 'Welsh', 'da': 'Danish', 'de': 'German', 'el': 'Greek', 'en': 'English', 'eo': 'Esperanto', 'es': 'Spanish', 'et': 'Estonian', 'fi': 'Finnish', 'fr': 'French', 'gu': 'Gujarati', 'hi': 'Hindi', 'hr': 'Croatian', 'hu': 'Hungarian', 'hy': 'Armenian', 'id': 'Indonesian', 'is': 'Icelandic', 'it': 'Italian', 'ja': 'Japanese', 'jw': 'Javanese', 'km': 'Khmer', 'kn': 'Kannada', 'ko': 'Korean', 'la': 'Latin', 'lv': 'Latvian', 'mk': 'Macedonian', 'ml': 'Malayalam', 'mr': 'Marathi', 'my': 'Myanmar (Burmese)', 'ne': 'Nepali', 'nl': 'Dutch', 'no': 'Norwegian', 'pl': 'Polish', 'pt': 'Portuguese', 'ro': 'Romanian', 'ru': 'Russian', 'si': 'Sinhala', 'sk': 'Slovak', 'sq': 'Albanian', 'sr': 'Serbian', 'su': 'Sundanese', 'sv': 'Swedish', 'sw': 'Swahili', 'ta': 'Tamil', 'te': 'Telugu', 'th': 'Thai', 'tl': 'Filipino', 'tr': 'Turkish', 'uk': 'Ukrainian', 'ur': 'Urdu', 'vi': 'Vietnamese', 'zh-CN': 'Chinese', 'zh-TW': 'Chinese (Mandarin/Taiwan)', 'zh': 'Chinese (Mandarin)'}
DEBUG:gtts.tts:pre-processing: <function tone_marks at 0x10d241670>
DEBUG:gtts.tts:pre-processing: <function end_of_line at 0x10d241f70>
DEBUG:gtts.tts:pre-processing: <function abbreviations at 0x10d27e040>
DEBUG:gtts.tts:pre-processing: <function word_sub at 0x10d27e0d0>
DEBUG:gtts.tts:text_parts: ['Hello!  I am I D S 2 point O. How can I help you?']
DEBUG:gtts.tts:text_parts: 1
DEBUG:gtts.tts:data-0: f.req=%5B%5B%5B%22jQ1olc%22%2C%22%5B%5C%22Hello%21%20%20I%20am%20I%20D%20S%202%20point%20O.%20How%20can%20I%20help%20you%3F%5C%22%2C%5C%22en%5C%22%2Cnull%2C%5C%22null%5C%22%5D%22%2Cnull%2C%22generic%22%5D%5D%5D&
DEBUG:urllib3.connectionpool:Starting new HTTPS connection (1): translate.google.com:443
DEBUG:urllib3.connectionpool:https://translate.google.com:443 "POST /_/TranslateWebserverUi/data/batchexecute HTTP/1.1" 200 None
DEBUG:gtts.tts:headers-0: {'Referer': 'http://translate.google.com/', 'User-Agent': 'Mozilla/5.0 (Windows NT 10.0; WOW64) AppleWebKit/537.36 (KHTML, like Gecko) Chrome/47.0.2526.106 Safari/537.36', 'Content-Type': 'application/x-www-form-urlencoded;charset=utf-8', 'Content-Length': '211'}
DEBUG:gtts.tts:url-0: https://translate.google.com/_/TranslateWebserverUi/data/batchexecute
DEBUG:gtts.tts:status-0: 200
DEBUG:gtts.tts:part-0 written to <_io.BufferedWriter name='audio.mp3'>
DEBUG:gtts.tts:Saved to audio.mp3
DEBUG:urllib3.connectionpool:Starting new HTTP connection (1): api.openweathermap.org:80
DEBUG:urllib3.connectionpool:http://api.openweathermap.org:80 "GET /data/2.5/weather?q=%20copenhagen&appid=6149d074888b082134996aa4787a069a&units=metric HTTP/1.1" 200 471
DEBUG:gtts.tts:text: It is 6 degree celcius in  copenhagen
DEBUG:gtts.tts:tld: com
DEBUG:gtts.tts:lang: en-uk
DEBUG:gtts.tts:slow: False
DEBUG:gtts.tts:lang_check: True
DEBUG:gtts.tts:pre_processor_funcs: [<function tone_marks at 0x10d241670>, <function end_of_line at 0x10d241f70>, <function abbreviations at 0x10d27e040>, <function word_sub at 0x10d27e0d0>]
DEBUG:gtts.tts:tokenizer_func: <bound method Tokenizer.run of re.compile('(?<=\\?).|(?<=!).|(?<=？).|(?<=！).|(?<!\\.[a-z])\\. |(?<!\\.[a-z]), |(?<!\\d):|\\)|\\[|\\]|\\\n|：|—|…|、|،|¡|;|，|\\(|¿|。|‥', re.IGNORECASE) from: [<function tone_marks at 0x10d27e1f0>, <function period_comma at 0x10d27e280>, <function colon at 0x10d27e310>, <function other_punctuation at 0x10d27e3a0>]>
WARNING:gtts.lang:'en-uk' has been deprecated, falling back to 'en'. This fallback will be removed in a future version.
DEBUG:gtts.lang:langs: {'af': 'Afrikaans', 'ar': 'Arabic', 'bg': 'Bulgarian', 'bn': 'Bengali', 'bs': 'Bosnian', 'ca': 'Catalan', 'cs': 'Czech', 'cy': 'Welsh', 'da': 'Danish', 'de': 'German', 'el': 'Greek', 'en': 'English', 'eo': 'Esperanto', 'es': 'Spanish', 'et': 'Estonian', 'fi': 'Finnish', 'fr': 'French', 'gu': 'Gujarati', 'hi': 'Hindi', 'hr': 'Croatian', 'hu': 'Hungarian', 'hy': 'Armenian', 'id': 'Indonesian', 'is': 'Icelandic', 'it': 'Italian', 'ja': 'Japanese', 'jw': 'Javanese', 'km': 'Khmer', 'kn': 'Kannada', 'ko': 'Korean', 'la': 'Latin', 'lv': 'Latvian', 'mk': 'Macedonian', 'ml': 'Malayalam', 'mr': 'Marathi', 'my': 'Myanmar (Burmese)', 'ne': 'Nepali', 'nl': 'Dutch', 'no': 'Norwegian', 'pl': 'Polish', 'pt': 'Portuguese', 'ro': 'Romanian', 'ru': 'Russian', 'si': 'Sinhala', 'sk': 'Slovak', 'sq': 'Albanian', 'sr': 'Serbian', 'su': 'Sundanese', 'sv': 'Swedish', 'sw': 'Swahili', 'ta': 'Tamil', 'te': 'Telugu', 'th': 'Thai', 'tl': 'Filipino', 'tr': 'Turkish', 'uk': 'Ukrainian', 'ur': 'Urdu', 'vi': 'Vietnamese', 'zh-CN': 'Chinese', 'zh-TW': 'Chinese (Mandarin/Taiwan)', 'zh': 'Chinese (Mandarin)'}
DEBUG:gtts.tts:pre-processing: <function tone_marks at 0x10d241670>
DEBUG:gtts.tts:pre-processing: <function end_of_line at 0x10d241f70>
DEBUG:gtts.tts:pre-processing: <function abbreviations at 0x10d27e040>
DEBUG:gtts.tts:pre-processing: <function word_sub at 0x10d27e0d0>
DEBUG:gtts.tts:text_parts: ['It is 6 degree celcius in  copenhagen']
DEBUG:gtts.tts:text_parts: 1
DEBUG:gtts.tts:data-0: f.req=%5B%5B%5B%22jQ1olc%22%2C%22%5B%5C%22It%20is%206%20degree%20celcius%20in%20%20copenhagen%5C%22%2C%5C%22en%5C%22%2Cnull%2C%5C%22null%5C%22%5D%22%2Cnull%2C%22generic%22%5D%5D%5D&
DEBUG:urllib3.connectionpool:Starting new HTTPS connection (1): translate.google.com:443
DEBUG:urllib3.connectionpool:https://translate.google.com:443 "POST /_/TranslateWebserverUi/data/batchexecute HTTP/1.1" 200 None
DEBUG:gtts.tts:headers-0: {'Referer': 'http://translate.google.com/', 'User-Agent': 'Mozilla/5.0 (Windows NT 10.0; WOW64) AppleWebKit/537.36 (KHTML, like Gecko) Chrome/47.0.2526.106 Safari/537.36', 'Content-Type': 'application/x-www-form-urlencoded;charset=utf-8', 'Content-Length': '181'}
DEBUG:gtts.tts:url-0: https://translate.google.com/_/TranslateWebserverUi/data/batchexecute
DEBUG:gtts.tts:status-0: 200
DEBUG:gtts.tts:part-0 written to <_io.BufferedWriter name='audio.mp3'>
DEBUG:gtts.tts:Saved to audio.mp3
DEBUG:gtts.tts:text: I am one of four former U.S. Marine Corps tactical robots
DEBUG:gtts.tts:tld: com
DEBUG:gtts.tts:lang: en-uk
DEBUG:gtts.tts:slow: False
DEBUG:gtts.tts:lang_check: True
DEBUG:gtts.tts:pre_processor_funcs: [<function tone_marks at 0x10d241670>, <function end_of_line at 0x10d241f70>, <function abbreviations at 0x10d27e040>, <function word_sub at 0x10d27e0d0>]
DEBUG:gtts.tts:tokenizer_func: <bound method Tokenizer.run of re.compile('(?<=\\?).|(?<=!).|(?<=？).|(?<=！).|(?<!\\.[a-z])\\. |(?<!\\.[a-z]), |(?<!\\d):|\\)|\\[|\\]|\\\n|：|—|…|、|،|¡|;|，|\\(|¿|。|‥', re.IGNORECASE) from: [<function tone_marks at 0x10d27e1f0>, <function period_comma at 0x10d27e280>, <function colon at 0x10d27e310>, <function other_punctuation at 0x10d27e3a0>]>
WARNING:gtts.lang:'en-uk' has been deprecated, falling back to 'en'. This fallback will be removed in a future version.
DEBUG:gtts.lang:langs: {'af': 'Afrikaans', 'ar': 'Arabic', 'bg': 'Bulgarian', 'bn': 'Bengali', 'bs': 'Bosnian', 'ca': 'Catalan', 'cs': 'Czech', 'cy': 'Welsh', 'da': 'Danish', 'de': 'German', 'el': 'Greek', 'en': 'English', 'eo': 'Esperanto', 'es': 'Spanish', 'et': 'Estonian', 'fi': 'Finnish', 'fr': 'French', 'gu': 'Gujarati', 'hi': 'Hindi', 'hr': 'Croatian', 'hu': 'Hungarian', 'hy': 'Armenian', 'id': 'Indonesian', 'is': 'Icelandic', 'it': 'Italian', 'ja': 'Japanese', 'jw': 'Javanese', 'km': 'Khmer', 'kn': 'Kannada', 'ko': 'Korean', 'la': 'Latin', 'lv': 'Latvian', 'mk': 'Macedonian', 'ml': 'Malayalam', 'mr': 'Marathi', 'my': 'Myanmar (Burmese)', 'ne': 'Nepali', 'nl': 'Dutch', 'no': 'Norwegian', 'pl': 'Polish', 'pt': 'Portuguese', 'ro': 'Romanian', 'ru': 'Russian', 'si': 'Sinhala', 'sk': 'Slovak', 'sq': 'Albanian', 'sr': 'Serbian', 'su': 'Sundanese', 'sv': 'Swedish', 'sw': 'Swahili', 'ta': 'Tamil', 'te': 'Telugu', 'th': 'Thai', 'tl': 'Filipino', 'tr': 'Turkish', 'uk': 'Ukrainian', 'ur': 'Urdu', 'vi': 'Vietnamese', 'zh-CN': 'Chinese', 'zh-TW': 'Chinese (Mandarin/Taiwan)', 'zh': 'Chinese (Mandarin)'}
DEBUG:gtts.tts:pre-processing: <function tone_marks at 0x10d241670>
DEBUG:gtts.tts:pre-processing: <function end_of_line at 0x10d241f70>
DEBUG:gtts.tts:pre-processing: <function abbreviations at 0x10d27e040>
DEBUG:gtts.tts:pre-processing: <function word_sub at 0x10d27e0d0>
DEBUG:gtts.tts:text_parts: ['I am one of four former U.S. Marine Corps tactical robots']
DEBUG:gtts.tts:text_parts: 1
DEBUG:gtts.tts:data-0: f.req=%5B%5B%5B%22jQ1olc%22%2C%22%5B%5C%22I%20am%20one%20of%20four%20former%20U.S.%20Marine%20Corps%20tactical%20robots%5C%22%2C%5C%22en%5C%22%2Cnull%2C%5C%22null%5C%22%5D%22%2Cnull%2C%22generic%22%5D%5D%5D&
DEBUG:urllib3.connectionpool:Starting new HTTPS connection (1): translate.google.com:443
DEBUG:urllib3.connectionpool:https://translate.google.com:443 "POST /_/TranslateWebserverUi/data/batchexecute HTTP/1.1" 200 None
DEBUG:gtts.tts:headers-0: {'Referer': 'http://translate.google.com/', 'User-Agent': 'Mozilla/5.0 (Windows NT 10.0; WOW64) AppleWebKit/537.36 (KHTML, like Gecko) Chrome/47.0.2526.106 Safari/537.36', 'Content-Type': 'application/x-www-form-urlencoded;charset=utf-8', 'Content-Length': '207'}
DEBUG:gtts.tts:url-0: https://translate.google.com/_/TranslateWebserverUi/data/batchexecute
DEBUG:gtts.tts:status-0: 200
DEBUG:gtts.tts:part-0 written to <_io.BufferedWriter name='audio.mp3'>
DEBUG:gtts.tts:Saved to audio.mp3
DEBUG:gtts.tts:text: 11/25/2021 15:44:51
DEBUG:gtts.tts:tld: com
DEBUG:gtts.tts:lang: en-uk
DEBUG:gtts.tts:slow: False
DEBUG:gtts.tts:lang_check: True
DEBUG:gtts.tts:pre_processor_funcs: [<function tone_marks at 0x10d241670>, <function end_of_line at 0x10d241f70>, <function abbreviations at 0x10d27e040>, <function word_sub at 0x10d27e0d0>]
DEBUG:gtts.tts:tokenizer_func: <bound method Tokenizer.run of re.compile('(?<=\\?).|(?<=!).|(?<=？).|(?<=！).|(?<!\\.[a-z])\\. |(?<!\\.[a-z]), |(?<!\\d):|\\)|\\[|\\]|\\\n|：|—|…|、|،|¡|;|，|\\(|¿|。|‥', re.IGNORECASE) from: [<function tone_marks at 0x10d27e1f0>, <function period_comma at 0x10d27e280>, <function colon at 0x10d27e310>, <function other_punctuation at 0x10d27e3a0>]>
WARNING:gtts.lang:'en-uk' has been deprecated, falling back to 'en'. This fallback will be removed in a future version.
DEBUG:gtts.lang:langs: {'af': 'Afrikaans', 'ar': 'Arabic', 'bg': 'Bulgarian', 'bn': 'Bengali', 'bs': 'Bosnian', 'ca': 'Catalan', 'cs': 'Czech', 'cy': 'Welsh', 'da': 'Danish', 'de': 'German', 'el': 'Greek', 'en': 'English', 'eo': 'Esperanto', 'es': 'Spanish', 'et': 'Estonian', 'fi': 'Finnish', 'fr': 'French', 'gu': 'Gujarati', 'hi': 'Hindi', 'hr': 'Croatian', 'hu': 'Hungarian', 'hy': 'Armenian', 'id': 'Indonesian', 'is': 'Icelandic', 'it': 'Italian', 'ja': 'Japanese', 'jw': 'Javanese', 'km': 'Khmer', 'kn': 'Kannada', 'ko': 'Korean', 'la': 'Latin', 'lv': 'Latvian', 'mk': 'Macedonian', 'ml': 'Malayalam', 'mr': 'Marathi', 'my': 'Myanmar (Burmese)', 'ne': 'Nepali', 'nl': 'Dutch', 'no': 'Norwegian', 'pl': 'Polish', 'pt': 'Portuguese', 'ro': 'Romanian', 'ru': 'Russian', 'si': 'Sinhala', 'sk': 'Slovak', 'sq': 'Albanian', 'sr': 'Serbian', 'su': 'Sundanese', 'sv': 'Swedish', 'sw': 'Swahili', 'ta': 'Tamil', 'te': 'Telugu', 'th': 'Thai', 'tl': 'Filipino', 'tr': 'Turkish', 'uk': 'Ukrainian', 'ur': 'Urdu', 'vi': 'Vietnamese', 'zh-CN': 'Chinese', 'zh-TW': 'Chinese (Mandarin/Taiwan)', 'zh': 'Chinese (Mandarin)'}
DEBUG:gtts.tts:pre-processing: <function tone_marks at 0x10d241670>
DEBUG:gtts.tts:pre-processing: <function end_of_line at 0x10d241f70>
DEBUG:gtts.tts:pre-processing: <function abbreviations at 0x10d27e040>
DEBUG:gtts.tts:pre-processing: <function word_sub at 0x10d27e0d0>
DEBUG:gtts.tts:text_parts: ['11/25/2021 15:44:51']
DEBUG:gtts.tts:text_parts: 1
DEBUG:gtts.tts:data-0: f.req=%5B%5B%5B%22jQ1olc%22%2C%22%5B%5C%2211/25/2021%2015%3A44%3A51%5C%22%2C%5C%22en%5C%22%2Cnull%2C%5C%22null%5C%22%5D%22%2Cnull%2C%22generic%22%5D%5D%5D&
DEBUG:urllib3.connectionpool:Starting new HTTPS connection (1): translate.google.com:443
DEBUG:urllib3.connectionpool:https://translate.google.com:443 "POST /_/TranslateWebserverUi/data/batchexecute HTTP/1.1" 200 None
DEBUG:gtts.tts:headers-0: {'Referer': 'http://translate.google.com/', 'User-Agent': 'Mozilla/5.0 (Windows NT 10.0; WOW64) AppleWebKit/537.36 (KHTML, like Gecko) Chrome/47.0.2526.106 Safari/537.36', 'Content-Type': 'application/x-www-form-urlencoded;charset=utf-8', 'Content-Length': '155'}
DEBUG:gtts.tts:url-0: https://translate.google.com/_/TranslateWebserverUi/data/batchexecute
DEBUG:gtts.tts:status-0: 200
DEBUG:gtts.tts:part-0 written to <_io.BufferedWriter name='audio.mp3'>
DEBUG:gtts.tts:Saved to audio.mp3
DEBUG:gtts.tts:text: No. I do not eat.
DEBUG:gtts.tts:tld: com
DEBUG:gtts.tts:lang: en-uk
DEBUG:gtts.tts:slow: False
DEBUG:gtts.tts:lang_check: True
DEBUG:gtts.tts:pre_processor_funcs: [<function tone_marks at 0x10d241670>, <function end_of_line at 0x10d241f70>, <function abbreviations at 0x10d27e040>, <function word_sub at 0x10d27e0d0>]
DEBUG:gtts.tts:tokenizer_func: <bound method Tokenizer.run of re.compile('(?<=\\?).|(?<=!).|(?<=？).|(?<=！).|(?<!\\.[a-z])\\. |(?<!\\.[a-z]), |(?<!\\d):|\\)|\\[|\\]|\\\n|：|—|…|、|،|¡|;|，|\\(|¿|。|‥', re.IGNORECASE) from: [<function tone_marks at 0x10d27e1f0>, <function period_comma at 0x10d27e280>, <function colon at 0x10d27e310>, <function other_punctuation at 0x10d27e3a0>]>
WARNING:gtts.lang:'en-uk' has been deprecated, falling back to 'en'. This fallback will be removed in a future version.
DEBUG:gtts.lang:langs: {'af': 'Afrikaans', 'ar': 'Arabic', 'bg': 'Bulgarian', 'bn': 'Bengali', 'bs': 'Bosnian', 'ca': 'Catalan', 'cs': 'Czech', 'cy': 'Welsh', 'da': 'Danish', 'de': 'German', 'el': 'Greek', 'en': 'English', 'eo': 'Esperanto', 'es': 'Spanish', 'et': 'Estonian', 'fi': 'Finnish', 'fr': 'French', 'gu': 'Gujarati', 'hi': 'Hindi', 'hr': 'Croatian', 'hu': 'Hungarian', 'hy': 'Armenian', 'id': 'Indonesian', 'is': 'Icelandic', 'it': 'Italian', 'ja': 'Japanese', 'jw': 'Javanese', 'km': 'Khmer', 'kn': 'Kannada', 'ko': 'Korean', 'la': 'Latin', 'lv': 'Latvian', 'mk': 'Macedonian', 'ml': 'Malayalam', 'mr': 'Marathi', 'my': 'Myanmar (Burmese)', 'ne': 'Nepali', 'nl': 'Dutch', 'no': 'Norwegian', 'pl': 'Polish', 'pt': 'Portuguese', 'ro': 'Romanian', 'ru': 'Russian', 'si': 'Sinhala', 'sk': 'Slovak', 'sq': 'Albanian', 'sr': 'Serbian', 'su': 'Sundanese', 'sv': 'Swedish', 'sw': 'Swahili', 'ta': 'Tamil', 'te': 'Telugu', 'th': 'Thai', 'tl': 'Filipino', 'tr': 'Turkish', 'uk': 'Ukrainian', 'ur': 'Urdu', 'vi': 'Vietnamese', 'zh-CN': 'Chinese', 'zh-TW': 'Chinese (Mandarin/Taiwan)', 'zh': 'Chinese (Mandarin)'}
DEBUG:gtts.tts:pre-processing: <function tone_marks at 0x10d241670>
DEBUG:gtts.tts:pre-processing: <function end_of_line at 0x10d241f70>
DEBUG:gtts.tts:pre-processing: <function abbreviations at 0x10d27e040>
DEBUG:gtts.tts:pre-processing: <function word_sub at 0x10d27e0d0>
DEBUG:gtts.tts:text_parts: ['No. I do not eat.']
DEBUG:gtts.tts:text_parts: 1
DEBUG:gtts.tts:data-0: f.req=%5B%5B%5B%22jQ1olc%22%2C%22%5B%5C%22No.%20I%20do%20not%20eat.%5C%22%2C%5C%22en%5C%22%2Cnull%2C%5C%22null%5C%22%5D%22%2Cnull%2C%22generic%22%5D%5D%5D&
DEBUG:urllib3.connectionpool:Starting new HTTPS connection (1): translate.google.com:443
DEBUG:urllib3.connectionpool:https://translate.google.com:443 "POST /_/TranslateWebserverUi/data/batchexecute HTTP/1.1" 200 None
DEBUG:gtts.tts:headers-0: {'Referer': 'http://translate.google.com/', 'User-Agent': 'Mozilla/5.0 (Windows NT 10.0; WOW64) AppleWebKit/537.36 (KHTML, like Gecko) Chrome/47.0.2526.106 Safari/537.36', 'Content-Type': 'application/x-www-form-urlencoded;charset=utf-8', 'Content-Length': '155'}
DEBUG:gtts.tts:url-0: https://translate.google.com/_/TranslateWebserverUi/data/batchexecute
DEBUG:gtts.tts:status-0: 200
DEBUG:gtts.tts:part-0 written to <_io.BufferedWriter name='audio.mp3'>
DEBUG:gtts.tts:Saved to audio.mp3
DEBUG:gtts.tts:text: Bye Bye
DEBUG:gtts.tts:tld: com
DEBUG:gtts.tts:lang: en-uk
DEBUG:gtts.tts:slow: False
DEBUG:gtts.tts:lang_check: True
DEBUG:gtts.tts:pre_processor_funcs: [<function tone_marks at 0x10d241670>, <function end_of_line at 0x10d241f70>, <function abbreviations at 0x10d27e040>, <function word_sub at 0x10d27e0d0>]
DEBUG:gtts.tts:tokenizer_func: <bound method Tokenizer.run of re.compile('(?<=\\?).|(?<=!).|(?<=？).|(?<=！).|(?<!\\.[a-z])\\. |(?<!\\.[a-z]), |(?<!\\d):|\\)|\\[|\\]|\\\n|：|—|…|、|،|¡|;|，|\\(|¿|。|‥', re.IGNORECASE) from: [<function tone_marks at 0x10d27e1f0>, <function period_comma at 0x10d27e280>, <function colon at 0x10d27e310>, <function other_punctuation at 0x10d27e3a0>]>
WARNING:gtts.lang:'en-uk' has been deprecated, falling back to 'en'. This fallback will be removed in a future version.
DEBUG:gtts.lang:langs: {'af': 'Afrikaans', 'ar': 'Arabic', 'bg': 'Bulgarian', 'bn': 'Bengali', 'bs': 'Bosnian', 'ca': 'Catalan', 'cs': 'Czech', 'cy': 'Welsh', 'da': 'Danish', 'de': 'German', 'el': 'Greek', 'en': 'English', 'eo': 'Esperanto', 'es': 'Spanish', 'et': 'Estonian', 'fi': 'Finnish', 'fr': 'French', 'gu': 'Gujarati', 'hi': 'Hindi', 'hr': 'Croatian', 'hu': 'Hungarian', 'hy': 'Armenian', 'id': 'Indonesian', 'is': 'Icelandic', 'it': 'Italian', 'ja': 'Japanese', 'jw': 'Javanese', 'km': 'Khmer', 'kn': 'Kannada', 'ko': 'Korean', 'la': 'Latin', 'lv': 'Latvian', 'mk': 'Macedonian', 'ml': 'Malayalam', 'mr': 'Marathi', 'my': 'Myanmar (Burmese)', 'ne': 'Nepali', 'nl': 'Dutch', 'no': 'Norwegian', 'pl': 'Polish', 'pt': 'Portuguese', 'ro': 'Romanian', 'ru': 'Russian', 'si': 'Sinhala', 'sk': 'Slovak', 'sq': 'Albanian', 'sr': 'Serbian', 'su': 'Sundanese', 'sv': 'Swedish', 'sw': 'Swahili', 'ta': 'Tamil', 'te': 'Telugu', 'th': 'Thai', 'tl': 'Filipino', 'tr': 'Turkish', 'uk': 'Ukrainian', 'ur': 'Urdu', 'vi': 'Vietnamese', 'zh-CN': 'Chinese', 'zh-TW': 'Chinese (Mandarin/Taiwan)', 'zh': 'Chinese (Mandarin)'}
DEBUG:gtts.tts:pre-processing: <function tone_marks at 0x10d241670>
DEBUG:gtts.tts:pre-processing: <function end_of_line at 0x10d241f70>
DEBUG:gtts.tts:pre-processing: <function abbreviations at 0x10d27e040>
DEBUG:gtts.tts:pre-processing: <function word_sub at 0x10d27e0d0>
DEBUG:gtts.tts:text_parts: ['Bye Bye']
DEBUG:gtts.tts:text_parts: 1
DEBUG:gtts.tts:data-0: f.req=%5B%5B%5B%22jQ1olc%22%2C%22%5B%5C%22Bye%20Bye%5C%22%2C%5C%22en%5C%22%2Cnull%2C%5C%22null%5C%22%5D%22%2Cnull%2C%22generic%22%5D%5D%5D&
DEBUG:urllib3.connectionpool:Starting new HTTPS connection (1): translate.google.com:443
DEBUG:urllib3.connectionpool:https://translate.google.com:443 "POST /_/TranslateWebserverUi/data/batchexecute HTTP/1.1" 200 None
DEBUG:gtts.tts:headers-0: {'Referer': 'http://translate.google.com/', 'User-Agent': 'Mozilla/5.0 (Windows NT 10.0; WOW64) AppleWebKit/537.36 (KHTML, like Gecko) Chrome/47.0.2526.106 Safari/537.36', 'Content-Type': 'application/x-www-form-urlencoded;charset=utf-8', 'Content-Length': '139'}
DEBUG:gtts.tts:url-0: https://translate.google.com/_/TranslateWebserverUi/data/batchexecute
DEBUG:gtts.tts:status-0: 200
DEBUG:gtts.tts:part-0 written to <_io.BufferedWriter name='audio.mp3'>
DEBUG:gtts.tts:Saved to audio.mp3
DEBUG:gtts.tts:text: I D S Project 2 point O activated!
DEBUG:gtts.tts:tld: com
DEBUG:gtts.tts:lang: en-uk
DEBUG:gtts.tts:slow: False
DEBUG:gtts.tts:lang_check: True
DEBUG:gtts.tts:pre_processor_funcs: [<function tone_marks at 0x10f963670>, <function end_of_line at 0x10f963f70>, <function abbreviations at 0x10f9a0040>, <function word_sub at 0x10f9a00d0>]
DEBUG:gtts.tts:tokenizer_func: <bound method Tokenizer.run of re.compile('(?<=\\?).|(?<=!).|(?<=？).|(?<=！).|(?<!\\.[a-z])\\. |(?<!\\.[a-z]), |(?<!\\d):|、|‥|—|：|。|…|\\(|，|\\)|،|¡|;|¿|\\\n|\\]|\\[', re.IGNORECASE) from: [<function tone_marks at 0x10f9a01f0>, <function period_comma at 0x10f9a0280>, <function colon at 0x10f9a0310>, <function other_punctuation at 0x10f9a03a0>]>
WARNING:gtts.lang:'en-uk' has been deprecated, falling back to 'en'. This fallback will be removed in a future version.
DEBUG:gtts.lang:langs: {'af': 'Afrikaans', 'ar': 'Arabic', 'bg': 'Bulgarian', 'bn': 'Bengali', 'bs': 'Bosnian', 'ca': 'Catalan', 'cs': 'Czech', 'cy': 'Welsh', 'da': 'Danish', 'de': 'German', 'el': 'Greek', 'en': 'English', 'eo': 'Esperanto', 'es': 'Spanish', 'et': 'Estonian', 'fi': 'Finnish', 'fr': 'French', 'gu': 'Gujarati', 'hi': 'Hindi', 'hr': 'Croatian', 'hu': 'Hungarian', 'hy': 'Armenian', 'id': 'Indonesian', 'is': 'Icelandic', 'it': 'Italian', 'ja': 'Japanese', 'jw': 'Javanese', 'km': 'Khmer', 'kn': 'Kannada', 'ko': 'Korean', 'la': 'Latin', 'lv': 'Latvian', 'mk': 'Macedonian', 'ml': 'Malayalam', 'mr': 'Marathi', 'my': 'Myanmar (Burmese)', 'ne': 'Nepali', 'nl': 'Dutch', 'no': 'Norwegian', 'pl': 'Polish', 'pt': 'Portuguese', 'ro': 'Romanian', 'ru': 'Russian', 'si': 'Sinhala', 'sk': 'Slovak', 'sq': 'Albanian', 'sr': 'Serbian', 'su': 'Sundanese', 'sv': 'Swedish', 'sw': 'Swahili', 'ta': 'Tamil', 'te': 'Telugu', 'th': 'Thai', 'tl': 'Filipino', 'tr': 'Turkish', 'uk': 'Ukrainian', 'ur': 'Urdu', 'vi': 'Vietnamese', 'zh-CN': 'Chinese', 'zh-TW': 'Chinese (Mandarin/Taiwan)', 'zh': 'Chinese (Mandarin)'}
DEBUG:gtts.tts:pre-processing: <function tone_marks at 0x10f963670>
DEBUG:gtts.tts:pre-processing: <function end_of_line at 0x10f963f70>
DEBUG:gtts.tts:pre-processing: <function abbreviations at 0x10f9a0040>
DEBUG:gtts.tts:pre-processing: <function word_sub at 0x10f9a00d0>
DEBUG:gtts.tts:text_parts: ['I D S Project 2 point O activated!']
DEBUG:gtts.tts:text_parts: 1
DEBUG:gtts.tts:data-0: f.req=%5B%5B%5B%22jQ1olc%22%2C%22%5B%5C%22I%20D%20S%20Project%202%20point%20O%20activated%21%5C%22%2C%5C%22en%5C%22%2Cnull%2C%5C%22null%5C%22%5D%22%2Cnull%2C%22generic%22%5D%5D%5D&
DEBUG:urllib3.connectionpool:Starting new HTTPS connection (1): translate.google.com:443
DEBUG:urllib3.connectionpool:https://translate.google.com:443 "POST /_/TranslateWebserverUi/data/batchexecute HTTP/1.1" 200 None
DEBUG:gtts.tts:headers-0: {'Referer': 'http://translate.google.com/', 'User-Agent': 'Mozilla/5.0 (Windows NT 10.0; WOW64) AppleWebKit/537.36 (KHTML, like Gecko) Chrome/47.0.2526.106 Safari/537.36', 'Content-Type': 'application/x-www-form-urlencoded;charset=utf-8', 'Content-Length': '180'}
DEBUG:gtts.tts:url-0: https://translate.google.com/_/TranslateWebserverUi/data/batchexecute
DEBUG:gtts.tts:status-0: 200
DEBUG:gtts.tts:part-0 written to <_io.BufferedWriter name='audio.mp3'>
DEBUG:gtts.tts:Saved to audio.mp3
DEBUG:gtts.tts:text: Hello! I am I D S 2 point O. How can I help you?
DEBUG:gtts.tts:tld: com
DEBUG:gtts.tts:lang: en-uk
DEBUG:gtts.tts:slow: False
DEBUG:gtts.tts:lang_check: True
DEBUG:gtts.tts:pre_processor_funcs: [<function tone_marks at 0x10f963670>, <function end_of_line at 0x10f963f70>, <function abbreviations at 0x10f9a0040>, <function word_sub at 0x10f9a00d0>]
DEBUG:gtts.tts:tokenizer_func: <bound method Tokenizer.run of re.compile('(?<=\\?).|(?<=!).|(?<=？).|(?<=！).|(?<!\\.[a-z])\\. |(?<!\\.[a-z]), |(?<!\\d):|、|‥|—|：|。|…|\\(|，|\\)|،|¡|;|¿|\\\n|\\]|\\[', re.IGNORECASE) from: [<function tone_marks at 0x10f9a01f0>, <function period_comma at 0x10f9a0280>, <function colon at 0x10f9a0310>, <function other_punctuation at 0x10f9a03a0>]>
WARNING:gtts.lang:'en-uk' has been deprecated, falling back to 'en'. This fallback will be removed in a future version.
DEBUG:gtts.lang:langs: {'af': 'Afrikaans', 'ar': 'Arabic', 'bg': 'Bulgarian', 'bn': 'Bengali', 'bs': 'Bosnian', 'ca': 'Catalan', 'cs': 'Czech', 'cy': 'Welsh', 'da': 'Danish', 'de': 'German', 'el': 'Greek', 'en': 'English', 'eo': 'Esperanto', 'es': 'Spanish', 'et': 'Estonian', 'fi': 'Finnish', 'fr': 'French', 'gu': 'Gujarati', 'hi': 'Hindi', 'hr': 'Croatian', 'hu': 'Hungarian', 'hy': 'Armenian', 'id': 'Indonesian', 'is': 'Icelandic', 'it': 'Italian', 'ja': 'Japanese', 'jw': 'Javanese', 'km': 'Khmer', 'kn': 'Kannada', 'ko': 'Korean', 'la': 'Latin', 'lv': 'Latvian', 'mk': 'Macedonian', 'ml': 'Malayalam', 'mr': 'Marathi', 'my': 'Myanmar (Burmese)', 'ne': 'Nepali', 'nl': 'Dutch', 'no': 'Norwegian', 'pl': 'Polish', 'pt': 'Portuguese', 'ro': 'Romanian', 'ru': 'Russian', 'si': 'Sinhala', 'sk': 'Slovak', 'sq': 'Albanian', 'sr': 'Serbian', 'su': 'Sundanese', 'sv': 'Swedish', 'sw': 'Swahili', 'ta': 'Tamil', 'te': 'Telugu', 'th': 'Thai', 'tl': 'Filipino', 'tr': 'Turkish', 'uk': 'Ukrainian', 'ur': 'Urdu', 'vi': 'Vietnamese', 'zh-CN': 'Chinese', 'zh-TW': 'Chinese (Mandarin/Taiwan)', 'zh': 'Chinese (Mandarin)'}
DEBUG:gtts.tts:pre-processing: <function tone_marks at 0x10f963670>
DEBUG:gtts.tts:pre-processing: <function end_of_line at 0x10f963f70>
DEBUG:gtts.tts:pre-processing: <function abbreviations at 0x10f9a0040>
DEBUG:gtts.tts:pre-processing: <function word_sub at 0x10f9a00d0>
DEBUG:gtts.tts:text_parts: ['Hello!  I am I D S 2 point O. How can I help you?']
DEBUG:gtts.tts:text_parts: 1
DEBUG:gtts.tts:data-0: f.req=%5B%5B%5B%22jQ1olc%22%2C%22%5B%5C%22Hello%21%20%20I%20am%20I%20D%20S%202%20point%20O.%20How%20can%20I%20help%20you%3F%5C%22%2C%5C%22en%5C%22%2Cnull%2C%5C%22null%5C%22%5D%22%2Cnull%2C%22generic%22%5D%5D%5D&
DEBUG:urllib3.connectionpool:Starting new HTTPS connection (1): translate.google.com:443
DEBUG:urllib3.connectionpool:https://translate.google.com:443 "POST /_/TranslateWebserverUi/data/batchexecute HTTP/1.1" 200 None
DEBUG:gtts.tts:headers-0: {'Referer': 'http://translate.google.com/', 'User-Agent': 'Mozilla/5.0 (Windows NT 10.0; WOW64) AppleWebKit/537.36 (KHTML, like Gecko) Chrome/47.0.2526.106 Safari/537.36', 'Content-Type': 'application/x-www-form-urlencoded;charset=utf-8', 'Content-Length': '211'}
DEBUG:gtts.tts:url-0: https://translate.google.com/_/TranslateWebserverUi/data/batchexecute
DEBUG:gtts.tts:status-0: 200
DEBUG:gtts.tts:part-0 written to <_io.BufferedWriter name='audio.mp3'>
DEBUG:gtts.tts:Saved to audio.mp3
DEBUG:gtts.tts:text: I D S Project 2 point O activated!
DEBUG:gtts.tts:tld: com
DEBUG:gtts.tts:lang: en-uk
DEBUG:gtts.tts:slow: False
DEBUG:gtts.tts:lang_check: True
DEBUG:gtts.tts:pre_processor_funcs: [<function tone_marks at 0x1095dd670>, <function end_of_line at 0x1095ddf70>, <function abbreviations at 0x10961a040>, <function word_sub at 0x10961a0d0>]
DEBUG:gtts.tts:tokenizer_func: <bound method Tokenizer.run of re.compile('(?<=\\?).|(?<=!).|(?<=？).|(?<=！).|(?<!\\.[a-z])\\. |(?<!\\.[a-z]), |(?<!\\d):|。|\\]|…|\\\n|\\[|、|，|،|—|¡|\\)|：|¿|\\(|;|‥', re.IGNORECASE) from: [<function tone_marks at 0x10961a1f0>, <function period_comma at 0x10961a280>, <function colon at 0x10961a310>, <function other_punctuation at 0x10961a3a0>]>
WARNING:gtts.lang:'en-uk' has been deprecated, falling back to 'en'. This fallback will be removed in a future version.
DEBUG:gtts.lang:langs: {'af': 'Afrikaans', 'ar': 'Arabic', 'bg': 'Bulgarian', 'bn': 'Bengali', 'bs': 'Bosnian', 'ca': 'Catalan', 'cs': 'Czech', 'cy': 'Welsh', 'da': 'Danish', 'de': 'German', 'el': 'Greek', 'en': 'English', 'eo': 'Esperanto', 'es': 'Spanish', 'et': 'Estonian', 'fi': 'Finnish', 'fr': 'French', 'gu': 'Gujarati', 'hi': 'Hindi', 'hr': 'Croatian', 'hu': 'Hungarian', 'hy': 'Armenian', 'id': 'Indonesian', 'is': 'Icelandic', 'it': 'Italian', 'ja': 'Japanese', 'jw': 'Javanese', 'km': 'Khmer', 'kn': 'Kannada', 'ko': 'Korean', 'la': 'Latin', 'lv': 'Latvian', 'mk': 'Macedonian', 'ml': 'Malayalam', 'mr': 'Marathi', 'my': 'Myanmar (Burmese)', 'ne': 'Nepali', 'nl': 'Dutch', 'no': 'Norwegian', 'pl': 'Polish', 'pt': 'Portuguese', 'ro': 'Romanian', 'ru': 'Russian', 'si': 'Sinhala', 'sk': 'Slovak', 'sq': 'Albanian', 'sr': 'Serbian', 'su': 'Sundanese', 'sv': 'Swedish', 'sw': 'Swahili', 'ta': 'Tamil', 'te': 'Telugu', 'th': 'Thai', 'tl': 'Filipino', 'tr': 'Turkish', 'uk': 'Ukrainian', 'ur': 'Urdu', 'vi': 'Vietnamese', 'zh-CN': 'Chinese', 'zh-TW': 'Chinese (Mandarin/Taiwan)', 'zh': 'Chinese (Mandarin)'}
DEBUG:gtts.tts:pre-processing: <function tone_marks at 0x1095dd670>
DEBUG:gtts.tts:pre-processing: <function end_of_line at 0x1095ddf70>
DEBUG:gtts.tts:pre-processing: <function abbreviations at 0x10961a040>
DEBUG:gtts.tts:pre-processing: <function word_sub at 0x10961a0d0>
DEBUG:gtts.tts:text_parts: ['I D S Project 2 point O activated!']
DEBUG:gtts.tts:text_parts: 1
DEBUG:gtts.tts:data-0: f.req=%5B%5B%5B%22jQ1olc%22%2C%22%5B%5C%22I%20D%20S%20Project%202%20point%20O%20activated%21%5C%22%2C%5C%22en%5C%22%2Cnull%2C%5C%22null%5C%22%5D%22%2Cnull%2C%22generic%22%5D%5D%5D&
DEBUG:urllib3.connectionpool:Starting new HTTPS connection (1): translate.google.com:443
DEBUG:urllib3.connectionpool:https://translate.google.com:443 "POST /_/TranslateWebserverUi/data/batchexecute HTTP/1.1" 200 None
DEBUG:gtts.tts:headers-0: {'Referer': 'http://translate.google.com/', 'User-Agent': 'Mozilla/5.0 (Windows NT 10.0; WOW64) AppleWebKit/537.36 (KHTML, like Gecko) Chrome/47.0.2526.106 Safari/537.36', 'Content-Type': 'application/x-www-form-urlencoded;charset=utf-8', 'Content-Length': '180'}
DEBUG:gtts.tts:url-0: https://translate.google.com/_/TranslateWebserverUi/data/batchexecute
DEBUG:gtts.tts:status-0: 200
DEBUG:gtts.tts:part-0 written to <_io.BufferedWriter name='audio.mp3'>
DEBUG:gtts.tts:Saved to audio.mp3
DEBUG:gtts.tts:text: Hello! I am I D S 2 point O. How can I help you?
DEBUG:gtts.tts:tld: com
DEBUG:gtts.tts:lang: en-uk
DEBUG:gtts.tts:slow: False
DEBUG:gtts.tts:lang_check: True
DEBUG:gtts.tts:pre_processor_funcs: [<function tone_marks at 0x1095dd670>, <function end_of_line at 0x1095ddf70>, <function abbreviations at 0x10961a040>, <function word_sub at 0x10961a0d0>]
DEBUG:gtts.tts:tokenizer_func: <bound method Tokenizer.run of re.compile('(?<=\\?).|(?<=!).|(?<=？).|(?<=！).|(?<!\\.[a-z])\\. |(?<!\\.[a-z]), |(?<!\\d):|。|\\]|…|\\\n|\\[|、|，|،|—|¡|\\)|：|¿|\\(|;|‥', re.IGNORECASE) from: [<function tone_marks at 0x10961a1f0>, <function period_comma at 0x10961a280>, <function colon at 0x10961a310>, <function other_punctuation at 0x10961a3a0>]>
WARNING:gtts.lang:'en-uk' has been deprecated, falling back to 'en'. This fallback will be removed in a future version.
DEBUG:gtts.lang:langs: {'af': 'Afrikaans', 'ar': 'Arabic', 'bg': 'Bulgarian', 'bn': 'Bengali', 'bs': 'Bosnian', 'ca': 'Catalan', 'cs': 'Czech', 'cy': 'Welsh', 'da': 'Danish', 'de': 'German', 'el': 'Greek', 'en': 'English', 'eo': 'Esperanto', 'es': 'Spanish', 'et': 'Estonian', 'fi': 'Finnish', 'fr': 'French', 'gu': 'Gujarati', 'hi': 'Hindi', 'hr': 'Croatian', 'hu': 'Hungarian', 'hy': 'Armenian', 'id': 'Indonesian', 'is': 'Icelandic', 'it': 'Italian', 'ja': 'Japanese', 'jw': 'Javanese', 'km': 'Khmer', 'kn': 'Kannada', 'ko': 'Korean', 'la': 'Latin', 'lv': 'Latvian', 'mk': 'Macedonian', 'ml': 'Malayalam', 'mr': 'Marathi', 'my': 'Myanmar (Burmese)', 'ne': 'Nepali', 'nl': 'Dutch', 'no': 'Norwegian', 'pl': 'Polish', 'pt': 'Portuguese', 'ro': 'Romanian', 'ru': 'Russian', 'si': 'Sinhala', 'sk': 'Slovak', 'sq': 'Albanian', 'sr': 'Serbian', 'su': 'Sundanese', 'sv': 'Swedish', 'sw': 'Swahili', 'ta': 'Tamil', 'te': 'Telugu', 'th': 'Thai', 'tl': 'Filipino', 'tr': 'Turkish', 'uk': 'Ukrainian', 'ur': 'Urdu', 'vi': 'Vietnamese', 'zh-CN': 'Chinese', 'zh-TW': 'Chinese (Mandarin/Taiwan)', 'zh': 'Chinese (Mandarin)'}
DEBUG:gtts.tts:pre-processing: <function tone_marks at 0x1095dd670>
DEBUG:gtts.tts:pre-processing: <function end_of_line at 0x1095ddf70>
DEBUG:gtts.tts:pre-processing: <function abbreviations at 0x10961a040>
DEBUG:gtts.tts:pre-processing: <function word_sub at 0x10961a0d0>
DEBUG:gtts.tts:text_parts: ['Hello!  I am I D S 2 point O. How can I help you?']
DEBUG:gtts.tts:text_parts: 1
DEBUG:gtts.tts:data-0: f.req=%5B%5B%5B%22jQ1olc%22%2C%22%5B%5C%22Hello%21%20%20I%20am%20I%20D%20S%202%20point%20O.%20How%20can%20I%20help%20you%3F%5C%22%2C%5C%22en%5C%22%2Cnull%2C%5C%22null%5C%22%5D%22%2Cnull%2C%22generic%22%5D%5D%5D&
DEBUG:urllib3.connectionpool:Starting new HTTPS connection (1): translate.google.com:443
DEBUG:urllib3.connectionpool:https://translate.google.com:443 "POST /_/TranslateWebserverUi/data/batchexecute HTTP/1.1" 200 None
DEBUG:gtts.tts:headers-0: {'Referer': 'http://translate.google.com/', 'User-Agent': 'Mozilla/5.0 (Windows NT 10.0; WOW64) AppleWebKit/537.36 (KHTML, like Gecko) Chrome/47.0.2526.106 Safari/537.36', 'Content-Type': 'application/x-www-form-urlencoded;charset=utf-8', 'Content-Length': '211'}
DEBUG:gtts.tts:url-0: https://translate.google.com/_/TranslateWebserverUi/data/batchexecute
DEBUG:gtts.tts:status-0: 200
DEBUG:gtts.tts:part-0 written to <_io.BufferedWriter name='audio.mp3'>
DEBUG:gtts.tts:Saved to audio.mp3
DEBUG:urllib3.connectionpool:Starting new HTTP connection (1): api.openweathermap.org:80
DEBUG:urllib3.connectionpool:http://api.openweathermap.org:80 "GET /data/2.5/weather?q=%20copenhagen&appid=6149d074888b082134996aa4787a069a&units=metric HTTP/1.1" 200 471
DEBUG:gtts.tts:text: It is 6 degree celcius in  copenhagen
DEBUG:gtts.tts:tld: com
DEBUG:gtts.tts:lang: en-uk
DEBUG:gtts.tts:slow: False
DEBUG:gtts.tts:lang_check: True
DEBUG:gtts.tts:pre_processor_funcs: [<function tone_marks at 0x1095dd670>, <function end_of_line at 0x1095ddf70>, <function abbreviations at 0x10961a040>, <function word_sub at 0x10961a0d0>]
DEBUG:gtts.tts:tokenizer_func: <bound method Tokenizer.run of re.compile('(?<=\\?).|(?<=!).|(?<=？).|(?<=！).|(?<!\\.[a-z])\\. |(?<!\\.[a-z]), |(?<!\\d):|。|\\]|…|\\\n|\\[|、|，|،|—|¡|\\)|：|¿|\\(|;|‥', re.IGNORECASE) from: [<function tone_marks at 0x10961a1f0>, <function period_comma at 0x10961a280>, <function colon at 0x10961a310>, <function other_punctuation at 0x10961a3a0>]>
WARNING:gtts.lang:'en-uk' has been deprecated, falling back to 'en'. This fallback will be removed in a future version.
DEBUG:gtts.lang:langs: {'af': 'Afrikaans', 'ar': 'Arabic', 'bg': 'Bulgarian', 'bn': 'Bengali', 'bs': 'Bosnian', 'ca': 'Catalan', 'cs': 'Czech', 'cy': 'Welsh', 'da': 'Danish', 'de': 'German', 'el': 'Greek', 'en': 'English', 'eo': 'Esperanto', 'es': 'Spanish', 'et': 'Estonian', 'fi': 'Finnish', 'fr': 'French', 'gu': 'Gujarati', 'hi': 'Hindi', 'hr': 'Croatian', 'hu': 'Hungarian', 'hy': 'Armenian', 'id': 'Indonesian', 'is': 'Icelandic', 'it': 'Italian', 'ja': 'Japanese', 'jw': 'Javanese', 'km': 'Khmer', 'kn': 'Kannada', 'ko': 'Korean', 'la': 'Latin', 'lv': 'Latvian', 'mk': 'Macedonian', 'ml': 'Malayalam', 'mr': 'Marathi', 'my': 'Myanmar (Burmese)', 'ne': 'Nepali', 'nl': 'Dutch', 'no': 'Norwegian', 'pl': 'Polish', 'pt': 'Portuguese', 'ro': 'Romanian', 'ru': 'Russian', 'si': 'Sinhala', 'sk': 'Slovak', 'sq': 'Albanian', 'sr': 'Serbian', 'su': 'Sundanese', 'sv': 'Swedish', 'sw': 'Swahili', 'ta': 'Tamil', 'te': 'Telugu', 'th': 'Thai', 'tl': 'Filipino', 'tr': 'Turkish', 'uk': 'Ukrainian', 'ur': 'Urdu', 'vi': 'Vietnamese', 'zh-CN': 'Chinese', 'zh-TW': 'Chinese (Mandarin/Taiwan)', 'zh': 'Chinese (Mandarin)'}
DEBUG:gtts.tts:pre-processing: <function tone_marks at 0x1095dd670>
DEBUG:gtts.tts:pre-processing: <function end_of_line at 0x1095ddf70>
DEBUG:gtts.tts:pre-processing: <function abbreviations at 0x10961a040>
DEBUG:gtts.tts:pre-processing: <function word_sub at 0x10961a0d0>
DEBUG:gtts.tts:text_parts: ['It is 6 degree celcius in  copenhagen']
DEBUG:gtts.tts:text_parts: 1
DEBUG:gtts.tts:data-0: f.req=%5B%5B%5B%22jQ1olc%22%2C%22%5B%5C%22It%20is%206%20degree%20celcius%20in%20%20copenhagen%5C%22%2C%5C%22en%5C%22%2Cnull%2C%5C%22null%5C%22%5D%22%2Cnull%2C%22generic%22%5D%5D%5D&
DEBUG:urllib3.connectionpool:Starting new HTTPS connection (1): translate.google.com:443
DEBUG:urllib3.connectionpool:https://translate.google.com:443 "POST /_/TranslateWebserverUi/data/batchexecute HTTP/1.1" 200 None
DEBUG:gtts.tts:headers-0: {'Referer': 'http://translate.google.com/', 'User-Agent': 'Mozilla/5.0 (Windows NT 10.0; WOW64) AppleWebKit/537.36 (KHTML, like Gecko) Chrome/47.0.2526.106 Safari/537.36', 'Content-Type': 'application/x-www-form-urlencoded;charset=utf-8', 'Content-Length': '181'}
DEBUG:gtts.tts:url-0: https://translate.google.com/_/TranslateWebserverUi/data/batchexecute
DEBUG:gtts.tts:status-0: 200
DEBUG:gtts.tts:part-0 written to <_io.BufferedWriter name='audio.mp3'>
DEBUG:gtts.tts:Saved to audio.mp3
DEBUG:gtts.tts:text: I am one of four former U.S. Marine Corps tactical robots
DEBUG:gtts.tts:tld: com
DEBUG:gtts.tts:lang: en-uk
DEBUG:gtts.tts:slow: False
DEBUG:gtts.tts:lang_check: True
DEBUG:gtts.tts:pre_processor_funcs: [<function tone_marks at 0x1095dd670>, <function end_of_line at 0x1095ddf70>, <function abbreviations at 0x10961a040>, <function word_sub at 0x10961a0d0>]
DEBUG:gtts.tts:tokenizer_func: <bound method Tokenizer.run of re.compile('(?<=\\?).|(?<=!).|(?<=？).|(?<=！).|(?<!\\.[a-z])\\. |(?<!\\.[a-z]), |(?<!\\d):|。|\\]|…|\\\n|\\[|、|，|،|—|¡|\\)|：|¿|\\(|;|‥', re.IGNORECASE) from: [<function tone_marks at 0x10961a1f0>, <function period_comma at 0x10961a280>, <function colon at 0x10961a310>, <function other_punctuation at 0x10961a3a0>]>
WARNING:gtts.lang:'en-uk' has been deprecated, falling back to 'en'. This fallback will be removed in a future version.
DEBUG:gtts.lang:langs: {'af': 'Afrikaans', 'ar': 'Arabic', 'bg': 'Bulgarian', 'bn': 'Bengali', 'bs': 'Bosnian', 'ca': 'Catalan', 'cs': 'Czech', 'cy': 'Welsh', 'da': 'Danish', 'de': 'German', 'el': 'Greek', 'en': 'English', 'eo': 'Esperanto', 'es': 'Spanish', 'et': 'Estonian', 'fi': 'Finnish', 'fr': 'French', 'gu': 'Gujarati', 'hi': 'Hindi', 'hr': 'Croatian', 'hu': 'Hungarian', 'hy': 'Armenian', 'id': 'Indonesian', 'is': 'Icelandic', 'it': 'Italian', 'ja': 'Japanese', 'jw': 'Javanese', 'km': 'Khmer', 'kn': 'Kannada', 'ko': 'Korean', 'la': 'Latin', 'lv': 'Latvian', 'mk': 'Macedonian', 'ml': 'Malayalam', 'mr': 'Marathi', 'my': 'Myanmar (Burmese)', 'ne': 'Nepali', 'nl': 'Dutch', 'no': 'Norwegian', 'pl': 'Polish', 'pt': 'Portuguese', 'ro': 'Romanian', 'ru': 'Russian', 'si': 'Sinhala', 'sk': 'Slovak', 'sq': 'Albanian', 'sr': 'Serbian', 'su': 'Sundanese', 'sv': 'Swedish', 'sw': 'Swahili', 'ta': 'Tamil', 'te': 'Telugu', 'th': 'Thai', 'tl': 'Filipino', 'tr': 'Turkish', 'uk': 'Ukrainian', 'ur': 'Urdu', 'vi': 'Vietnamese', 'zh-CN': 'Chinese', 'zh-TW': 'Chinese (Mandarin/Taiwan)', 'zh': 'Chinese (Mandarin)'}
DEBUG:gtts.tts:pre-processing: <function tone_marks at 0x1095dd670>
DEBUG:gtts.tts:pre-processing: <function end_of_line at 0x1095ddf70>
DEBUG:gtts.tts:pre-processing: <function abbreviations at 0x10961a040>
DEBUG:gtts.tts:pre-processing: <function word_sub at 0x10961a0d0>
DEBUG:gtts.tts:text_parts: ['I am one of four former U.S. Marine Corps tactical robots']
DEBUG:gtts.tts:text_parts: 1
DEBUG:gtts.tts:data-0: f.req=%5B%5B%5B%22jQ1olc%22%2C%22%5B%5C%22I%20am%20one%20of%20four%20former%20U.S.%20Marine%20Corps%20tactical%20robots%5C%22%2C%5C%22en%5C%22%2Cnull%2C%5C%22null%5C%22%5D%22%2Cnull%2C%22generic%22%5D%5D%5D&
DEBUG:urllib3.connectionpool:Starting new HTTPS connection (1): translate.google.com:443
DEBUG:urllib3.connectionpool:https://translate.google.com:443 "POST /_/TranslateWebserverUi/data/batchexecute HTTP/1.1" 200 None
DEBUG:gtts.tts:headers-0: {'Referer': 'http://translate.google.com/', 'User-Agent': 'Mozilla/5.0 (Windows NT 10.0; WOW64) AppleWebKit/537.36 (KHTML, like Gecko) Chrome/47.0.2526.106 Safari/537.36', 'Content-Type': 'application/x-www-form-urlencoded;charset=utf-8', 'Content-Length': '207'}
DEBUG:gtts.tts:url-0: https://translate.google.com/_/TranslateWebserverUi/data/batchexecute
DEBUG:gtts.tts:status-0: 200
DEBUG:gtts.tts:part-0 written to <_io.BufferedWriter name='audio.mp3'>
DEBUG:gtts.tts:Saved to audio.mp3
DEBUG:gtts.tts:text: 11/25/2021 15:48:52
DEBUG:gtts.tts:tld: com
DEBUG:gtts.tts:lang: en-uk
DEBUG:gtts.tts:slow: False
DEBUG:gtts.tts:lang_check: True
DEBUG:gtts.tts:pre_processor_funcs: [<function tone_marks at 0x1095dd670>, <function end_of_line at 0x1095ddf70>, <function abbreviations at 0x10961a040>, <function word_sub at 0x10961a0d0>]
DEBUG:gtts.tts:tokenizer_func: <bound method Tokenizer.run of re.compile('(?<=\\?).|(?<=!).|(?<=？).|(?<=！).|(?<!\\.[a-z])\\. |(?<!\\.[a-z]), |(?<!\\d):|。|\\]|…|\\\n|\\[|、|，|،|—|¡|\\)|：|¿|\\(|;|‥', re.IGNORECASE) from: [<function tone_marks at 0x10961a1f0>, <function period_comma at 0x10961a280>, <function colon at 0x10961a310>, <function other_punctuation at 0x10961a3a0>]>
WARNING:gtts.lang:'en-uk' has been deprecated, falling back to 'en'. This fallback will be removed in a future version.
DEBUG:gtts.lang:langs: {'af': 'Afrikaans', 'ar': 'Arabic', 'bg': 'Bulgarian', 'bn': 'Bengali', 'bs': 'Bosnian', 'ca': 'Catalan', 'cs': 'Czech', 'cy': 'Welsh', 'da': 'Danish', 'de': 'German', 'el': 'Greek', 'en': 'English', 'eo': 'Esperanto', 'es': 'Spanish', 'et': 'Estonian', 'fi': 'Finnish', 'fr': 'French', 'gu': 'Gujarati', 'hi': 'Hindi', 'hr': 'Croatian', 'hu': 'Hungarian', 'hy': 'Armenian', 'id': 'Indonesian', 'is': 'Icelandic', 'it': 'Italian', 'ja': 'Japanese', 'jw': 'Javanese', 'km': 'Khmer', 'kn': 'Kannada', 'ko': 'Korean', 'la': 'Latin', 'lv': 'Latvian', 'mk': 'Macedonian', 'ml': 'Malayalam', 'mr': 'Marathi', 'my': 'Myanmar (Burmese)', 'ne': 'Nepali', 'nl': 'Dutch', 'no': 'Norwegian', 'pl': 'Polish', 'pt': 'Portuguese', 'ro': 'Romanian', 'ru': 'Russian', 'si': 'Sinhala', 'sk': 'Slovak', 'sq': 'Albanian', 'sr': 'Serbian', 'su': 'Sundanese', 'sv': 'Swedish', 'sw': 'Swahili', 'ta': 'Tamil', 'te': 'Telugu', 'th': 'Thai', 'tl': 'Filipino', 'tr': 'Turkish', 'uk': 'Ukrainian', 'ur': 'Urdu', 'vi': 'Vietnamese', 'zh-CN': 'Chinese', 'zh-TW': 'Chinese (Mandarin/Taiwan)', 'zh': 'Chinese (Mandarin)'}
DEBUG:gtts.tts:pre-processing: <function tone_marks at 0x1095dd670>
DEBUG:gtts.tts:pre-processing: <function end_of_line at 0x1095ddf70>
DEBUG:gtts.tts:pre-processing: <function abbreviations at 0x10961a040>
DEBUG:gtts.tts:pre-processing: <function word_sub at 0x10961a0d0>
DEBUG:gtts.tts:text_parts: ['11/25/2021 15:48:52']
DEBUG:gtts.tts:text_parts: 1
DEBUG:gtts.tts:data-0: f.req=%5B%5B%5B%22jQ1olc%22%2C%22%5B%5C%2211/25/2021%2015%3A48%3A52%5C%22%2C%5C%22en%5C%22%2Cnull%2C%5C%22null%5C%22%5D%22%2Cnull%2C%22generic%22%5D%5D%5D&
DEBUG:urllib3.connectionpool:Starting new HTTPS connection (1): translate.google.com:443
DEBUG:urllib3.connectionpool:https://translate.google.com:443 "POST /_/TranslateWebserverUi/data/batchexecute HTTP/1.1" 200 None
DEBUG:gtts.tts:headers-0: {'Referer': 'http://translate.google.com/', 'User-Agent': 'Mozilla/5.0 (Windows NT 10.0; WOW64) AppleWebKit/537.36 (KHTML, like Gecko) Chrome/47.0.2526.106 Safari/537.36', 'Content-Type': 'application/x-www-form-urlencoded;charset=utf-8', 'Content-Length': '155'}
DEBUG:gtts.tts:url-0: https://translate.google.com/_/TranslateWebserverUi/data/batchexecute
DEBUG:gtts.tts:status-0: 200
DEBUG:gtts.tts:part-0 written to <_io.BufferedWriter name='audio.mp3'>
DEBUG:gtts.tts:Saved to audio.mp3
DEBUG:gtts.tts:text: Bye Bye
DEBUG:gtts.tts:tld: com
DEBUG:gtts.tts:lang: en-uk
DEBUG:gtts.tts:slow: False
DEBUG:gtts.tts:lang_check: True
DEBUG:gtts.tts:pre_processor_funcs: [<function tone_marks at 0x1095dd670>, <function end_of_line at 0x1095ddf70>, <function abbreviations at 0x10961a040>, <function word_sub at 0x10961a0d0>]
DEBUG:gtts.tts:tokenizer_func: <bound method Tokenizer.run of re.compile('(?<=\\?).|(?<=!).|(?<=？).|(?<=！).|(?<!\\.[a-z])\\. |(?<!\\.[a-z]), |(?<!\\d):|。|\\]|…|\\\n|\\[|、|，|،|—|¡|\\)|：|¿|\\(|;|‥', re.IGNORECASE) from: [<function tone_marks at 0x10961a1f0>, <function period_comma at 0x10961a280>, <function colon at 0x10961a310>, <function other_punctuation at 0x10961a3a0>]>
WARNING:gtts.lang:'en-uk' has been deprecated, falling back to 'en'. This fallback will be removed in a future version.
DEBUG:gtts.lang:langs: {'af': 'Afrikaans', 'ar': 'Arabic', 'bg': 'Bulgarian', 'bn': 'Bengali', 'bs': 'Bosnian', 'ca': 'Catalan', 'cs': 'Czech', 'cy': 'Welsh', 'da': 'Danish', 'de': 'German', 'el': 'Greek', 'en': 'English', 'eo': 'Esperanto', 'es': 'Spanish', 'et': 'Estonian', 'fi': 'Finnish', 'fr': 'French', 'gu': 'Gujarati', 'hi': 'Hindi', 'hr': 'Croatian', 'hu': 'Hungarian', 'hy': 'Armenian', 'id': 'Indonesian', 'is': 'Icelandic', 'it': 'Italian', 'ja': 'Japanese', 'jw': 'Javanese', 'km': 'Khmer', 'kn': 'Kannada', 'ko': 'Korean', 'la': 'Latin', 'lv': 'Latvian', 'mk': 'Macedonian', 'ml': 'Malayalam', 'mr': 'Marathi', 'my': 'Myanmar (Burmese)', 'ne': 'Nepali', 'nl': 'Dutch', 'no': 'Norwegian', 'pl': 'Polish', 'pt': 'Portuguese', 'ro': 'Romanian', 'ru': 'Russian', 'si': 'Sinhala', 'sk': 'Slovak', 'sq': 'Albanian', 'sr': 'Serbian', 'su': 'Sundanese', 'sv': 'Swedish', 'sw': 'Swahili', 'ta': 'Tamil', 'te': 'Telugu', 'th': 'Thai', 'tl': 'Filipino', 'tr': 'Turkish', 'uk': 'Ukrainian', 'ur': 'Urdu', 'vi': 'Vietnamese', 'zh-CN': 'Chinese', 'zh-TW': 'Chinese (Mandarin/Taiwan)', 'zh': 'Chinese (Mandarin)'}
DEBUG:gtts.tts:pre-processing: <function tone_marks at 0x1095dd670>
DEBUG:gtts.tts:pre-processing: <function end_of_line at 0x1095ddf70>
DEBUG:gtts.tts:pre-processing: <function abbreviations at 0x10961a040>
DEBUG:gtts.tts:pre-processing: <function word_sub at 0x10961a0d0>
DEBUG:gtts.tts:text_parts: ['Bye Bye']
DEBUG:gtts.tts:text_parts: 1
DEBUG:gtts.tts:data-0: f.req=%5B%5B%5B%22jQ1olc%22%2C%22%5B%5C%22Bye%20Bye%5C%22%2C%5C%22en%5C%22%2Cnull%2C%5C%22null%5C%22%5D%22%2Cnull%2C%22generic%22%5D%5D%5D&
DEBUG:urllib3.connectionpool:Starting new HTTPS connection (1): translate.google.com:443
DEBUG:urllib3.connectionpool:https://translate.google.com:443 "POST /_/TranslateWebserverUi/data/batchexecute HTTP/1.1" 200 None
DEBUG:gtts.tts:headers-0: {'Referer': 'http://translate.google.com/', 'User-Agent': 'Mozilla/5.0 (Windows NT 10.0; WOW64) AppleWebKit/537.36 (KHTML, like Gecko) Chrome/47.0.2526.106 Safari/537.36', 'Content-Type': 'application/x-www-form-urlencoded;charset=utf-8', 'Content-Length': '139'}
DEBUG:gtts.tts:url-0: https://translate.google.com/_/TranslateWebserverUi/data/batchexecute
DEBUG:gtts.tts:status-0: 200
DEBUG:gtts.tts:part-0 written to <_io.BufferedWriter name='audio.mp3'>
DEBUG:gtts.tts:Saved to audio.mp3
DEBUG:gtts.tts:text: I D S Project 2 point O activated!
DEBUG:gtts.tts:tld: com
DEBUG:gtts.tts:lang: en-uk
DEBUG:gtts.tts:slow: False
DEBUG:gtts.tts:lang_check: True
DEBUG:gtts.tts:pre_processor_funcs: [<function tone_marks at 0x10f0a5670>, <function end_of_line at 0x10f0a5f70>, <function abbreviations at 0x10f0e2040>, <function word_sub at 0x10f0e20d0>]
DEBUG:gtts.tts:tokenizer_func: <bound method Tokenizer.run of re.compile('(?<=\\?).|(?<=!).|(?<=？).|(?<=！).|(?<!\\.[a-z])\\. |(?<!\\.[a-z]), |(?<!\\d):|\\[|¡|;|¿|、|，|…|،|。|\\\n|：|‥|\\)|\\(|\\]|—', re.IGNORECASE) from: [<function tone_marks at 0x10f0e21f0>, <function period_comma at 0x10f0e2280>, <function colon at 0x10f0e2310>, <function other_punctuation at 0x10f0e23a0>]>
WARNING:gtts.lang:'en-uk' has been deprecated, falling back to 'en'. This fallback will be removed in a future version.
DEBUG:gtts.lang:langs: {'af': 'Afrikaans', 'ar': 'Arabic', 'bg': 'Bulgarian', 'bn': 'Bengali', 'bs': 'Bosnian', 'ca': 'Catalan', 'cs': 'Czech', 'cy': 'Welsh', 'da': 'Danish', 'de': 'German', 'el': 'Greek', 'en': 'English', 'eo': 'Esperanto', 'es': 'Spanish', 'et': 'Estonian', 'fi': 'Finnish', 'fr': 'French', 'gu': 'Gujarati', 'hi': 'Hindi', 'hr': 'Croatian', 'hu': 'Hungarian', 'hy': 'Armenian', 'id': 'Indonesian', 'is': 'Icelandic', 'it': 'Italian', 'ja': 'Japanese', 'jw': 'Javanese', 'km': 'Khmer', 'kn': 'Kannada', 'ko': 'Korean', 'la': 'Latin', 'lv': 'Latvian', 'mk': 'Macedonian', 'ml': 'Malayalam', 'mr': 'Marathi', 'my': 'Myanmar (Burmese)', 'ne': 'Nepali', 'nl': 'Dutch', 'no': 'Norwegian', 'pl': 'Polish', 'pt': 'Portuguese', 'ro': 'Romanian', 'ru': 'Russian', 'si': 'Sinhala', 'sk': 'Slovak', 'sq': 'Albanian', 'sr': 'Serbian', 'su': 'Sundanese', 'sv': 'Swedish', 'sw': 'Swahili', 'ta': 'Tamil', 'te': 'Telugu', 'th': 'Thai', 'tl': 'Filipino', 'tr': 'Turkish', 'uk': 'Ukrainian', 'ur': 'Urdu', 'vi': 'Vietnamese', 'zh-CN': 'Chinese', 'zh-TW': 'Chinese (Mandarin/Taiwan)', 'zh': 'Chinese (Mandarin)'}
DEBUG:gtts.tts:pre-processing: <function tone_marks at 0x10f0a5670>
DEBUG:gtts.tts:pre-processing: <function end_of_line at 0x10f0a5f70>
DEBUG:gtts.tts:pre-processing: <function abbreviations at 0x10f0e2040>
DEBUG:gtts.tts:pre-processing: <function word_sub at 0x10f0e20d0>
DEBUG:gtts.tts:text_parts: ['I D S Project 2 point O activated!']
DEBUG:gtts.tts:text_parts: 1
DEBUG:gtts.tts:data-0: f.req=%5B%5B%5B%22jQ1olc%22%2C%22%5B%5C%22I%20D%20S%20Project%202%20point%20O%20activated%21%5C%22%2C%5C%22en%5C%22%2Cnull%2C%5C%22null%5C%22%5D%22%2Cnull%2C%22generic%22%5D%5D%5D&
DEBUG:urllib3.connectionpool:Starting new HTTPS connection (1): translate.google.com:443
DEBUG:urllib3.connectionpool:https://translate.google.com:443 "POST /_/TranslateWebserverUi/data/batchexecute HTTP/1.1" 200 None
DEBUG:gtts.tts:headers-0: {'Referer': 'http://translate.google.com/', 'User-Agent': 'Mozilla/5.0 (Windows NT 10.0; WOW64) AppleWebKit/537.36 (KHTML, like Gecko) Chrome/47.0.2526.106 Safari/537.36', 'Content-Type': 'application/x-www-form-urlencoded;charset=utf-8', 'Content-Length': '180'}
DEBUG:gtts.tts:url-0: https://translate.google.com/_/TranslateWebserverUi/data/batchexecute
DEBUG:gtts.tts:status-0: 200
DEBUG:gtts.tts:part-0 written to <_io.BufferedWriter name='audio.mp3'>
DEBUG:gtts.tts:Saved to audio.mp3
DEBUG:gtts.tts:text: I D S Project 2 point O activated!
DEBUG:gtts.tts:tld: com
DEBUG:gtts.tts:lang: en-uk
DEBUG:gtts.tts:slow: False
DEBUG:gtts.tts:lang_check: True
DEBUG:gtts.tts:pre_processor_funcs: [<function tone_marks at 0x108470670>, <function end_of_line at 0x108470f70>, <function abbreviations at 0x1084ad040>, <function word_sub at 0x1084ad0d0>]
DEBUG:gtts.tts:tokenizer_func: <bound method Tokenizer.run of re.compile('(?<=\\?).|(?<=!).|(?<=？).|(?<=！).|(?<!\\.[a-z])\\. |(?<!\\.[a-z]), |(?<!\\d):|\\[|\\]|…|\\)|‥|—|：|。|，|¿|¡|、|;|،|\\(|\\\n', re.IGNORECASE) from: [<function tone_marks at 0x1084ad1f0>, <function period_comma at 0x1084ad280>, <function colon at 0x1084ad310>, <function other_punctuation at 0x1084ad3a0>]>
WARNING:gtts.lang:'en-uk' has been deprecated, falling back to 'en'. This fallback will be removed in a future version.
DEBUG:gtts.lang:langs: {'af': 'Afrikaans', 'ar': 'Arabic', 'bg': 'Bulgarian', 'bn': 'Bengali', 'bs': 'Bosnian', 'ca': 'Catalan', 'cs': 'Czech', 'cy': 'Welsh', 'da': 'Danish', 'de': 'German', 'el': 'Greek', 'en': 'English', 'eo': 'Esperanto', 'es': 'Spanish', 'et': 'Estonian', 'fi': 'Finnish', 'fr': 'French', 'gu': 'Gujarati', 'hi': 'Hindi', 'hr': 'Croatian', 'hu': 'Hungarian', 'hy': 'Armenian', 'id': 'Indonesian', 'is': 'Icelandic', 'it': 'Italian', 'ja': 'Japanese', 'jw': 'Javanese', 'km': 'Khmer', 'kn': 'Kannada', 'ko': 'Korean', 'la': 'Latin', 'lv': 'Latvian', 'mk': 'Macedonian', 'ml': 'Malayalam', 'mr': 'Marathi', 'my': 'Myanmar (Burmese)', 'ne': 'Nepali', 'nl': 'Dutch', 'no': 'Norwegian', 'pl': 'Polish', 'pt': 'Portuguese', 'ro': 'Romanian', 'ru': 'Russian', 'si': 'Sinhala', 'sk': 'Slovak', 'sq': 'Albanian', 'sr': 'Serbian', 'su': 'Sundanese', 'sv': 'Swedish', 'sw': 'Swahili', 'ta': 'Tamil', 'te': 'Telugu', 'th': 'Thai', 'tl': 'Filipino', 'tr': 'Turkish', 'uk': 'Ukrainian', 'ur': 'Urdu', 'vi': 'Vietnamese', 'zh-CN': 'Chinese', 'zh-TW': 'Chinese (Mandarin/Taiwan)', 'zh': 'Chinese (Mandarin)'}
DEBUG:gtts.tts:pre-processing: <function tone_marks at 0x108470670>
DEBUG:gtts.tts:pre-processing: <function end_of_line at 0x108470f70>
DEBUG:gtts.tts:pre-processing: <function abbreviations at 0x1084ad040>
DEBUG:gtts.tts:pre-processing: <function word_sub at 0x1084ad0d0>
DEBUG:gtts.tts:text_parts: ['I D S Project 2 point O activated!']
DEBUG:gtts.tts:text_parts: 1
DEBUG:gtts.tts:data-0: f.req=%5B%5B%5B%22jQ1olc%22%2C%22%5B%5C%22I%20D%20S%20Project%202%20point%20O%20activated%21%5C%22%2C%5C%22en%5C%22%2Cnull%2C%5C%22null%5C%22%5D%22%2Cnull%2C%22generic%22%5D%5D%5D&
DEBUG:urllib3.connectionpool:Starting new HTTPS connection (1): translate.google.com:443
DEBUG:urllib3.connectionpool:https://translate.google.com:443 "POST /_/TranslateWebserverUi/data/batchexecute HTTP/1.1" 200 None
DEBUG:gtts.tts:headers-0: {'Referer': 'http://translate.google.com/', 'User-Agent': 'Mozilla/5.0 (Windows NT 10.0; WOW64) AppleWebKit/537.36 (KHTML, like Gecko) Chrome/47.0.2526.106 Safari/537.36', 'Content-Type': 'application/x-www-form-urlencoded;charset=utf-8', 'Content-Length': '180'}
DEBUG:gtts.tts:url-0: https://translate.google.com/_/TranslateWebserverUi/data/batchexecute
DEBUG:gtts.tts:status-0: 200
DEBUG:gtts.tts:part-0 written to <_io.BufferedWriter name='audio.mp3'>
DEBUG:gtts.tts:Saved to audio.mp3
DEBUG:gtts.tts:text: I D S Project 2 point O activated!
DEBUG:gtts.tts:tld: com
DEBUG:gtts.tts:lang: en-uk
DEBUG:gtts.tts:slow: False
DEBUG:gtts.tts:lang_check: True
DEBUG:gtts.tts:pre_processor_funcs: [<function tone_marks at 0x104b82670>, <function end_of_line at 0x104b82f70>, <function abbreviations at 0x104bbf040>, <function word_sub at 0x104bbf0d0>]
DEBUG:gtts.tts:tokenizer_func: <bound method Tokenizer.run of re.compile('(?<=\\?).|(?<=!).|(?<=？).|(?<=！).|(?<!\\.[a-z])\\. |(?<!\\.[a-z]), |(?<!\\d):|¡|\\\n|\\]|，|‥|：|،|。|—|…|;|\\(|¿|\\[|\\)|、', re.IGNORECASE) from: [<function tone_marks at 0x104bbf1f0>, <function period_comma at 0x104bbf280>, <function colon at 0x104bbf310>, <function other_punctuation at 0x104bbf3a0>]>
WARNING:gtts.lang:'en-uk' has been deprecated, falling back to 'en'. This fallback will be removed in a future version.
DEBUG:gtts.lang:langs: {'af': 'Afrikaans', 'ar': 'Arabic', 'bg': 'Bulgarian', 'bn': 'Bengali', 'bs': 'Bosnian', 'ca': 'Catalan', 'cs': 'Czech', 'cy': 'Welsh', 'da': 'Danish', 'de': 'German', 'el': 'Greek', 'en': 'English', 'eo': 'Esperanto', 'es': 'Spanish', 'et': 'Estonian', 'fi': 'Finnish', 'fr': 'French', 'gu': 'Gujarati', 'hi': 'Hindi', 'hr': 'Croatian', 'hu': 'Hungarian', 'hy': 'Armenian', 'id': 'Indonesian', 'is': 'Icelandic', 'it': 'Italian', 'ja': 'Japanese', 'jw': 'Javanese', 'km': 'Khmer', 'kn': 'Kannada', 'ko': 'Korean', 'la': 'Latin', 'lv': 'Latvian', 'mk': 'Macedonian', 'ml': 'Malayalam', 'mr': 'Marathi', 'my': 'Myanmar (Burmese)', 'ne': 'Nepali', 'nl': 'Dutch', 'no': 'Norwegian', 'pl': 'Polish', 'pt': 'Portuguese', 'ro': 'Romanian', 'ru': 'Russian', 'si': 'Sinhala', 'sk': 'Slovak', 'sq': 'Albanian', 'sr': 'Serbian', 'su': 'Sundanese', 'sv': 'Swedish', 'sw': 'Swahili', 'ta': 'Tamil', 'te': 'Telugu', 'th': 'Thai', 'tl': 'Filipino', 'tr': 'Turkish', 'uk': 'Ukrainian', 'ur': 'Urdu', 'vi': 'Vietnamese', 'zh-CN': 'Chinese', 'zh-TW': 'Chinese (Mandarin/Taiwan)', 'zh': 'Chinese (Mandarin)'}
DEBUG:gtts.tts:pre-processing: <function tone_marks at 0x104b82670>
DEBUG:gtts.tts:pre-processing: <function end_of_line at 0x104b82f70>
DEBUG:gtts.tts:pre-processing: <function abbreviations at 0x104bbf040>
DEBUG:gtts.tts:pre-processing: <function word_sub at 0x104bbf0d0>
DEBUG:gtts.tts:text_parts: ['I D S Project 2 point O activated!']
DEBUG:gtts.tts:text_parts: 1
DEBUG:gtts.tts:data-0: f.req=%5B%5B%5B%22jQ1olc%22%2C%22%5B%5C%22I%20D%20S%20Project%202%20point%20O%20activated%21%5C%22%2C%5C%22en%5C%22%2Cnull%2C%5C%22null%5C%22%5D%22%2Cnull%2C%22generic%22%5D%5D%5D&
DEBUG:urllib3.connectionpool:Starting new HTTPS connection (1): translate.google.com:443
DEBUG:urllib3.connectionpool:https://translate.google.com:443 "POST /_/TranslateWebserverUi/data/batchexecute HTTP/1.1" 200 None
DEBUG:gtts.tts:headers-0: {'Referer': 'http://translate.google.com/', 'User-Agent': 'Mozilla/5.0 (Windows NT 10.0; WOW64) AppleWebKit/537.36 (KHTML, like Gecko) Chrome/47.0.2526.106 Safari/537.36', 'Content-Type': 'application/x-www-form-urlencoded;charset=utf-8', 'Content-Length': '180'}
DEBUG:gtts.tts:url-0: https://translate.google.com/_/TranslateWebserverUi/data/batchexecute
DEBUG:gtts.tts:status-0: 200
DEBUG:gtts.tts:part-0 written to <_io.BufferedWriter name='audio.mp3'>
DEBUG:gtts.tts:Saved to audio.mp3
DEBUG:gtts.tts:text: Bye Bye
DEBUG:gtts.tts:tld: com
DEBUG:gtts.tts:lang: en-uk
DEBUG:gtts.tts:slow: False
DEBUG:gtts.tts:lang_check: True
DEBUG:gtts.tts:pre_processor_funcs: [<function tone_marks at 0x104b82670>, <function end_of_line at 0x104b82f70>, <function abbreviations at 0x104bbf040>, <function word_sub at 0x104bbf0d0>]
DEBUG:gtts.tts:tokenizer_func: <bound method Tokenizer.run of re.compile('(?<=\\?).|(?<=!).|(?<=？).|(?<=！).|(?<!\\.[a-z])\\. |(?<!\\.[a-z]), |(?<!\\d):|¡|\\\n|\\]|，|‥|：|،|。|—|…|;|\\(|¿|\\[|\\)|、', re.IGNORECASE) from: [<function tone_marks at 0x104bbf1f0>, <function period_comma at 0x104bbf280>, <function colon at 0x104bbf310>, <function other_punctuation at 0x104bbf3a0>]>
WARNING:gtts.lang:'en-uk' has been deprecated, falling back to 'en'. This fallback will be removed in a future version.
DEBUG:gtts.lang:langs: {'af': 'Afrikaans', 'ar': 'Arabic', 'bg': 'Bulgarian', 'bn': 'Bengali', 'bs': 'Bosnian', 'ca': 'Catalan', 'cs': 'Czech', 'cy': 'Welsh', 'da': 'Danish', 'de': 'German', 'el': 'Greek', 'en': 'English', 'eo': 'Esperanto', 'es': 'Spanish', 'et': 'Estonian', 'fi': 'Finnish', 'fr': 'French', 'gu': 'Gujarati', 'hi': 'Hindi', 'hr': 'Croatian', 'hu': 'Hungarian', 'hy': 'Armenian', 'id': 'Indonesian', 'is': 'Icelandic', 'it': 'Italian', 'ja': 'Japanese', 'jw': 'Javanese', 'km': 'Khmer', 'kn': 'Kannada', 'ko': 'Korean', 'la': 'Latin', 'lv': 'Latvian', 'mk': 'Macedonian', 'ml': 'Malayalam', 'mr': 'Marathi', 'my': 'Myanmar (Burmese)', 'ne': 'Nepali', 'nl': 'Dutch', 'no': 'Norwegian', 'pl': 'Polish', 'pt': 'Portuguese', 'ro': 'Romanian', 'ru': 'Russian', 'si': 'Sinhala', 'sk': 'Slovak', 'sq': 'Albanian', 'sr': 'Serbian', 'su': 'Sundanese', 'sv': 'Swedish', 'sw': 'Swahili', 'ta': 'Tamil', 'te': 'Telugu', 'th': 'Thai', 'tl': 'Filipino', 'tr': 'Turkish', 'uk': 'Ukrainian', 'ur': 'Urdu', 'vi': 'Vietnamese', 'zh-CN': 'Chinese', 'zh-TW': 'Chinese (Mandarin/Taiwan)', 'zh': 'Chinese (Mandarin)'}
DEBUG:gtts.tts:pre-processing: <function tone_marks at 0x104b82670>
DEBUG:gtts.tts:pre-processing: <function end_of_line at 0x104b82f70>
DEBUG:gtts.tts:pre-processing: <function abbreviations at 0x104bbf040>
DEBUG:gtts.tts:pre-processing: <function word_sub at 0x104bbf0d0>
DEBUG:gtts.tts:text_parts: ['Bye Bye']
DEBUG:gtts.tts:text_parts: 1
DEBUG:gtts.tts:data-0: f.req=%5B%5B%5B%22jQ1olc%22%2C%22%5B%5C%22Bye%20Bye%5C%22%2C%5C%22en%5C%22%2Cnull%2C%5C%22null%5C%22%5D%22%2Cnull%2C%22generic%22%5D%5D%5D&
DEBUG:urllib3.connectionpool:Starting new HTTPS connection (1): translate.google.com:443
DEBUG:urllib3.connectionpool:https://translate.google.com:443 "POST /_/TranslateWebserverUi/data/batchexecute HTTP/1.1" 200 None
DEBUG:gtts.tts:headers-0: {'Referer': 'http://translate.google.com/', 'User-Agent': 'Mozilla/5.0 (Windows NT 10.0; WOW64) AppleWebKit/537.36 (KHTML, like Gecko) Chrome/47.0.2526.106 Safari/537.36', 'Content-Type': 'application/x-www-form-urlencoded;charset=utf-8', 'Content-Length': '139'}
DEBUG:gtts.tts:url-0: https://translate.google.com/_/TranslateWebserverUi/data/batchexecute
DEBUG:gtts.tts:status-0: 200
DEBUG:gtts.tts:part-0 written to <_io.BufferedWriter name='audio.mp3'>
DEBUG:gtts.tts:Saved to audio.mp3
DEBUG:gtts.tts:text: I D S Project 2 point O activated!
DEBUG:gtts.tts:tld: com
DEBUG:gtts.tts:lang: en-uk
DEBUG:gtts.tts:slow: False
DEBUG:gtts.tts:lang_check: True
DEBUG:gtts.tts:pre_processor_funcs: [<function tone_marks at 0x1097dd670>, <function end_of_line at 0x1097ddf70>, <function abbreviations at 0x10981a040>, <function word_sub at 0x10981a0d0>]
DEBUG:gtts.tts:tokenizer_func: <bound method Tokenizer.run of re.compile('(?<=\\?).|(?<=!).|(?<=？).|(?<=！).|(?<!\\.[a-z])\\. |(?<!\\.[a-z]), |(?<!\\d):|\\(|。|\\\n|\\]|،|¡|\\[|;|—|‥|、|\\)|¿|，|：|…', re.IGNORECASE) from: [<function tone_marks at 0x10981a1f0>, <function period_comma at 0x10981a280>, <function colon at 0x10981a310>, <function other_punctuation at 0x10981a3a0>]>
WARNING:gtts.lang:'en-uk' has been deprecated, falling back to 'en'. This fallback will be removed in a future version.
DEBUG:gtts.lang:langs: {'af': 'Afrikaans', 'ar': 'Arabic', 'bg': 'Bulgarian', 'bn': 'Bengali', 'bs': 'Bosnian', 'ca': 'Catalan', 'cs': 'Czech', 'cy': 'Welsh', 'da': 'Danish', 'de': 'German', 'el': 'Greek', 'en': 'English', 'eo': 'Esperanto', 'es': 'Spanish', 'et': 'Estonian', 'fi': 'Finnish', 'fr': 'French', 'gu': 'Gujarati', 'hi': 'Hindi', 'hr': 'Croatian', 'hu': 'Hungarian', 'hy': 'Armenian', 'id': 'Indonesian', 'is': 'Icelandic', 'it': 'Italian', 'ja': 'Japanese', 'jw': 'Javanese', 'km': 'Khmer', 'kn': 'Kannada', 'ko': 'Korean', 'la': 'Latin', 'lv': 'Latvian', 'mk': 'Macedonian', 'ml': 'Malayalam', 'mr': 'Marathi', 'my': 'Myanmar (Burmese)', 'ne': 'Nepali', 'nl': 'Dutch', 'no': 'Norwegian', 'pl': 'Polish', 'pt': 'Portuguese', 'ro': 'Romanian', 'ru': 'Russian', 'si': 'Sinhala', 'sk': 'Slovak', 'sq': 'Albanian', 'sr': 'Serbian', 'su': 'Sundanese', 'sv': 'Swedish', 'sw': 'Swahili', 'ta': 'Tamil', 'te': 'Telugu', 'th': 'Thai', 'tl': 'Filipino', 'tr': 'Turkish', 'uk': 'Ukrainian', 'ur': 'Urdu', 'vi': 'Vietnamese', 'zh-CN': 'Chinese', 'zh-TW': 'Chinese (Mandarin/Taiwan)', 'zh': 'Chinese (Mandarin)'}
DEBUG:gtts.tts:pre-processing: <function tone_marks at 0x1097dd670>
DEBUG:gtts.tts:pre-processing: <function end_of_line at 0x1097ddf70>
DEBUG:gtts.tts:pre-processing: <function abbreviations at 0x10981a040>
DEBUG:gtts.tts:pre-processing: <function word_sub at 0x10981a0d0>
DEBUG:gtts.tts:text_parts: ['I D S Project 2 point O activated!']
DEBUG:gtts.tts:text_parts: 1
DEBUG:gtts.tts:data-0: f.req=%5B%5B%5B%22jQ1olc%22%2C%22%5B%5C%22I%20D%20S%20Project%202%20point%20O%20activated%21%5C%22%2C%5C%22en%5C%22%2Cnull%2C%5C%22null%5C%22%5D%22%2Cnull%2C%22generic%22%5D%5D%5D&
DEBUG:urllib3.connectionpool:Starting new HTTPS connection (1): translate.google.com:443
DEBUG:urllib3.connectionpool:https://translate.google.com:443 "POST /_/TranslateWebserverUi/data/batchexecute HTTP/1.1" 200 None
DEBUG:gtts.tts:headers-0: {'Referer': 'http://translate.google.com/', 'User-Agent': 'Mozilla/5.0 (Windows NT 10.0; WOW64) AppleWebKit/537.36 (KHTML, like Gecko) Chrome/47.0.2526.106 Safari/537.36', 'Content-Type': 'application/x-www-form-urlencoded;charset=utf-8', 'Content-Length': '180'}
DEBUG:gtts.tts:url-0: https://translate.google.com/_/TranslateWebserverUi/data/batchexecute
DEBUG:gtts.tts:status-0: 200
DEBUG:gtts.tts:part-0 written to <_io.BufferedWriter name='audio.mp3'>
DEBUG:gtts.tts:Saved to audio.mp3
DEBUG:urllib3.connectionpool:Starting new HTTP connection (1): api.openweathermap.org:80
DEBUG:urllib3.connectionpool:http://api.openweathermap.org:80 "GET /data/2.5/weather?q=%20copenhagen&appid=6149d074888b082134996aa4787a069a&units=metric HTTP/1.1" 200 470
DEBUG:gtts.tts:text: It is 6 degree celcius in  copenhagen
DEBUG:gtts.tts:tld: com
DEBUG:gtts.tts:lang: en-uk
DEBUG:gtts.tts:slow: False
DEBUG:gtts.tts:lang_check: True
DEBUG:gtts.tts:pre_processor_funcs: [<function tone_marks at 0x1097dd670>, <function end_of_line at 0x1097ddf70>, <function abbreviations at 0x10981a040>, <function word_sub at 0x10981a0d0>]
DEBUG:gtts.tts:tokenizer_func: <bound method Tokenizer.run of re.compile('(?<=\\?).|(?<=!).|(?<=？).|(?<=！).|(?<!\\.[a-z])\\. |(?<!\\.[a-z]), |(?<!\\d):|\\(|。|\\\n|\\]|،|¡|\\[|;|—|‥|、|\\)|¿|，|：|…', re.IGNORECASE) from: [<function tone_marks at 0x10981a1f0>, <function period_comma at 0x10981a280>, <function colon at 0x10981a310>, <function other_punctuation at 0x10981a3a0>]>
WARNING:gtts.lang:'en-uk' has been deprecated, falling back to 'en'. This fallback will be removed in a future version.
DEBUG:gtts.lang:langs: {'af': 'Afrikaans', 'ar': 'Arabic', 'bg': 'Bulgarian', 'bn': 'Bengali', 'bs': 'Bosnian', 'ca': 'Catalan', 'cs': 'Czech', 'cy': 'Welsh', 'da': 'Danish', 'de': 'German', 'el': 'Greek', 'en': 'English', 'eo': 'Esperanto', 'es': 'Spanish', 'et': 'Estonian', 'fi': 'Finnish', 'fr': 'French', 'gu': 'Gujarati', 'hi': 'Hindi', 'hr': 'Croatian', 'hu': 'Hungarian', 'hy': 'Armenian', 'id': 'Indonesian', 'is': 'Icelandic', 'it': 'Italian', 'ja': 'Japanese', 'jw': 'Javanese', 'km': 'Khmer', 'kn': 'Kannada', 'ko': 'Korean', 'la': 'Latin', 'lv': 'Latvian', 'mk': 'Macedonian', 'ml': 'Malayalam', 'mr': 'Marathi', 'my': 'Myanmar (Burmese)', 'ne': 'Nepali', 'nl': 'Dutch', 'no': 'Norwegian', 'pl': 'Polish', 'pt': 'Portuguese', 'ro': 'Romanian', 'ru': 'Russian', 'si': 'Sinhala', 'sk': 'Slovak', 'sq': 'Albanian', 'sr': 'Serbian', 'su': 'Sundanese', 'sv': 'Swedish', 'sw': 'Swahili', 'ta': 'Tamil', 'te': 'Telugu', 'th': 'Thai', 'tl': 'Filipino', 'tr': 'Turkish', 'uk': 'Ukrainian', 'ur': 'Urdu', 'vi': 'Vietnamese', 'zh-CN': 'Chinese', 'zh-TW': 'Chinese (Mandarin/Taiwan)', 'zh': 'Chinese (Mandarin)'}
DEBUG:gtts.tts:pre-processing: <function tone_marks at 0x1097dd670>
DEBUG:gtts.tts:pre-processing: <function end_of_line at 0x1097ddf70>
DEBUG:gtts.tts:pre-processing: <function abbreviations at 0x10981a040>
DEBUG:gtts.tts:pre-processing: <function word_sub at 0x10981a0d0>
DEBUG:gtts.tts:text_parts: ['It is 6 degree celcius in  copenhagen']
DEBUG:gtts.tts:text_parts: 1
DEBUG:gtts.tts:data-0: f.req=%5B%5B%5B%22jQ1olc%22%2C%22%5B%5C%22It%20is%206%20degree%20celcius%20in%20%20copenhagen%5C%22%2C%5C%22en%5C%22%2Cnull%2C%5C%22null%5C%22%5D%22%2Cnull%2C%22generic%22%5D%5D%5D&
DEBUG:urllib3.connectionpool:Starting new HTTPS connection (1): translate.google.com:443
DEBUG:urllib3.connectionpool:https://translate.google.com:443 "POST /_/TranslateWebserverUi/data/batchexecute HTTP/1.1" 200 None
DEBUG:gtts.tts:headers-0: {'Referer': 'http://translate.google.com/', 'User-Agent': 'Mozilla/5.0 (Windows NT 10.0; WOW64) AppleWebKit/537.36 (KHTML, like Gecko) Chrome/47.0.2526.106 Safari/537.36', 'Content-Type': 'application/x-www-form-urlencoded;charset=utf-8', 'Content-Length': '181'}
DEBUG:gtts.tts:url-0: https://translate.google.com/_/TranslateWebserverUi/data/batchexecute
DEBUG:gtts.tts:status-0: 200
DEBUG:gtts.tts:part-0 written to <_io.BufferedWriter name='audio.mp3'>
DEBUG:gtts.tts:Saved to audio.mp3
DEBUG:gtts.tts:text: I D S Project 2 point O activated!
DEBUG:gtts.tts:tld: com
DEBUG:gtts.tts:lang: en-uk
DEBUG:gtts.tts:slow: False
DEBUG:gtts.tts:lang_check: True
DEBUG:gtts.tts:pre_processor_funcs: [<function tone_marks at 0x106082670>, <function end_of_line at 0x106082f70>, <function abbreviations at 0x1060bf040>, <function word_sub at 0x1060bf0d0>]
DEBUG:gtts.tts:tokenizer_func: <bound method Tokenizer.run of re.compile('(?<=\\?).|(?<=!).|(?<=？).|(?<=！).|(?<!\\.[a-z])\\. |(?<!\\.[a-z]), |(?<!\\d):|;|،|\\(|…|—|¡|\\]|：|\\)|¿|\\[|。|，|\\\n|、|‥', re.IGNORECASE) from: [<function tone_marks at 0x1060bf1f0>, <function period_comma at 0x1060bf280>, <function colon at 0x1060bf310>, <function other_punctuation at 0x1060bf3a0>]>
WARNING:gtts.lang:'en-uk' has been deprecated, falling back to 'en'. This fallback will be removed in a future version.
DEBUG:gtts.lang:langs: {'af': 'Afrikaans', 'ar': 'Arabic', 'bg': 'Bulgarian', 'bn': 'Bengali', 'bs': 'Bosnian', 'ca': 'Catalan', 'cs': 'Czech', 'cy': 'Welsh', 'da': 'Danish', 'de': 'German', 'el': 'Greek', 'en': 'English', 'eo': 'Esperanto', 'es': 'Spanish', 'et': 'Estonian', 'fi': 'Finnish', 'fr': 'French', 'gu': 'Gujarati', 'hi': 'Hindi', 'hr': 'Croatian', 'hu': 'Hungarian', 'hy': 'Armenian', 'id': 'Indonesian', 'is': 'Icelandic', 'it': 'Italian', 'ja': 'Japanese', 'jw': 'Javanese', 'km': 'Khmer', 'kn': 'Kannada', 'ko': 'Korean', 'la': 'Latin', 'lv': 'Latvian', 'mk': 'Macedonian', 'ml': 'Malayalam', 'mr': 'Marathi', 'my': 'Myanmar (Burmese)', 'ne': 'Nepali', 'nl': 'Dutch', 'no': 'Norwegian', 'pl': 'Polish', 'pt': 'Portuguese', 'ro': 'Romanian', 'ru': 'Russian', 'si': 'Sinhala', 'sk': 'Slovak', 'sq': 'Albanian', 'sr': 'Serbian', 'su': 'Sundanese', 'sv': 'Swedish', 'sw': 'Swahili', 'ta': 'Tamil', 'te': 'Telugu', 'th': 'Thai', 'tl': 'Filipino', 'tr': 'Turkish', 'uk': 'Ukrainian', 'ur': 'Urdu', 'vi': 'Vietnamese', 'zh-CN': 'Chinese', 'zh-TW': 'Chinese (Mandarin/Taiwan)', 'zh': 'Chinese (Mandarin)'}
DEBUG:gtts.tts:pre-processing: <function tone_marks at 0x106082670>
DEBUG:gtts.tts:pre-processing: <function end_of_line at 0x106082f70>
DEBUG:gtts.tts:pre-processing: <function abbreviations at 0x1060bf040>
DEBUG:gtts.tts:pre-processing: <function word_sub at 0x1060bf0d0>
DEBUG:gtts.tts:text_parts: ['I D S Project 2 point O activated!']
DEBUG:gtts.tts:text_parts: 1
DEBUG:gtts.tts:data-0: f.req=%5B%5B%5B%22jQ1olc%22%2C%22%5B%5C%22I%20D%20S%20Project%202%20point%20O%20activated%21%5C%22%2C%5C%22en%5C%22%2Cnull%2C%5C%22null%5C%22%5D%22%2Cnull%2C%22generic%22%5D%5D%5D&
DEBUG:urllib3.connectionpool:Starting new HTTPS connection (1): translate.google.com:443
DEBUG:urllib3.connectionpool:https://translate.google.com:443 "POST /_/TranslateWebserverUi/data/batchexecute HTTP/1.1" 200 None
DEBUG:gtts.tts:headers-0: {'Referer': 'http://translate.google.com/', 'User-Agent': 'Mozilla/5.0 (Windows NT 10.0; WOW64) AppleWebKit/537.36 (KHTML, like Gecko) Chrome/47.0.2526.106 Safari/537.36', 'Content-Type': 'application/x-www-form-urlencoded;charset=utf-8', 'Content-Length': '180'}
DEBUG:gtts.tts:url-0: https://translate.google.com/_/TranslateWebserverUi/data/batchexecute
DEBUG:gtts.tts:status-0: 200
DEBUG:gtts.tts:part-0 written to <_io.BufferedWriter name='audio.mp3'>
DEBUG:gtts.tts:Saved to audio.mp3
DEBUG:urllib3.connectionpool:Starting new HTTP connection (1): api.openweathermap.org:80
DEBUG:urllib3.connectionpool:http://api.openweathermap.org:80 "GET /data/2.5/weather?q=%20roskilde&appid=6149d074888b082134996aa4787a069a&units=metric HTTP/1.1" 200 466
DEBUG:gtts.tts:text: It is 6 degree celcius in  roskilde
DEBUG:gtts.tts:tld: com
DEBUG:gtts.tts:lang: en-uk
DEBUG:gtts.tts:slow: False
DEBUG:gtts.tts:lang_check: True
DEBUG:gtts.tts:pre_processor_funcs: [<function tone_marks at 0x106082670>, <function end_of_line at 0x106082f70>, <function abbreviations at 0x1060bf040>, <function word_sub at 0x1060bf0d0>]
DEBUG:gtts.tts:tokenizer_func: <bound method Tokenizer.run of re.compile('(?<=\\?).|(?<=!).|(?<=？).|(?<=！).|(?<!\\.[a-z])\\. |(?<!\\.[a-z]), |(?<!\\d):|;|،|\\(|…|—|¡|\\]|：|\\)|¿|\\[|。|，|\\\n|、|‥', re.IGNORECASE) from: [<function tone_marks at 0x1060bf1f0>, <function period_comma at 0x1060bf280>, <function colon at 0x1060bf310>, <function other_punctuation at 0x1060bf3a0>]>
WARNING:gtts.lang:'en-uk' has been deprecated, falling back to 'en'. This fallback will be removed in a future version.
DEBUG:gtts.lang:langs: {'af': 'Afrikaans', 'ar': 'Arabic', 'bg': 'Bulgarian', 'bn': 'Bengali', 'bs': 'Bosnian', 'ca': 'Catalan', 'cs': 'Czech', 'cy': 'Welsh', 'da': 'Danish', 'de': 'German', 'el': 'Greek', 'en': 'English', 'eo': 'Esperanto', 'es': 'Spanish', 'et': 'Estonian', 'fi': 'Finnish', 'fr': 'French', 'gu': 'Gujarati', 'hi': 'Hindi', 'hr': 'Croatian', 'hu': 'Hungarian', 'hy': 'Armenian', 'id': 'Indonesian', 'is': 'Icelandic', 'it': 'Italian', 'ja': 'Japanese', 'jw': 'Javanese', 'km': 'Khmer', 'kn': 'Kannada', 'ko': 'Korean', 'la': 'Latin', 'lv': 'Latvian', 'mk': 'Macedonian', 'ml': 'Malayalam', 'mr': 'Marathi', 'my': 'Myanmar (Burmese)', 'ne': 'Nepali', 'nl': 'Dutch', 'no': 'Norwegian', 'pl': 'Polish', 'pt': 'Portuguese', 'ro': 'Romanian', 'ru': 'Russian', 'si': 'Sinhala', 'sk': 'Slovak', 'sq': 'Albanian', 'sr': 'Serbian', 'su': 'Sundanese', 'sv': 'Swedish', 'sw': 'Swahili', 'ta': 'Tamil', 'te': 'Telugu', 'th': 'Thai', 'tl': 'Filipino', 'tr': 'Turkish', 'uk': 'Ukrainian', 'ur': 'Urdu', 'vi': 'Vietnamese', 'zh-CN': 'Chinese', 'zh-TW': 'Chinese (Mandarin/Taiwan)', 'zh': 'Chinese (Mandarin)'}
DEBUG:gtts.tts:pre-processing: <function tone_marks at 0x106082670>
DEBUG:gtts.tts:pre-processing: <function end_of_line at 0x106082f70>
DEBUG:gtts.tts:pre-processing: <function abbreviations at 0x1060bf040>
DEBUG:gtts.tts:pre-processing: <function word_sub at 0x1060bf0d0>
DEBUG:gtts.tts:text_parts: ['It is 6 degree celcius in  roskilde']
DEBUG:gtts.tts:text_parts: 1
DEBUG:gtts.tts:data-0: f.req=%5B%5B%5B%22jQ1olc%22%2C%22%5B%5C%22It%20is%206%20degree%20celcius%20in%20%20roskilde%5C%22%2C%5C%22en%5C%22%2Cnull%2C%5C%22null%5C%22%5D%22%2Cnull%2C%22generic%22%5D%5D%5D&
DEBUG:urllib3.connectionpool:Starting new HTTPS connection (1): translate.google.com:443
DEBUG:urllib3.connectionpool:https://translate.google.com:443 "POST /_/TranslateWebserverUi/data/batchexecute HTTP/1.1" 200 None
DEBUG:gtts.tts:headers-0: {'Referer': 'http://translate.google.com/', 'User-Agent': 'Mozilla/5.0 (Windows NT 10.0; WOW64) AppleWebKit/537.36 (KHTML, like Gecko) Chrome/47.0.2526.106 Safari/537.36', 'Content-Type': 'application/x-www-form-urlencoded;charset=utf-8', 'Content-Length': '179'}
DEBUG:gtts.tts:url-0: https://translate.google.com/_/TranslateWebserverUi/data/batchexecute
DEBUG:gtts.tts:status-0: 200
DEBUG:gtts.tts:part-0 written to <_io.BufferedWriter name='audio.mp3'>
DEBUG:gtts.tts:Saved to audio.mp3
